#
# A fatal error has been detected by the Java Runtime Environment:
#
#  EXCEPTION_UNCAUGHT_CXX_EXCEPTION (0xe06d7363) at pc=0x000007fd7d4b811c, pid=1344, tid=7520
#
# JRE version: 7.0_17-b02
# Java VM: Java HotSpot(TM) 64-Bit Server VM (23.7-b01 mixed mode windows-amd64 compressed oops)
# Problematic frame:
# C  [KERNELBASE.dll+0x3811c]  RaiseException+0x68
#
# Failed to write core dump. Minidumps are not enabled by default on client versions of Windows
#
# If you would like to submit a bug report, please visit:
#   http://bugreport.sun.com/bugreport/crash.jsp
# The crash happened outside the Java Virtual Machine in native code.
# See problematic frame for where to report the bug.
#

---------------  T H R E A D  ---------------

Current thread (0x0000000001d10800):  JavaThread "main" [_thread_in_native, id=7520, stack(0x0000000001bf0000,0x0000000001cf0000)]

siginfo: ExceptionCode=0xe06d7363, ExceptionInformation=0x0000000019930520 0x0000000001ceec20 0x000000005454a4a0 0x00000000544e0000 

Registers:
RAX=0x8f48000000000000, RBX=0x0000000001cee4a0, RCX=0x8f50000000000000, RDX=0xc5e0000000000000
RSP=0x0000000001cec570, RBP=0x0000000001cecc10, RSI=0x0000000001ceead0, RDI=0x0000000001ced3c0
R8 =0x0000000000000000, R9 =0x000000007db415b0, R10=0x0000000000000000, R11=0x0000000000000000
R12=0x0000000001ceda18, R13=0x0000000000000000, R14=0x0000000001cec6c0, R15=0x000007fd64398980
RIP=0x000007fd7d4b811c, EFLAGS=0x0000000000000206

Top of Stack: (sp=0x0000000001cec570)
0x0000000001cec570:   443a2d7c00000000 0000000001cee4a0
0x0000000001cec580:   0000000001ceead0 0000000001ced3c0
0x0000000001cec590:   00000001e06d7363 0000000000000000
0x0000000001cec5a0:   000007fd7d4b811c 0000000000000004
0x0000000001cec5b0:   0000000019930520 0000000001ceec20
0x0000000001cec5c0:   000000005454a4a0 00000000544e0000
0x0000000001cec5d0:   0000000001ceecb0 000007fd643989c0
0x0000000001cec5e0:   0000000000000000 0000000054f920b6
0x0000000001cec5f0:   0000000001ced3c0 442192eb00000000
0x0000000001cec600:   444004c000000000 0000000001cecc10
0x0000000001cec610:   0000000001ced3c0 0000000054f920d7
0x0000000001cec620:   0000000001cee4a0 0000000001ceecb0
0x0000000001cec630:   00006b66d9ea6033 44352db97d9ffb68
0x0000000001cec640:   0000000001cee4a0 0000000054fd032a
0x0000000001cec650:   000007fd64398980 0000000001ceda18
0x0000000001cec660:   445cff0f00000100 443f8fbf00000000 

Instructions: (pc=0x000007fd7d4b811c)
0x000007fd7d4b80fc:   44 3b c0 44 0f 47 c0 44 89 44 24 38 49 c1 e0 03
0x000007fd7d4b810c:   e8 3f 93 fc ff 48 8d 4c 24 20 ff 15 04 06 0b 00
0x000007fd7d4b811c:   48 8b 8c 24 c0 00 00 00 48 33 cc e8 e4 92 fc ff
0x000007fd7d4b812c:   48 81 c4 d8 00 00 00 c3 90 90 90 90 90 90 90 90 


Register to memory mapping:

RAX=0x8f48000000000000 is an unknown value
RBX=0x0000000001cee4a0 is pointing into the stack for thread: 0x0000000001d10800
RCX=0x8f50000000000000 is an unknown value
RDX=0xc5e0000000000000 is an unknown value
RSP=0x0000000001cec570 is pointing into the stack for thread: 0x0000000001d10800
RBP=0x0000000001cecc10 is pointing into the stack for thread: 0x0000000001d10800
RSI=0x0000000001ceead0 is pointing into the stack for thread: 0x0000000001d10800
RDI=0x0000000001ced3c0 is pointing into the stack for thread: 0x0000000001d10800
R8 =0x0000000000000000 is an unknown value
R9 =0x000000007db415b0 is an unknown value
R10=0x0000000000000000 is an unknown value
R11=0x0000000000000000 is an unknown value
R12=0x0000000001ceda18 is pointing into the stack for thread: 0x0000000001d10800
R13=0x0000000000000000 is an unknown value
R14=0x0000000001cec6c0 is pointing into the stack for thread: 0x0000000001d10800
R15=0x000007fd64398980 is an unknown value


Stack: [0x0000000001bf0000,0x0000000001cf0000],  sp=0x0000000001cec570,  free space=1009k
Native frames: (J=compiled Java code, j=interpreted, Vv=VM code, C=native code)
C  [KERNELBASE.dll+0x3811c]  RaiseException+0x68

Java frames: (J=compiled Java code, j=interpreted, Vv=VM code)
j  com.googlecode.javacv.cpp.opencv_nonfree$SIFT.detect(Lcom/googlecode/javacv/cpp/opencv_core$CvArr;Lcom/googlecode/javacv/cpp/opencv_core$CvArr;Lcom/googlecode/javacv/cpp/opencv_features2d$KeyPoint;)V+0
j  functions.Sifter.sift(Lcom/googlecode/javacv/cpp/opencv_core$IplImage;)V+49
j  gui.CoinGUI.main([Ljava/lang/String;)V+807
v  ~StubRoutines::call_stub

---------------  P R O C E S S  ---------------

Java Threads: ( => current thread )
  0x000000000ff82800 JavaThread "TimerQueue" daemon [_thread_blocked, id=4724, stack(0x0000000010ff0000,0x00000000110f0000)]
  0x000000000c881800 JavaThread "AWT-EventQueue-0" [_thread_blocked, id=3152, stack(0x000000000db50000,0x000000000dc50000)]
  0x000000000c7b5000 JavaThread "AWT-Windows" daemon [_thread_in_native, id=7092, stack(0x000000000d070000,0x000000000d170000)]
  0x000000000c7b2800 JavaThread "AWT-Shutdown" [_thread_blocked, id=3096, stack(0x000000000cf70000,0x000000000d070000)]
  0x000000000c7ad800 JavaThread "Java2D Disposer" daemon [_thread_blocked, id=5768, stack(0x000000000ce70000,0x000000000cf70000)]
  0x000000000acec800 JavaThread "Service Thread" daemon [_thread_blocked, id=1528, stack(0x000000000c490000,0x000000000c590000)]
  0x000000000ace8000 JavaThread "C2 CompilerThread1" daemon [_thread_blocked, id=7492, stack(0x000000000c390000,0x000000000c490000)]
  0x000000000ace1000 JavaThread "C2 CompilerThread0" daemon [_thread_blocked, id=2716, stack(0x000000000c290000,0x000000000c390000)]
  0x000000000ace0000 JavaThread "Attach Listener" daemon [_thread_blocked, id=7968, stack(0x000000000c190000,0x000000000c290000)]
  0x000000000acdd000 JavaThread "Signal Dispatcher" daemon [_thread_blocked, id=92, stack(0x000000000c090000,0x000000000c190000)]
  0x000000000ac77800 JavaThread "Finalizer" daemon [_thread_blocked, id=2876, stack(0x000000000bf90000,0x000000000c090000)]
  0x000000000ac6e800 JavaThread "Reference Handler" daemon [_thread_blocked, id=6436, stack(0x000000000be90000,0x000000000bf90000)]
=>0x0000000001d10800 JavaThread "main" [_thread_in_native, id=7520, stack(0x0000000001bf0000,0x0000000001cf0000)]

Other Threads:
  0x000000000ac67800 VMThread [stack: 0x000000000bd90000,0x000000000be90000] [id=6172]
  0x000000000ad06800 WatcherThread [stack: 0x000000000c590000,0x000000000c690000] [id=2576]

VM state:not at safepoint (normal execution)

VM Mutex/Monitor currently owned by a thread: None

Heap
 PSYoungGen      total 37632K, used 27163K [0x00000007d60b0000, 0x00000007d8aa0000, 0x0000000800000000)
  eden space 32320K, 84% used [0x00000007d60b0000,0x00000007d7b36dd0,0x00000007d8040000)
  from space 5312K, 0% used [0x00000007d8570000,0x00000007d8570000,0x00000007d8aa0000)
  to   space 5312K, 0% used [0x00000007d8040000,0x00000007d8040000,0x00000007d8570000)
 ParOldGen       total 85888K, used 0K [0x0000000782200000, 0x00000007875e0000, 0x00000007d60b0000)
  object space 85888K, 0% used [0x0000000782200000,0x0000000782200000,0x00000007875e0000)
 PSPermGen       total 21248K, used 11537K [0x000000077d000000, 0x000000077e4c0000, 0x0000000782200000)
  object space 21248K, 54% used [0x000000077d000000,0x000000077db445b8,0x000000077e4c0000)

Card table byte_map: [0x0000000004ed0000,0x00000000052f0000] byte_map_base: 0x00000000012e8000

Polling page: 0x0000000000490000

Code Cache  [0x0000000001e10000, 0x0000000002080000, 0x0000000004e10000)
 total_blobs=567 nmethods=76 adapters=442 free_code_cache=48468Kb largest_free_block=49611712

Compilation events (10 events):
Event: 1.148 Thread 0x000000000ace8000   68             java.lang.String::<init> (67 bytes)
Event: 1.151 Thread 0x000000000ace8000 nmethod 68 0x0000000001eba890 code [0x0000000001eba9e0, 0x0000000001ebac58]
Event: 1.377 Thread 0x000000000ace1000   71             java.lang.StringBuilder::append (8 bytes)
Event: 1.381 Thread 0x000000000ace8000   72             java.lang.reflect.Method::getName (5 bytes)
Event: 1.381 Thread 0x000000000ace8000 nmethod 72 0x0000000001ebb290 code [0x0000000001ebb3c0, 0x0000000001ebb438]
Event: 1.381 Thread 0x000000000ace1000 nmethod 71 0x0000000001ebc190 code [0x0000000001ebc2e0, 0x0000000001ebc6b8]
Event: 1.441 Thread 0x000000000ace8000   74             java.util.LinkedHashMap::get (25 bytes)
Event: 1.445 Thread 0x000000000ace8000 nmethod 74 0x0000000001ebdb10 code [0x0000000001ebdc80, 0x0000000001ebdf48]
Event: 1.468 Thread 0x000000000ace1000   75             java.lang.reflect.Method::getParameterTypes (14 bytes)
Event: 1.469 Thread 0x000000000ace1000 nmethod 75 0x0000000001ebb690 code [0x0000000001ebb7e0, 0x0000000001ebb918]

GC Heap History (0 events):
No events

Deoptimization events (1 events):
Event: 0.217 Thread 0x0000000001d10800 Uncommon trap -34 fr.pc 0x0000000001e85a50

Internal exceptions (10 events):
Event: 1.021 Thread 0x0000000001d10800 Threw 0x00000007d77a2b28 at C:\jdk7u2_64p\jdk7u17\hotspot\src\share\vm\prims\jvm.cpp:1166
Event: 1.028 Thread 0x0000000001d10800 Threw 0x00000007d77dcbe0 at C:\jdk7u2_64p\jdk7u17\hotspot\src\share\vm\prims\jvm.cpp:1166
Event: 1.033 Thread 0x0000000001d10800 Threw 0x00000007d77fc0a0 at C:\jdk7u2_64p\jdk7u17\hotspot\src\share\vm\prims\jvm.cpp:1166
Event: 1.033 Thread 0x0000000001d10800 Threw 0x00000007d7801398 at C:\jdk7u2_64p\jdk7u17\hotspot\src\share\vm\prims\jvm.cpp:1166
Event: 1.034 Thread 0x0000000001d10800 Threw 0x00000007d780a288 at C:\jdk7u2_64p\jdk7u17\hotspot\src\share\vm\prims\jvm.cpp:1166
Event: 1.035 Thread 0x0000000001d10800 Threw 0x00000007d781f430 at C:\jdk7u2_64p\jdk7u17\hotspot\src\share\vm\prims\jvm.cpp:1166
Event: 1.036 Thread 0x0000000001d10800 Threw 0x00000007d782b750 at C:\jdk7u2_64p\jdk7u17\hotspot\src\share\vm\prims\jvm.cpp:1166
Event: 1.036 Thread 0x0000000001d10800 Threw 0x00000007d78316b8 at C:\jdk7u2_64p\jdk7u17\hotspot\src\share\vm\prims\jvm.cpp:1166
Event: 1.036 Thread 0x0000000001d10800 Threw 0x00000007d783a1a8 at C:\jdk7u2_64p\jdk7u17\hotspot\src\share\vm\prims\jvm.cpp:1166
Event: 1.038 Thread 0x0000000001d10800 Threw 0x00000007d786f7f0 at C:\jdk7u2_64p\jdk7u17\hotspot\src\share\vm\prims\jvm.cpp:1166

Events (10 events):
Event: 1.035 loading class 0x000000000e21bd00
Event: 1.035 loading class 0x000000000e21bd00 done
Event: 1.036 loading class 0x000000000e21b980
Event: 1.036 loading class 0x000000000e21b980 done
Event: 1.036 loading class 0x000000000e21b400
Event: 1.036 loading class 0x000000000e21b400 done
Event: 1.036 loading class 0x000000000e21b9c0
Event: 1.036 loading class 0x000000000e21b9c0 done
Event: 1.038 loading class 0x000000000e18b4b0
Event: 1.038 loading class 0x000000000e18b4b0 done


Dynamic libraries:
0x000007f7efe00000 - 0x000007f7efe33000 	C:\Users\Ben\Documents\EclipseWorking\jre\bin\javaw.exe
0x000007fd803d0000 - 0x000007fd80590000 	C:\Windows\SYSTEM32\ntdll.dll
0x000007fd7e270000 - 0x000007fd7e3a6000 	C:\Windows\system32\KERNEL32.DLL
0x000007fd7d480000 - 0x000007fd7d573000 	C:\Windows\system32\KERNELBASE.dll
0x000007fd7e560000 - 0x000007fd7e63e000 	C:\Windows\system32\ADVAPI32.dll
0x000007fd7de30000 - 0x000007fd7df7c000 	C:\Windows\system32\USER32.dll
0x000007fd7ab50000 - 0x000007fd7adba000 	C:\Windows\WinSxS\amd64_microsoft.windows.common-controls_6595b64144ccf1df_6.0.9200.16579_none_418ab7ef718b27ef\COMCTL32.dll
0x000007fd7d8c0000 - 0x000007fd7d965000 	C:\Windows\system32\msvcrt.dll
0x000007fd7d970000 - 0x000007fd7d9b8000 	C:\Windows\SYSTEM32\sechost.dll
0x000007fd7e7f0000 - 0x000007fd7e935000 	C:\Windows\system32\RPCRT4.dll
0x000007fd7db40000 - 0x000007fd7dc81000 	C:\Windows\system32\GDI32.dll
0x000007fd7d7c0000 - 0x000007fd7d7f9000 	C:\Windows\system32\IMM32.DLL
0x000007fd7df80000 - 0x000007fd7e096000 	C:\Windows\system32\MSCTF.dll
0x0000000054f70000 - 0x0000000055041000 	C:\Users\Ben\Documents\EclipseWorking\jre\bin\msvcr100.dll
0x0000000054850000 - 0x0000000054f6f000 	C:\Users\Ben\Documents\EclipseWorking\jre\bin\server\jvm.dll
0x000007fd72900000 - 0x000007fd72909000 	C:\Windows\SYSTEM32\WSOCK32.dll
0x000007fd78ed0000 - 0x000007fd78ef0000 	C:\Windows\SYSTEM32\WINMM.dll
0x000007fd80370000 - 0x000007fd80377000 	C:\Windows\system32\PSAPI.DLL
0x000007fd7ff20000 - 0x000007fd7ff78000 	C:\Windows\system32\WS2_32.dll
0x000007fd78e90000 - 0x000007fd78ec3000 	C:\Windows\SYSTEM32\WINMMBASE.dll
0x000007fd7d9c0000 - 0x000007fd7d9c9000 	C:\Windows\system32\NSI.dll
0x000007fd7d400000 - 0x000007fd7d44f000 	C:\Windows\SYSTEM32\cfgmgr32.dll
0x000007fd7d450000 - 0x000007fd7d472000 	C:\Windows\system32\DEVOBJ.dll
0x0000000056a10000 - 0x0000000056a1f000 	C:\Users\Ben\Documents\EclipseWorking\jre\bin\verify.dll
0x0000000054820000 - 0x0000000054848000 	C:\Users\Ben\Documents\EclipseWorking\jre\bin\java.dll
0x0000000054800000 - 0x0000000054815000 	C:\Users\Ben\Documents\EclipseWorking\jre\bin\zip.dll
0x0000000054660000 - 0x00000000547f3000 	C:\Users\Ben\Documents\EclipseWorking\jre\bin\awt.dll
0x000007fd7da70000 - 0x000007fd7db33000 	C:\Windows\system32\OLEAUT32.dll
0x000007fd7e640000 - 0x000007fd7e7f0000 	C:\Windows\system32\combase.dll
0x000007fd79080000 - 0x000007fd7911f000 	C:\Windows\system32\apphelp.dll
0x000007fd7c110000 - 0x000007fd7c1f6000 	C:\Windows\system32\uxtheme.dll
0x000007fd7b8b0000 - 0x000007fd7b8d1000 	C:\Windows\SYSTEM32\dwmapi.dll
0x000007fd7e3e0000 - 0x000007fd7e55e000 	C:\Windows\system32\ole32.dll
0x000007fd7d0c0000 - 0x000007fd7d0ca000 	C:\Windows\SYSTEM32\CRYPTBASE.dll
0x000007fd7d060000 - 0x000007fd7d0bc000 	C:\Windows\SYSTEM32\bcryptPrimitives.dll
0x000007fd7ec40000 - 0x000007fd7ff20000 	C:\Windows\system32\SHELL32.dll
0x000007fd80380000 - 0x000007fd803d0000 	C:\Windows\system32\SHLWAPI.dll
0x000007fd7b8e0000 - 0x000007fd7b976000 	C:\Windows\SYSTEM32\shcore.dll
0x0000000054580000 - 0x0000000054651000 	C:\Users\Ben\AppData\Local\Temp\javacpp27280349914507\msvcr100.dll
0x00000000544e0000 - 0x0000000054578000 	C:\Users\Ben\AppData\Local\Temp\javacpp27280349914507\msvcp100.dll
0x0000000066840000 - 0x00000000675ca000 	C:\Users\Ben\AppData\Local\Temp\javacpp27280349914507\opencv_ffmpeg246_64.dll
0x000007fd61560000 - 0x000007fd617cf000 	C:\Users\Ben\AppData\Local\Temp\javacpp27280349914507\opencv_core246.dll
0x000007fd612a0000 - 0x000007fd61553000 	C:\Users\Ben\AppData\Local\Temp\javacpp27280349914507\opencv_imgproc246.dll
0x000007fd60f00000 - 0x000007fd61150000 	C:\Users\Ben\AppData\Local\Temp\javacpp27280349914507\opencv_highgui246.dll
0x000007fd670d0000 - 0x000007fd670f0000 	C:\Windows\SYSTEM32\AVIFIL32.dll
0x000007fd66ed0000 - 0x000007fd66ef9000 	C:\Windows\SYSTEM32\MSVFW32.dll
0x000007fd66dc0000 - 0x000007fd66dd7000 	C:\Windows\SYSTEM32\AVICAP32.dll
0x000007fd710c0000 - 0x000007fd710d9000 	C:\Windows\SYSTEM32\MSACM32.dll
0x000007fd728b0000 - 0x000007fd728b9000 	C:\Windows\SYSTEM32\VERSION.dll
0x000007fd66710000 - 0x000007fd66723000 	C:\Users\Ben\AppData\Local\Temp\javacpp27280349914507\jniopencv_highgui.dll
0x000007fd7d9d0000 - 0x000007fd7da66000 	C:\Windows\SYSTEM32\clbcatq.dll
0x000007fd64410000 - 0x000007fd64427000 	C:\Windows\System32\devenum.dll
0x000007fd7e0a0000 - 0x000007fd7e270000 	C:\Windows\system32\setupapi.dll
0x000007fd7bd10000 - 0x000007fd7bd3e000 	C:\Windows\SYSTEM32\ntmarta.dll
0x000007fd7d760000 - 0x000007fd7d7b5000 	C:\Windows\system32\WINTRUST.dll
0x000007fd7d580000 - 0x000007fd7d751000 	C:\Windows\system32\CRYPT32.dll
0x000007fd7d330000 - 0x000007fd7d346000 	C:\Windows\system32\MSASN1.dll
0x000007fd6fb40000 - 0x000007fd6fb4d000 	C:\Windows\SYSTEM32\msdmo.dll
0x000007fd635b0000 - 0x000007fd635df000 	C:\Windows\System32\qcap.dll
0x000007fd60d40000 - 0x000007fd60ef8000 	C:\Windows\System32\quartz.dll
0x000007fd63570000 - 0x000007fd635af000 	C:\Windows\System32\ksproxy.ax
0x000007fd67690000 - 0x000007fd67697000 	C:\Windows\System32\ksuser.dll
0x000007fd60b40000 - 0x000007fd60d40000 	C:\Windows\System32\d3d9.dll
0x000007fd6e780000 - 0x000007fd6e78c000 	C:\Windows\System32\vidcap.ax
0x000007fd63540000 - 0x000007fd63564000 	C:\Windows\System32\kswdmcap.ax
0x000007fd609e0000 - 0x000007fd60b34000 	C:\Windows\System32\MFC42.dll
0x000007fd61d00000 - 0x000007fd61dbe000 	C:\Windows\System32\ODBC32.dll
0x000007fd61200000 - 0x000007fd61295000 	C:\Windows\System32\qedit.dll
0x000007fd7d800000 - 0x000007fd7d8a1000 	C:\Windows\system32\COMDLG32.dll
0x000007fd78520000 - 0x000007fd786c0000 	C:\Windows\WinSxS\amd64_microsoft.windows.gdiplus_6595b64144ccf1df_1.1.9200.16518_none_726fbfe0cc22f012\gdiplus.dll
0x000007fd698a0000 - 0x000007fd6998a000 	C:\Windows\SYSTEM32\DDRAW.dll
0x000007fd77380000 - 0x000007fd77388000 	C:\Windows\SYSTEM32\DCIMAN32.dll
0x000007fd69810000 - 0x000007fd6981b000 	C:\Windows\SYSTEM32\msyuv.dll
0x00000000544a0000 - 0x00000000544d4000 	C:\Users\Ben\Documents\EclipseWorking\jre\bin\fontmanager.dll
0x000007fd60940000 - 0x000007fd609da000 	C:\Users\Ben\AppData\Local\Temp\javacpp27280349914507\jniopencv_core.dll
0x0000000054480000 - 0x0000000054499000 	C:\Users\Ben\Documents\EclipseWorking\jre\bin\net.dll
0x000007fd7ca90000 - 0x000007fd7caec000 	C:\Windows\system32\mswsock.dll
0x0000000054460000 - 0x0000000054471000 	C:\Users\Ben\Documents\EclipseWorking\jre\bin\nio.dll
0x0000000054410000 - 0x0000000054451000 	C:\Users\Ben\Documents\EclipseWorking\jre\bin\t2k.dll
0x000007fd61cb0000 - 0x000007fd61cfc000 	C:\Users\Ben\AppData\Local\Temp\javacpp27280349914507\jniopencv_imgproc.dll
0x000007fd7b1e0000 - 0x000007fd7b373000 	C:\Windows\SYSTEM32\WindowsCodecs.dll
0x000007fd7d280000 - 0x000007fd7d295000 	C:\Windows\SYSTEM32\profapi.dll
0x000007fd608a0000 - 0x000007fd6093a000 	C:\Users\Ben\AppData\Local\Temp\javacpp27280349914507\opencv_flann246.dll
0x000007fd607c0000 - 0x000007fd6089a000 	C:\Users\Ben\AppData\Local\Temp\javacpp27280349914507\opencv_features2d246.dll
0x000007fd611b0000 - 0x000007fd611f5000 	C:\Users\Ben\AppData\Local\Temp\javacpp27280349914507\jniopencv_features2d.dll
0x000007fd606d0000 - 0x000007fd607be000 	C:\Users\Ben\AppData\Local\Temp\javacpp27280349914507\opencv_calib3d246.dll
0x000007fd60600000 - 0x000007fd606cd000 	C:\Users\Ben\AppData\Local\Temp\javacpp27280349914507\opencv_objdetect246.dll
0x000007fd61c70000 - 0x000007fd61caf000 	C:\Users\Ben\AppData\Local\Temp\javacpp27280349914507\opencv_photo246.dll
0x000007fd60560000 - 0x000007fd605f5000 	C:\Users\Ben\AppData\Local\Temp\javacpp27280349914507\opencv_ml246.dll
0x000007fd604e0000 - 0x000007fd60552000 	C:\Users\Ben\AppData\Local\Temp\javacpp27280349914507\opencv_video246.dll
0x000007fd60360000 - 0x000007fd604d3000 	C:\Users\Ben\AppData\Local\Temp\javacpp27280349914507\opencv_legacy246.dll
0x000007fd602e0000 - 0x000007fd60360000 	C:\Users\Ben\AppData\Local\Temp\javacpp27280349914507\opencv_gpu246.dll
0x000007fd60260000 - 0x000007fd602d9000 	C:\Users\Ben\AppData\Local\Temp\javacpp27280349914507\opencv_nonfree246.dll
0x000007fd64390000 - 0x000007fd643a2000 	C:\Users\Ben\AppData\Local\Temp\javacpp27280349914507\jniopencv_nonfree.dll
0x000007fd66230000 - 0x000007fd66393000 	C:\Windows\SYSTEM32\dbghelp.dll

VM Arguments:
jvm_args: -Dfile.encoding=Cp1252 
java_command: gui.CoinGUI
Launcher Type: SUN_STANDARD

Environment Variables:
PATH=C:/Users/Ben/Documents/1. UNI/2013/SEM1/CSSE2002/eclipse-jee-juno-SR2-win32-x86_64/eclipse/jre/bin/server;C:/Users/Ben/Documents/1. UNI/2013/SEM1/CSSE2002/eclipse-jee-juno-SR2-win32-x86_64/eclipse/jre/bin;C:/Users/Ben/Documents/1. UNI/2013/SEM1/CSSE2002/eclipse-jee-juno-SR2-win32-x86_64/eclipse/jre/lib/amd64;C:\Program Files (x86)\Pololu\Maestro\bin;C:\Program Files\Java\jdk1.7.0_17\bin;C:\opencv\build\x64\vc10\bin;;C:\Program Files\PrimeSense\NITE\bin64;C:\Program Files (x86)\Pololu\Maestro\bin;;C:\Users\Ben\Documents\1. UNI\2013\SEM1\CSSE2002\eclipse-jee-juno-SR2-win32-x86_64\eclipse;
USERNAME=Ben
OS=Windows_NT
PROCESSOR_IDENTIFIER=Intel64 Family 6 Model 58 Stepping 9, GenuineIntel



---------------  S Y S T E M  ---------------

OS: Windows 8 , 64 bit Build 9200 

CPU:total 4 (2 cores per cpu, 2 threads per core) family 6 model 58 stepping 9, cmov, cx8, fxsr, mmx, sse, sse2, sse3, ssse3, sse4.1, sse4.2, popcnt, avx, ht, tsc, tscinvbit, tscinv

Memory: 4k page, physical 8244036k(4275496k free), swap 9947972k(5219524k free)

vm_info: Java HotSpot(TM) 64-Bit Server VM (23.7-b01) for windows-amd64 JRE (1.7.0_17-b02), built on Mar  1 2013 03:38:30 by "java_re" with unknown MS VC++:1600

time: Mon Oct 21 01:43:41 2013
elapsed time: 1 seconds

