#
# A fatal error has been detected by the Java Runtime Environment:
#
#  EXCEPTION_ACCESS_VIOLATION (0xc0000005) at pc=0x00000000549e3de5, pid=5776, tid=4280
#
# JRE version: 7.0_17-b02
# Java VM: Java HotSpot(TM) 64-Bit Server VM (23.7-b01 mixed mode windows-amd64 compressed oops)
# Problematic frame:
# V  [jvm.dll+0x193de5]
#
# Failed to write core dump. Minidumps are not enabled by default on client versions of Windows
#
# If you would like to submit a bug report, please visit:
#   http://bugreport.sun.com/bugreport/crash.jsp
#

---------------  T H R E A D  ---------------

Current thread (0x00000000024a0800):  JavaThread "main" [_thread_in_vm, id=4280, stack(0x0000000002390000,0x0000000002490000)]

siginfo: ExceptionCode=0xc0000005, reading address 0xffffffffffffffff

Registers:
RAX=0x00000000024a0800, RBX=0x00000000024a0800, RCX=0x0000000000000009, RDX=0x000000000248ef68
RSP=0x000000000248ee80, RBP=0x000000000248ef30, RSI=0x6600545341462e44, RDI=0x0000000000000000
R8 =0x6600545341462e44, R9 =0x0000000000000000, R10=0x00000000025b237c, R11=0x0000000054a11f50
R12=0x0000000000000000, R13=0x000000077d0d1d38, R14=0x000000000248ef68, R15=0x00000000024a0800
RIP=0x00000000549e3de5, EFLAGS=0x0000000000010246

Top of Stack: (sp=0x000000000248ee80)
0x000000000248ee80:   000000000248efb0 00000000024a0800
0x000000000248ee90:   000000000248ef30 00000000024a1058
0x000000000248eea0:   00000000025a63d3 00000000025b23a8
0x000000000248eeb0:   000000077d0d1d38 000000077d2292a8
0x000000000248eec0:   00000000000000b6 00000000024a1028
0x000000000248eed0:   00000000024a1008 00000000024a1028
0x000000000248eee0:   00000000024a0800 000000000248efc8
0x000000000248eef0:   000000000248eef0 000000077d0d1d38
0x000000000248ef00:   000000000248ef68 000000077d0d5c10
0x000000000248ef10:   0000000000000000 000000077d0d1d38
0x000000000248ef20:   0000000000000000 000000000248ef50
0x000000000248ef30:   000000000248efb0 00000000025a61f8
0x000000000248ef40:   0000000000000000 00000000025af1d8
0x000000000248ef50:   0000000000000000 6600545341462e44
0x000000000248ef60:   00000007d69f8e90 00000007d60b72e8
0x000000000248ef70:   000000000248ef70 000000077d22b53c 

Instructions: (pc=0x00000000549e3de5)
0x00000000549e3dc5:   17 04 00 c7 83 50 02 00 00 06 00 00 00 8b 0d 30
0x00000000549e3dd5:   3e 4d 00 ff 15 ca e5 35 00 c6 80 74 02 00 00 01
0x00000000549e3de5:   40 88 3e c6 80 74 02 00 00 00 48 8b 7b 48 48 8b
0x00000000549e3df5:   4f 10 48 8b 77 08 48 83 39 00 74 05 e8 9a 6f ef 


Register to memory mapping:

RAX=0x00000000024a0800 is a thread
RBX=0x00000000024a0800 is a thread
RCX=0x0000000000000009 is an unknown value
RDX=0x000000000248ef68 is pointing into the stack for thread: 0x00000000024a0800
RSP=0x000000000248ee80 is pointing into the stack for thread: 0x00000000024a0800
RBP=0x000000000248ef30 is pointing into the stack for thread: 0x00000000024a0800
RSI=0x6600545341462e44 is an unknown value
RDI=0x0000000000000000 is an unknown value
R8 =0x6600545341462e44 is an unknown value
R9 =0x0000000000000000 is an unknown value
R10=0x00000000025b237c is an Interpreter codelet
method entry point (kind = native)  [0x00000000025b2100, 0x00000000025b2980]  2176 bytes
R11=0x0000000054a11f50 is an unknown value
R12=0x0000000000000000 is an unknown value
R13=0x000000077d0d1d38 is an oop
{method} 
 - klass: {other class}
R14=0x000000000248ef68 is pointing into the stack for thread: 0x00000000024a0800
R15=0x00000000024a0800 is a thread


Stack: [0x0000000002390000,0x0000000002490000],  sp=0x000000000248ee80,  free space=1019k
Native frames: (J=compiled Java code, j=interpreted, Vv=VM code, C=native code)
V  [jvm.dll+0x193de5]
j  java.nio.DirectByteBuffer.put(B)Ljava/nio/ByteBuffer;+12
j  com.googlecode.javacv.cpp.opencv_core$CvMat.put(I[DII)Lcom/googlecode/javacv/cpp/opencv_core$CvMat;+81
j  com.googlecode.javacv.cpp.opencv_core$CvMat.put(I[D)Lcom/googlecode/javacv/cpp/opencv_core$CvMat;+6
j  com.googlecode.javacv.cpp.opencv_core$CvMat.put([D)Lcom/googlecode/javacv/cpp/opencv_core$CvMat;+3
j  functions.Sifter.sift(Lcom/googlecode/javacv/cpp/opencv_core$IplImage;)V+256
j  functions.Sifter.<init>(Lcom/googlecode/javacv/cpp/opencv_core$IplImage;)V+43
j  functions.Sifter.main([Ljava/lang/String;)V+22
v  ~StubRoutines::call_stub

Java frames: (J=compiled Java code, j=interpreted, Vv=VM code)
j  sun.misc.Unsafe.putByte(JB)V+0
j  java.nio.DirectByteBuffer.put(B)Ljava/nio/ByteBuffer;+12
j  com.googlecode.javacv.cpp.opencv_core$CvMat.put(I[DII)Lcom/googlecode/javacv/cpp/opencv_core$CvMat;+81
j  com.googlecode.javacv.cpp.opencv_core$CvMat.put(I[D)Lcom/googlecode/javacv/cpp/opencv_core$CvMat;+6
j  com.googlecode.javacv.cpp.opencv_core$CvMat.put([D)Lcom/googlecode/javacv/cpp/opencv_core$CvMat;+3
j  functions.Sifter.sift(Lcom/googlecode/javacv/cpp/opencv_core$IplImage;)V+256
j  functions.Sifter.<init>(Lcom/googlecode/javacv/cpp/opencv_core$IplImage;)V+43
j  functions.Sifter.main([Ljava/lang/String;)V+22
v  ~StubRoutines::call_stub

---------------  P R O C E S S  ---------------

Java Threads: ( => current thread )
  0x000000000b45b000 JavaThread "Service Thread" daemon [_thread_blocked, id=2432, stack(0x000000000cbf0000,0x000000000ccf0000)]
  0x000000000b44f000 JavaThread "C2 CompilerThread1" daemon [_thread_blocked, id=7952, stack(0x000000000caf0000,0x000000000cbf0000)]
  0x000000000b443000 JavaThread "C2 CompilerThread0" daemon [_thread_blocked, id=7080, stack(0x000000000c9f0000,0x000000000caf0000)]
  0x000000000b43f000 JavaThread "Attach Listener" daemon [_thread_blocked, id=7396, stack(0x000000000c8f0000,0x000000000c9f0000)]
  0x000000000b43c000 JavaThread "Signal Dispatcher" daemon [_thread_blocked, id=380, stack(0x000000000c7f0000,0x000000000c8f0000)]
  0x000000000b3d6000 JavaThread "Finalizer" daemon [_thread_blocked, id=5056, stack(0x000000000c6f0000,0x000000000c7f0000)]
  0x000000000b3cd000 JavaThread "Reference Handler" daemon [_thread_blocked, id=7280, stack(0x000000000c5f0000,0x000000000c6f0000)]
=>0x00000000024a0800 JavaThread "main" [_thread_in_vm, id=4280, stack(0x0000000002390000,0x0000000002490000)]

Other Threads:
  0x000000000b3c5800 VMThread [stack: 0x000000000c4f0000,0x000000000c5f0000] [id=7660]
  0x000000000b46c000 WatcherThread [stack: 0x000000000ccf0000,0x000000000cdf0000] [id=4796]

VM state:not at safepoint (normal execution)

VM Mutex/Monitor currently owned by a thread: None

Heap
 PSYoungGen      total 37632K, used 9794K [0x00000007d60b0000, 0x00000007d8aa0000, 0x0000000800000000)
  eden space 32320K, 30% used [0x00000007d60b0000,0x00000007d6a40968,0x00000007d8040000)
  from space 5312K, 0% used [0x00000007d8570000,0x00000007d8570000,0x00000007d8aa0000)
  to   space 5312K, 0% used [0x00000007d8040000,0x00000007d8040000,0x00000007d8570000)
 ParOldGen       total 85888K, used 0K [0x0000000782200000, 0x00000007875e0000, 0x00000007d60b0000)
  object space 85888K, 0% used [0x0000000782200000,0x0000000782200000,0x00000007875e0000)
 PSPermGen       total 21248K, used 4499K [0x000000077d000000, 0x000000077e4c0000, 0x0000000782200000)
  object space 21248K, 21% used [0x000000077d000000,0x000000077d464dc8,0x000000077e4c0000)

Card table byte_map: [0x0000000005660000,0x0000000005a80000] byte_map_base: 0x0000000001a78000

Polling page: 0x0000000002320000

Code Cache  [0x00000000025a0000, 0x0000000002810000, 0x00000000055a0000)
 total_blobs=313 nmethods=51 adapters=213 free_code_cache=48636Kb largest_free_block=49785600

Compilation events (10 events):
Event: 0.611 Thread 0x000000000b443000   47  s          java.io.ByteArrayOutputStream::write (32 bytes)
Event: 0.611 Thread 0x000000000b44f000   48             java.io.DataOutputStream::incCount (20 bytes)
Event: 0.611 Thread 0x000000000b44f000 nmethod 48 0x000000000261e610 code [0x000000000261e740, 0x000000000261e7b8]
Event: 0.613 Thread 0x000000000b443000 nmethod 47 0x000000000261d310 code [0x000000000261d460, 0x000000000261d848]
Event: 0.615 Thread 0x000000000b44f000   49             java.net.URI::quote (208 bytes)
Event: 0.621 Thread 0x000000000b44f000 nmethod 49 0x0000000002622ed0 code [0x00000000026230c0, 0x0000000002623640]
Event: 0.665 Thread 0x000000000b443000   50             java.lang.String::startsWith (7 bytes)
Event: 0.667 Thread 0x000000000b443000 nmethod 50 0x000000000261fd10 code [0x000000000261fe60, 0x000000000261ffd8]
Event: 0.719 Thread 0x000000000b44f000   51             java.lang.String::getChars (62 bytes)
Event: 0.720 Thread 0x000000000b44f000 nmethod 51 0x0000000002620f90 code [0x00000000026210e0, 0x0000000002621218]

GC Heap History (0 events):
No events

Deoptimization events (0 events):
No events

Internal exceptions (10 events):
Event: 0.608 Thread 0x00000000024a0800 Threw 0x00000007d68987c8 at C:\jdk7u2_64p\jdk7u17\hotspot\src\share\vm\prims\jvm.cpp:1166
Event: 0.608 Thread 0x00000000024a0800 Threw 0x00000007d689e738 at C:\jdk7u2_64p\jdk7u17\hotspot\src\share\vm\prims\jvm.cpp:1166
Event: 0.608 Thread 0x00000000024a0800 Threw 0x00000007d68a4aa8 at C:\jdk7u2_64p\jdk7u17\hotspot\src\share\vm\prims\jvm.cpp:1166
Event: 0.609 Thread 0x00000000024a0800 Threw 0x00000007d68aac50 at C:\jdk7u2_64p\jdk7u17\hotspot\src\share\vm\prims\jvm.cpp:1166
Event: 0.609 Thread 0x00000000024a0800 Threw 0x00000007d68b0d78 at C:\jdk7u2_64p\jdk7u17\hotspot\src\share\vm\prims\jvm.cpp:1166
Event: 0.609 Thread 0x00000000024a0800 Threw 0x00000007d68b7400 at C:\jdk7u2_64p\jdk7u17\hotspot\src\share\vm\prims\jvm.cpp:1166
Event: 0.612 Thread 0x00000000024a0800 Threw 0x00000007d68c9968 at C:\jdk7u2_64p\jdk7u17\hotspot\src\share\vm\prims\jvm.cpp:1166
Event: 0.646 Thread 0x00000000024a0800 Threw 0x00000007d691cd00 at C:\jdk7u2_64p\jdk7u17\hotspot\src\share\vm\prims\jvm.cpp:1166
Event: 0.650 Thread 0x00000000024a0800 Threw 0x00000007d693dec0 at C:\jdk7u2_64p\jdk7u17\hotspot\src\share\vm\prims\jvm.cpp:1166
Event: 0.651 Thread 0x00000000024a0800 Threw 0x00000007d6943010 at C:\jdk7u2_64p\jdk7u17\hotspot\src\share\vm\prims\jvm.cpp:1166

Events (10 events):
Event: 0.646 loading class 0x000000000cff4cd0
Event: 0.646 loading class 0x000000000cff4cd0 done
Event: 0.650 loading class 0x000000000b4e7db0
Event: 0.650 loading class 0x000000000b4e7db0 done
Event: 0.651 loading class 0x000000000b4e81c0
Event: 0.651 loading class 0x000000000b4e81c0 done
Event: 0.734 loading class 0x000000000b3f89d0
Event: 0.734 loading class 0x000000000b3f89d0 done
Event: 0.734 loading class 0x000000000b438c60
Event: 0.734 loading class 0x000000000b438c60 done


Dynamic libraries:
0x000007f7efe00000 - 0x000007f7efe33000 	C:\Users\Ben\Documents\EclipseWorking\jre\bin\javaw.exe
0x000007fd803d0000 - 0x000007fd80590000 	C:\Windows\SYSTEM32\ntdll.dll
0x000007fd7e270000 - 0x000007fd7e3a6000 	C:\Windows\system32\KERNEL32.DLL
0x000007fd7d480000 - 0x000007fd7d573000 	C:\Windows\system32\KERNELBASE.dll
0x000007fd7e560000 - 0x000007fd7e63e000 	C:\Windows\system32\ADVAPI32.dll
0x000007fd7de30000 - 0x000007fd7df7c000 	C:\Windows\system32\USER32.dll
0x000007fd7ab50000 - 0x000007fd7adba000 	C:\Windows\WinSxS\amd64_microsoft.windows.common-controls_6595b64144ccf1df_6.0.9200.16579_none_418ab7ef718b27ef\COMCTL32.dll
0x000007fd7d8c0000 - 0x000007fd7d965000 	C:\Windows\system32\msvcrt.dll
0x000007fd7d970000 - 0x000007fd7d9b8000 	C:\Windows\SYSTEM32\sechost.dll
0x000007fd7e7f0000 - 0x000007fd7e935000 	C:\Windows\system32\RPCRT4.dll
0x000007fd7db40000 - 0x000007fd7dc81000 	C:\Windows\system32\GDI32.dll
0x000007fd7d7c0000 - 0x000007fd7d7f9000 	C:\Windows\system32\IMM32.DLL
0x000007fd7df80000 - 0x000007fd7e096000 	C:\Windows\system32\MSCTF.dll
0x0000000054f70000 - 0x0000000055041000 	C:\Users\Ben\Documents\EclipseWorking\jre\bin\msvcr100.dll
0x0000000054850000 - 0x0000000054f6f000 	C:\Users\Ben\Documents\EclipseWorking\jre\bin\server\jvm.dll
0x000007fd72900000 - 0x000007fd72909000 	C:\Windows\SYSTEM32\WSOCK32.dll
0x000007fd78ed0000 - 0x000007fd78ef0000 	C:\Windows\SYSTEM32\WINMM.dll
0x000007fd80370000 - 0x000007fd80377000 	C:\Windows\system32\PSAPI.DLL
0x000007fd7ff20000 - 0x000007fd7ff78000 	C:\Windows\system32\WS2_32.dll
0x000007fd78e90000 - 0x000007fd78ec3000 	C:\Windows\SYSTEM32\WINMMBASE.dll
0x000007fd7d9c0000 - 0x000007fd7d9c9000 	C:\Windows\system32\NSI.dll
0x000007fd7d400000 - 0x000007fd7d44f000 	C:\Windows\SYSTEM32\cfgmgr32.dll
0x000007fd7d450000 - 0x000007fd7d472000 	C:\Windows\system32\DEVOBJ.dll
0x0000000056a10000 - 0x0000000056a1f000 	C:\Users\Ben\Documents\EclipseWorking\jre\bin\verify.dll
0x0000000054820000 - 0x0000000054848000 	C:\Users\Ben\Documents\EclipseWorking\jre\bin\java.dll
0x0000000054800000 - 0x0000000054815000 	C:\Users\Ben\Documents\EclipseWorking\jre\bin\zip.dll
0x0000000054720000 - 0x00000000547f1000 	C:\Users\Ben\AppData\Local\Temp\javacpp24774933857443\msvcr100.dll
0x0000000054680000 - 0x0000000054718000 	C:\Users\Ben\AppData\Local\Temp\javacpp24774933857443\msvcp100.dll
0x0000000066840000 - 0x00000000675ca000 	C:\Users\Ben\AppData\Local\Temp\javacpp24774933857443\opencv_ffmpeg246_64.dll
0x000007fd62c10000 - 0x000007fd62e7f000 	C:\Users\Ben\AppData\Local\Temp\javacpp24774933857443\opencv_core246.dll
0x000007fd62950000 - 0x000007fd62c03000 	C:\Users\Ben\AppData\Local\Temp\javacpp24774933857443\opencv_imgproc246.dll
0x000007fd62700000 - 0x000007fd62950000 	C:\Users\Ben\AppData\Local\Temp\javacpp24774933857443\opencv_highgui246.dll
0x000007fd7e3e0000 - 0x000007fd7e55e000 	C:\Windows\system32\ole32.dll
0x000007fd7da70000 - 0x000007fd7db33000 	C:\Windows\system32\OLEAUT32.dll
0x000007fd6ac80000 - 0x000007fd6aca0000 	C:\Windows\SYSTEM32\AVIFIL32.dll
0x000007fd66ed0000 - 0x000007fd66ef9000 	C:\Windows\SYSTEM32\MSVFW32.dll
0x000007fd6ab30000 - 0x000007fd6ab47000 	C:\Windows\SYSTEM32\AVICAP32.dll
0x000007fd7e640000 - 0x000007fd7e7f0000 	C:\Windows\SYSTEM32\combase.dll
0x000007fd710c0000 - 0x000007fd710d9000 	C:\Windows\SYSTEM32\MSACM32.dll
0x000007fd7ec40000 - 0x000007fd7ff20000 	C:\Windows\system32\SHELL32.dll
0x000007fd728b0000 - 0x000007fd728b9000 	C:\Windows\SYSTEM32\VERSION.dll
0x000007fd80380000 - 0x000007fd803d0000 	C:\Windows\system32\SHLWAPI.dll
0x000007fd670d0000 - 0x000007fd670e3000 	C:\Users\Ben\AppData\Local\Temp\javacpp24774933857443\jniopencv_highgui.dll
0x000007fd63540000 - 0x000007fd635da000 	C:\Users\Ben\AppData\Local\Temp\javacpp24774933857443\jniopencv_core.dll
0x000007fd62660000 - 0x000007fd626fa000 	C:\Users\Ben\AppData\Local\Temp\javacpp24774933857443\opencv_flann246.dll
0x000007fd62580000 - 0x000007fd6265a000 	C:\Users\Ben\AppData\Local\Temp\javacpp24774933857443\opencv_features2d246.dll
0x000007fd64450000 - 0x000007fd64495000 	C:\Users\Ben\AppData\Local\Temp\javacpp24774933857443\jniopencv_features2d.dll
0x000007fd66230000 - 0x000007fd66393000 	C:\Windows\SYSTEM32\dbghelp.dll

VM Arguments:
jvm_args: -Dfile.encoding=Cp1252 
java_command: functions.Sifter
Launcher Type: SUN_STANDARD

Environment Variables:
PATH=C:/Users/Ben/Documents/1. UNI/2013/SEM1/CSSE2002/eclipse-jee-juno-SR2-win32-x86_64/eclipse/jre/bin/server;C:/Users/Ben/Documents/1. UNI/2013/SEM1/CSSE2002/eclipse-jee-juno-SR2-win32-x86_64/eclipse/jre/bin;C:/Users/Ben/Documents/1. UNI/2013/SEM1/CSSE2002/eclipse-jee-juno-SR2-win32-x86_64/eclipse/jre/lib/amd64;C:\Program Files (x86)\Pololu\Maestro\bin;C:\Program Files\Java\jdk1.7.0_17\bin;C:\opencv\build\x64\vc10\bin;;C:\Program Files\PrimeSense\NITE\bin64;C:\Program Files (x86)\Pololu\Maestro\bin;;C:\Users\Ben\Documents\1. UNI\2013\SEM1\CSSE2002\eclipse-jee-juno-SR2-win32-x86_64\eclipse;
USERNAME=Ben
OS=Windows_NT
PROCESSOR_IDENTIFIER=Intel64 Family 6 Model 58 Stepping 9, GenuineIntel



---------------  S Y S T E M  ---------------

OS: Windows 8 , 64 bit Build 9200 

CPU:total 4 (2 cores per cpu, 2 threads per core) family 6 model 58 stepping 9, cmov, cx8, fxsr, mmx, sse, sse2, sse3, ssse3, sse4.1, sse4.2, popcnt, avx, ht, tsc, tscinvbit, tscinv

Memory: 4k page, physical 8244036k(4507152k free), swap 9947972k(5431808k free)

vm_info: Java HotSpot(TM) 64-Bit Server VM (23.7-b01) for windows-amd64 JRE (1.7.0_17-b02), built on Mar  1 2013 03:38:30 by "java_re" with unknown MS VC++:1600

time: Mon Oct 21 01:01:55 2013
elapsed time: 0 seconds

