#
# A fatal error has been detected by the Java Runtime Environment:
#
#  EXCEPTION_ACCESS_VIOLATION (0xc0000005) at pc=0x0000000063e0c350, pid=4456, tid=8700
#
# JRE version: 7.0_17-b02
# Java VM: Java HotSpot(TM) 64-Bit Server VM (23.7-b01 mixed mode windows-amd64 compressed oops)
# Problematic frame:
# C  [msvcr100.dll+0x3c350]  memset+0xb0
#
# Failed to write core dump. Minidumps are not enabled by default on client versions of Windows
#
# If you would like to submit a bug report, please visit:
#   http://bugreport.sun.com/bugreport/crash.jsp
# The crash happened outside the Java Virtual Machine in native code.
# See problematic frame for where to report the bug.
#

---------------  T H R E A D  ---------------

Current thread (0x0000000001da0800):  JavaThread "main" [_thread_in_native, id=8700, stack(0x0000000001c80000,0x0000000001d80000)]

siginfo: ExceptionCode=0xc0000005, writing address 0x0000000000000000

Registers:
RAX=0x0000000000000000, RBX=0x0000000001d7f0a8, RCX=0x0000000000000000, RDX=0x0000000000000000
RSP=0x0000000001d7efb8, RBP=0x0000000001da09d8, RSI=0x0000000000000000, RDI=0x0000000000000000
R8 =0x000000000000003f, R9 =0x03ffffffffffffff, R10=0x0000000000000006, R11=0x0000000061b2cae8
R12=0x0000000000000000, R13=0x000000077d319468, R14=0x0000000001d7f0a8, R15=0x0000000001da0800
RIP=0x0000000063e0c350, EFLAGS=0x0000000000010206

Top of Stack: (sp=0x0000000001d7efb8)
0x0000000001d7efb8:   000007fa581c1f7b 000000077d24ee00
0x0000000001d7efc8:   00000007d639e6b8 00000007831b1c58
0x0000000001d7efd8:   00000007d639e6b8 0000000001ea6374
0x0000000001d7efe8:   0000000001eb23a8 000000077d319468
0x0000000001d7eff8:   0000000001d7f070 000000077d24ee00
0x0000000001d7f008:   000000077d318b90 ffffffffffffffff
0x0000000001d7f018:   0000000001d7f040 0000000001d7f090
0x0000000001d7f028:   0000000001ea6374 0000000001d7f030
0x0000000001d7f038:   0000000000000000 0000000001d7f0a8
0x0000000001d7f048:   000000077d7b8f68 0000000000000000
0x0000000001d7f058:   000000077d319468 0000000000000000
0x0000000001d7f068:   0000000001d7f090 0000000001d7f0f0
0x0000000001d7f078:   0000000001ea63d3 00000007831b1c90
0x0000000001d7f088:   0000000001eaf1db ffffffffffffffff
0x0000000001d7f098:   0000000001ea6374 0000000000000000
0x0000000001d7f0a8:   00000007d639e5e0 0000000001d7f0b0 

Instructions: (pc=0x0000000063e0c350)
0x0000000063e0c330:   89 51 d8 48 89 51 e0 49 ff c9 48 89 51 e8 48 89
0x0000000063e0c340:   51 f0 48 89 51 f8 75 d8 eb 94 66 0f 1f 44 00 00
0x0000000063e0c350:   48 0f c3 11 48 0f c3 51 08 48 0f c3 51 10 48 83
0x0000000063e0c360:   c1 40 48 0f c3 51 d8 48 0f c3 51 e0 49 ff c9 48 


Register to memory mapping:

RAX=0x0000000000000000 is an unknown value
RBX=0x0000000001d7f0a8 is pointing into the stack for thread: 0x0000000001da0800
RCX=0x0000000000000000 is an unknown value
RDX=0x0000000000000000 is an unknown value
RSP=0x0000000001d7efb8 is pointing into the stack for thread: 0x0000000001da0800
RBP=0x0000000001da09d8 is an unknown value
RSI=0x0000000000000000 is an unknown value
RDI=0x0000000000000000 is an unknown value
R8 =0x000000000000003f is an unknown value
R9 =0x03ffffffffffffff is an unknown value
R10=0x0000000000000006 is an unknown value
R11=0x0000000061b2cae8 is an unknown value
R12=0x0000000000000000 is an unknown value
R13=0x000000077d319468 is an oop
{method} 
 - klass: {other class}
R14=0x0000000001d7f0a8 is pointing into the stack for thread: 0x0000000001da0800
R15=0x0000000001da0800 is a thread


Stack: [0x0000000001c80000,0x0000000001d80000],  sp=0x0000000001d7efb8,  free space=1019k
Native frames: (J=compiled Java code, j=interpreted, Vv=VM code, C=native code)
C  [msvcr100.dll+0x3c350]  memset+0xb0

Java frames: (J=compiled Java code, j=interpreted, Vv=VM code)
j  com.googlecode.javacpp.Pointer.memset(Lcom/googlecode/javacpp/Pointer;IJ)Lcom/googlecode/javacpp/Pointer;+0
j  com.googlecode.javacpp.Pointer.fill(I)Lcom/googlecode/javacpp/Pointer;+107
j  com.googlecode.javacpp.Pointer.zero()Lcom/googlecode/javacpp/Pointer;+2
j  com.googlecode.javacv.cpp.opencv_core$IplImage.<init>()V+14
j  capture.OverlayImage.<init>()V+1
j  gui.CoinGUI.main([Ljava/lang/String;)V+918
v  ~StubRoutines::call_stub

---------------  P R O C E S S  ---------------

Java Threads: ( => current thread )
  0x000000000fd72800 JavaThread "TimerQueue" daemon [_thread_blocked, id=15164, stack(0x0000000010d90000,0x0000000010e90000)]
  0x000000000c878000 JavaThread "AWT-EventQueue-0" [_thread_blocked, id=5020, stack(0x000000000d110000,0x000000000d210000)]
  0x000000000c868800 JavaThread "AWT-Windows" daemon [_thread_in_native, id=12792, stack(0x000000000ce10000,0x000000000cf10000)]
  0x000000000c867800 JavaThread "AWT-Shutdown" [_thread_blocked, id=6560, stack(0x000000000cd10000,0x000000000ce10000)]
  0x000000000c864800 JavaThread "Java2D Disposer" daemon [_thread_blocked, id=5248, stack(0x000000000cc10000,0x000000000cd10000)]
  0x000000000ad81000 JavaThread "Service Thread" daemon [_thread_blocked, id=4880, stack(0x000000000c530000,0x000000000c630000)]
  0x000000000ad7a000 JavaThread "C2 CompilerThread1" daemon [_thread_blocked, id=8508, stack(0x000000000c430000,0x000000000c530000)]
  0x000000000ad6f800 JavaThread "C2 CompilerThread0" daemon [_thread_blocked, id=6836, stack(0x000000000c330000,0x000000000c430000)]
  0x000000000ad6e000 JavaThread "Attach Listener" daemon [_thread_blocked, id=5316, stack(0x000000000c230000,0x000000000c330000)]
  0x000000000ad6a800 JavaThread "Signal Dispatcher" daemon [_thread_blocked, id=7444, stack(0x000000000c130000,0x000000000c230000)]
  0x000000000ad06000 JavaThread "Finalizer" daemon [_thread_blocked, id=12844, stack(0x000000000c030000,0x000000000c130000)]
  0x000000000acfd000 JavaThread "Reference Handler" daemon [_thread_blocked, id=14720, stack(0x000000000bf30000,0x000000000c030000)]
=>0x0000000001da0800 JavaThread "main" [_thread_in_native, id=8700, stack(0x0000000001c80000,0x0000000001d80000)]

Other Threads:
  0x000000000acf5800 VMThread [stack: 0x000000000be30000,0x000000000bf30000] [id=11536]
  0x000000000ad9a000 WatcherThread [stack: 0x000000000c630000,0x000000000c730000] [id=4516]

VM state:not at safepoint (normal execution)

VM Mutex/Monitor currently owned by a thread: None

Heap
 PSYoungGen      total 37632K, used 3313K [0x00000007d60b0000, 0x00000007daa30000, 0x0000000800000000)
  eden space 32320K, 10% used [0x00000007d60b0000,0x00000007d63ec4c0,0x00000007d8040000)
  from space 5312K, 0% used [0x00000007d8570000,0x00000007d8570000,0x00000007d8aa0000)
  to   space 5312K, 0% used [0x00000007d8040000,0x00000007d8040000,0x00000007d8570000)
 ParOldGen       total 117952K, used 51984K [0x0000000782200000, 0x0000000789530000, 0x00000007d60b0000)
  object space 117952K, 44% used [0x0000000782200000,0x00000007854c42c0,0x0000000789530000)
 PSPermGen       total 23360K, used 11427K [0x000000077d000000, 0x000000077e6d0000, 0x0000000782200000)
  object space 23360K, 48% used [0x000000077d000000,0x000000077db28f88,0x000000077e6d0000)

Card table byte_map: [0x0000000004f60000,0x0000000005380000] byte_map_base: 0x0000000001378000

Polling page: 0x0000000001c60000

Code Cache  [0x0000000001ea0000, 0x0000000002110000, 0x0000000004ea0000)
 total_blobs=575 nmethods=84 adapters=442 free_code_cache=48410Kb largest_free_block=49538368

Compilation events (10 events):
Event: 1.322 Thread 0x000000000ad7a000 nmethod 77 0x0000000001f4b610 code [0x0000000001f4b740, 0x0000000001f4b7f8]
Event: 1.322 Thread 0x000000000ad6f800 nmethod 78 0x0000000001f4b390 code [0x0000000001f4b4c0, 0x0000000001f4b558]
Event: 1.325 Thread 0x000000000ad6f800   80             java.lang.Math::max (45 bytes)
Event: 1.325 Thread 0x000000000ad7a000   79             java.lang.Math::min (45 bytes)
Event: 1.325 Thread 0x000000000ad6f800 nmethod 80 0x0000000001f42cd0 code [0x0000000001f42e20, 0x0000000001f42eb8]
Event: 1.325 Thread 0x000000000ad7a000 nmethod 79 0x0000000001f42a50 code [0x0000000001f42ba0, 0x0000000001f42c38]
Event: 1.334 Thread 0x000000000ad6f800   81             com.googlecode.javacv.Blobs::OldRegion (343 bytes)
Event: 1.336 Thread 0x000000000ad7a000    3 %           com.googlecode.javacv.Blobs::BlobAnalysis @ 377 (2041 bytes)
Event: 1.343 Thread 0x000000000ad6f800 nmethod 81 0x0000000001f4e990 code [0x0000000001f4eb60, 0x0000000001f4f638]
Event: 1.429 Thread 0x000000000ad7a000 nmethod 3% 0x0000000001f561d0 code [0x0000000001f568c0, 0x0000000001f59ce8]

GC Heap History (6 events):
Event: 1.235 GC heap before
{Heap before GC invocations=1 (full 0):
 PSYoungGen      total 37632K, used 32320K [0x00000007d60b0000, 0x00000007d8aa0000, 0x0000000800000000)
  eden space 32320K, 100% used [0x00000007d60b0000,0x00000007d8040000,0x00000007d8040000)
  from space 5312K, 0% used [0x00000007d8570000,0x00000007d8570000,0x00000007d8aa0000)
  to   space 5312K, 0% used [0x00000007d8040000,0x00000007d8040000,0x00000007d8570000)
 ParOldGen       total 85888K, used 0K [0x0000000782200000, 0x00000007875e0000, 0x00000007d60b0000)
  object space 85888K, 0% used [0x0000000782200000,0x0000000782200000,0x00000007875e0000)
 PSPermGen       total 21248K, used 11419K [0x000000077d000000, 0x000000077e4c0000, 0x0000000782200000)
  object space 21248K, 53% used [0x000000077d000000,0x000000077db26f10,0x000000077e4c0000)
Event: 1.247 GC heap after
Heap after GC invocations=1 (full 0):
 PSYoungGen      total 37632K, used 5304K [0x00000007d60b0000, 0x00000007d8aa0000, 0x0000000800000000)
  eden space 32320K, 0% used [0x00000007d60b0000,0x00000007d60b0000,0x00000007d8040000)
  from space 5312K, 99% used [0x00000007d8040000,0x00000007d856e030,0x00000007d8570000)
  to   space 5312K, 0% used [0x00000007d8570000,0x00000007d8570000,0x00000007d8aa0000)
 ParOldGen       total 85888K, used 31564K [0x0000000782200000, 0x00000007875e0000, 0x00000007d60b0000)
  object space 85888K, 36% used [0x0000000782200000,0x00000007840d3130,0x00000007875e0000)
 PSPermGen       total 21248K, used 11419K [0x000000077d000000, 0x000000077e4c0000, 0x0000000782200000)
  object space 21248K, 53% used [0x000000077d000000,0x000000077db26f10,0x000000077e4c0000)
}
Event: 1.253 GC heap before
{Heap before GC invocations=2 (full 0):
 PSYoungGen      total 37632K, used 37624K [0x00000007d60b0000, 0x00000007d8aa0000, 0x0000000800000000)
  eden space 32320K, 100% used [0x00000007d60b0000,0x00000007d8040000,0x00000007d8040000)
  from space 5312K, 99% used [0x00000007d8040000,0x00000007d856e030,0x00000007d8570000)
  to   space 5312K, 0% used [0x00000007d8570000,0x00000007d8570000,0x00000007d8aa0000)
 ParOldGen       total 85888K, used 31564K [0x0000000782200000, 0x00000007875e0000, 0x00000007d60b0000)
  object space 85888K, 36% used [0x0000000782200000,0x00000007840d3130,0x00000007875e0000)
 PSPermGen       total 21248K, used 11419K [0x000000077d000000, 0x000000077e4c0000, 0x0000000782200000)
  object space 21248K, 53% used [0x000000077d000000,0x000000077db26f10,0x000000077e4c0000)
Event: 1.265 GC heap after
Heap after GC invocations=2 (full 0):
 PSYoungGen      total 37632K, used 5297K [0x00000007d60b0000, 0x00000007daa30000, 0x0000000800000000)
  eden space 32320K, 0% used [0x00000007d60b0000,0x00000007d60b0000,0x00000007d8040000)
  from space 5312K, 99% used [0x00000007d8570000,0x00000007d8a9c4a0,0x00000007d8aa0000)
  to   space 5312K, 0% used [0x00000007d8040000,0x00000007d8040000,0x00000007d8570000)
 ParOldGen       total 85888K, used 63011K [0x0000000782200000, 0x00000007875e0000, 0x00000007d60b0000)
  object space 85888K, 73% used [0x0000000782200000,0x0000000785f88cb0,0x00000007875e0000)
 PSPermGen       total 21248K, used 11419K [0x000000077d000000, 0x000000077e4c0000, 0x0000000782200000)
  object space 21248K, 53% used [0x000000077d000000,0x000000077db26f10,0x000000077e4c0000)
}
Event: 1.265 GC heap before
{Heap before GC invocations=3 (full 1):
 PSYoungGen      total 37632K, used 5297K [0x00000007d60b0000, 0x00000007daa30000, 0x0000000800000000)
  eden space 32320K, 0% used [0x00000007d60b0000,0x00000007d60b0000,0x00000007d8040000)
  from space 5312K, 99% used [0x00000007d8570000,0x00000007d8a9c4a0,0x00000007d8aa0000)
  to   space 5312K, 0% used [0x00000007d8040000,0x00000007d8040000,0x00000007d8570000)
 ParOldGen       total 85888K, used 63011K [0x0000000782200000, 0x00000007875e0000, 0x00000007d60b0000)
  object space 85888K, 73% used [0x0000000782200000,0x0000000785f88cb0,0x00000007875e0000)
 PSPermGen       total 21248K, used 11419K [0x000000077d000000, 0x000000077e4c0000, 0x0000000782200000)
  object space 21248K, 53% used [0x000000077d000000,0x000000077db26f10,0x000000077e4c0000)
Event: 1.296 GC heap after
Heap after GC invocations=3 (full 1):
 PSYoungGen      total 37632K, used 0K [0x00000007d60b0000, 0x00000007daa30000, 0x0000000800000000)
  eden space 32320K, 0% used [0x00000007d60b0000,0x00000007d60b0000,0x00000007d8040000)
  from space 5312K, 0% used [0x00000007d8570000,0x00000007d8570000,0x00000007d8aa0000)
  to   space 5312K, 0% used [0x00000007d8040000,0x00000007d8040000,0x00000007d8570000)
 ParOldGen       total 117952K, used 51984K [0x0000000782200000, 0x0000000789530000, 0x00000007d60b0000)
  object space 117952K, 44% used [0x0000000782200000,0x00000007854c42c0,0x0000000789530000)
 PSPermGen       total 23360K, used 11415K [0x000000077d000000, 0x000000077e6d0000, 0x0000000782200000)
  object space 23360K, 48% used [0x000000077d000000,0x000000077db25de8,0x000000077e6d0000)
}

Deoptimization events (1 events):
Event: 0.236 Thread 0x0000000001da0800 Uncommon trap -34 fr.pc 0x0000000001f11450

Internal exceptions (10 events):
Event: 1.054 Thread 0x0000000001da0800 Threw 0x00000007d7645b88 at C:\jdk7u2_64p\jdk7u17\hotspot\src\share\vm\prims\jvm.cpp:1166
Event: 1.055 Thread 0x0000000001da0800 Threw 0x00000007d764f138 at C:\jdk7u2_64p\jdk7u17\hotspot\src\share\vm\prims\jvm.cpp:1166
Event: 1.093 Thread 0x0000000001da0800 Threw 0x00000007d769f428 at C:\jdk7u2_64p\jdk7u17\hotspot\src\share\vm\prims\jvm.cpp:1166
Event: 1.093 Thread 0x0000000001da0800 Threw 0x00000007d76a8100 at C:\jdk7u2_64p\jdk7u17\hotspot\src\share\vm\prims\jvm.cpp:1166
Event: 1.094 Thread 0x0000000001da0800 Threw 0x00000007d76b1418 at C:\jdk7u2_64p\jdk7u17\hotspot\src\share\vm\prims\jvm.cpp:1166
Event: 1.094 Thread 0x0000000001da0800 Threw 0x00000007d76b88b0 at C:\jdk7u2_64p\jdk7u17\hotspot\src\share\vm\prims\jvm.cpp:1166
Event: 1.103 Thread 0x0000000001da0800 Threw 0x00000007d76eeef0 at C:\jdk7u2_64p\jdk7u17\hotspot\src\share\vm\prims\jvm.cpp:1166
Event: 1.224 Thread 0x0000000001da0800 Threw 0x00000007d7793fd0 at C:\jdk7u2_64p\jdk7u17\hotspot\src\share\vm\prims\jvm.cpp:1166
Event: 1.230 Thread 0x0000000001da0800 Threw 0x00000007d779f7b0 at C:\jdk7u2_64p\jdk7u17\hotspot\src\share\vm\prims\jvm.cpp:1166
Event: 1.520 Thread 0x0000000001da0800 Threw 0x00000007d639d210 at C:\jdk7u2_64p\jdk7u17\hotspot\src\share\vm\prims\jvm.cpp:1166

Events (10 events):
Event: 1.224 loading class 0x000000000ad62ab0
Event: 1.224 loading class 0x000000000ad62ab0 done
Event: 1.230 loading class 0x000000000d5fb3c0
Event: 1.230 loading class 0x000000000d5fb3c0 done
Event: 1.235 Executing VM operation: ParallelGCFailedAllocation
Event: 1.247 Executing VM operation: ParallelGCFailedAllocation done
Event: 1.253 Executing VM operation: ParallelGCFailedAllocation
Event: 1.296 Executing VM operation: ParallelGCFailedAllocation done
Event: 1.520 loading class 0x000000000ad62c60
Event: 1.520 loading class 0x000000000ad62c60 done


Dynamic libraries:
0x000007f733000000 - 0x000007f733033000 	C:\Users\Ben\Documents\EclipseWorking\jre\bin\javaw.exe
0x000007fa6b740000 - 0x000007fa6b900000 	C:\Windows\SYSTEM32\ntdll.dll
0x000007fa68b90000 - 0x000007fa68cc6000 	C:\Windows\system32\KERNEL32.DLL
0x000007fa68a00000 - 0x000007fa68af3000 	C:\Windows\system32\KERNELBASE.dll
0x000007fa69570000 - 0x000007fa6964e000 	C:\Windows\system32\ADVAPI32.dll
0x000007fa69240000 - 0x000007fa6938c000 	C:\Windows\system32\USER32.dll
0x000007fa65f90000 - 0x000007fa661fa000 	C:\Windows\WinSxS\amd64_microsoft.windows.common-controls_6595b64144ccf1df_6.0.9200.16579_none_418ab7ef718b27ef\COMCTL32.dll
0x000007fa6b5e0000 - 0x000007fa6b685000 	C:\Windows\system32\msvcrt.dll
0x000007fa6a2b0000 - 0x000007fa6a2f8000 	C:\Windows\SYSTEM32\sechost.dll
0x000007fa69890000 - 0x000007fa699d5000 	C:\Windows\system32\RPCRT4.dll
0x000007fa69fd0000 - 0x000007fa6a111000 	C:\Windows\system32\GDI32.dll
0x000007fa69200000 - 0x000007fa69239000 	C:\Windows\system32\IMM32.DLL
0x000007fa6a190000 - 0x000007fa6a2a6000 	C:\Windows\system32\MSCTF.dll
0x0000000063dd0000 - 0x0000000063ea1000 	C:\Users\Ben\Documents\EclipseWorking\jre\bin\msvcr100.dll
0x0000000061480000 - 0x0000000061b9f000 	C:\Users\Ben\Documents\EclipseWorking\jre\bin\server\jvm.dll
0x000007fa5dd50000 - 0x000007fa5dd59000 	C:\Windows\SYSTEM32\WSOCK32.dll
0x000007fa639b0000 - 0x000007fa639d0000 	C:\Windows\SYSTEM32\WINMM.dll
0x000007fa69880000 - 0x000007fa69887000 	C:\Windows\system32\PSAPI.DLL
0x000007fa68b30000 - 0x000007fa68b88000 	C:\Windows\system32\WS2_32.dll
0x000007fa63970000 - 0x000007fa639a3000 	C:\Windows\SYSTEM32\WINMMBASE.dll
0x000007fa69a60000 - 0x000007fa69a69000 	C:\Windows\system32\NSI.dll
0x000007fa689b0000 - 0x000007fa689ff000 	C:\Windows\SYSTEM32\cfgmgr32.dll
0x000007fa68b00000 - 0x000007fa68b22000 	C:\Windows\system32\DEVOBJ.dll
0x0000000064d60000 - 0x0000000064d6f000 	C:\Users\Ben\Documents\EclipseWorking\jre\bin\verify.dll
0x0000000063da0000 - 0x0000000063dc8000 	C:\Users\Ben\Documents\EclipseWorking\jre\bin\java.dll
0x0000000063d80000 - 0x0000000063d95000 	C:\Users\Ben\Documents\EclipseWorking\jre\bin\zip.dll
0x0000000062ba0000 - 0x0000000062d33000 	C:\Users\Ben\Documents\EclipseWorking\jre\bin\awt.dll
0x000007fa69650000 - 0x000007fa69713000 	C:\Windows\system32\OLEAUT32.dll
0x000007fa68f60000 - 0x000007fa69110000 	C:\Windows\system32\combase.dll
0x000007fa63af0000 - 0x000007fa63b8f000 	C:\Windows\system32\apphelp.dll
0x000007fa67480000 - 0x000007fa67566000 	C:\Windows\system32\uxtheme.dll
0x000007fa666d0000 - 0x000007fa666f1000 	C:\Windows\SYSTEM32\dwmapi.dll
0x000007fa69a80000 - 0x000007fa69bfe000 	C:\Windows\system32\ole32.dll
0x000007fa68430000 - 0x000007fa6843a000 	C:\Windows\SYSTEM32\CRYPTBASE.dll
0x000007fa683d0000 - 0x000007fa6842c000 	C:\Windows\SYSTEM32\bcryptPrimitives.dll
0x000007fa6a300000 - 0x000007fa6b5e0000 	C:\Windows\system32\SHELL32.dll
0x000007fa69110000 - 0x000007fa69160000 	C:\Windows\system32\SHLWAPI.dll
0x000007fa669b0000 - 0x000007fa66a46000 	C:\Windows\SYSTEM32\shcore.dll
0x0000000060fb0000 - 0x0000000061081000 	C:\Users\Ben\AppData\Local\Temp\javacpp389106856483017\msvcr100.dll
0x0000000060f10000 - 0x0000000060fa8000 	C:\Users\Ben\AppData\Local\Temp\javacpp389106856483017\msvcp100.dll
0x0000000066840000 - 0x00000000675ca000 	C:\Users\Ben\AppData\Local\Temp\javacpp389106856483017\opencv_ffmpeg246_64.dll
0x000007fa49e20000 - 0x000007fa4a08f000 	C:\Users\Ben\AppData\Local\Temp\javacpp389106856483017\opencv_core246.dll
0x000007fa49b60000 - 0x000007fa49e13000 	C:\Users\Ben\AppData\Local\Temp\javacpp389106856483017\opencv_imgproc246.dll
0x000007fa48620000 - 0x000007fa48870000 	C:\Users\Ben\AppData\Local\Temp\javacpp389106856483017\opencv_highgui246.dll
0x000007fa62d60000 - 0x000007fa62d80000 	C:\Windows\SYSTEM32\AVIFIL32.dll
0x000007fa62d30000 - 0x000007fa62d59000 	C:\Windows\SYSTEM32\MSVFW32.dll
0x000007fa62d10000 - 0x000007fa62d27000 	C:\Windows\SYSTEM32\AVICAP32.dll
0x000007fa5a930000 - 0x000007fa5a949000 	C:\Windows\SYSTEM32\MSACM32.dll
0x000007fa65780000 - 0x000007fa65789000 	C:\Windows\SYSTEM32\VERSION.dll
0x000007fa581c0000 - 0x000007fa581d3000 	C:\Users\Ben\AppData\Local\Temp\javacpp389106856483017\jniopencv_highgui.dll
0x000007fa69160000 - 0x000007fa691f6000 	C:\Windows\SYSTEM32\clbcatq.dll
0x000007fa62cd0000 - 0x000007fa62ce7000 	C:\Windows\System32\devenum.dll
0x000007fa69390000 - 0x000007fa69560000 	C:\Windows\system32\setupapi.dll
0x000007fa66f20000 - 0x000007fa66f4e000 	C:\Windows\SYSTEM32\ntmarta.dll
0x000007fa686c0000 - 0x000007fa68715000 	C:\Windows\system32\WINTRUST.dll
0x000007fa687d0000 - 0x000007fa689a1000 	C:\Windows\system32\CRYPT32.dll
0x000007fa686a0000 - 0x000007fa686b6000 	C:\Windows\system32\MSASN1.dll
0x000007fa65de0000 - 0x000007fa65ded000 	C:\Windows\SYSTEM32\msdmo.dll
0x000007fa5b830000 - 0x000007fa5b85f000 	C:\Windows\System32\qcap.dll
0x000007fa4bbb0000 - 0x000007fa4bd68000 	C:\Windows\System32\quartz.dll
0x000007fa5b7f0000 - 0x000007fa5b82f000 	C:\Windows\System32\ksproxy.ax
0x000007fa5cb80000 - 0x000007fa5cb87000 	C:\Windows\System32\ksuser.dll
0x000007fa4ef00000 - 0x000007fa4f100000 	C:\Windows\System32\d3d9.dll
0x000007fa65930000 - 0x000007fa6593c000 	C:\Windows\System32\vidcap.ax
0x000007fa5b7c0000 - 0x000007fa5b7e4000 	C:\Windows\System32\kswdmcap.ax
0x000007fa53c30000 - 0x000007fa53d84000 	C:\Windows\System32\MFC42.dll
0x000007fa58810000 - 0x000007fa588ce000 	C:\Windows\System32\ODBC32.dll
0x000007fa589c0000 - 0x000007fa58a55000 	C:\Windows\System32\qedit.dll
0x000007fa6b690000 - 0x000007fa6b731000 	C:\Windows\system32\COMDLG32.dll
0x000007fa63490000 - 0x000007fa63630000 	C:\Windows\WinSxS\amd64_microsoft.windows.gdiplus_6595b64144ccf1df_1.1.9200.16518_none_726fbfe0cc22f012\gdiplus.dll
0x000007fa5aeb0000 - 0x000007fa5af9a000 	C:\Windows\SYSTEM32\DDRAW.dll
0x000007fa65640000 - 0x000007fa65648000 	C:\Windows\SYSTEM32\DCIMAN32.dll
0x000007fa64e90000 - 0x000007fa64e9b000 	C:\Windows\SYSTEM32\msyuv.dll
0x0000000062b60000 - 0x0000000062b94000 	C:\Users\Ben\Documents\EclipseWorking\jre\bin\fontmanager.dll
0x000007fa4dfa0000 - 0x000007fa4e03a000 	C:\Users\Ben\AppData\Local\Temp\javacpp389106856483017\jniopencv_core.dll
0x0000000063710000 - 0x0000000063729000 	C:\Users\Ben\Documents\EclipseWorking\jre\bin\net.dll
0x000007fa67e40000 - 0x000007fa67e9c000 	C:\Windows\system32\mswsock.dll
0x0000000062a90000 - 0x0000000062aa1000 	C:\Users\Ben\Documents\EclipseWorking\jre\bin\nio.dll
0x0000000061390000 - 0x00000000613d1000 	C:\Users\Ben\Documents\EclipseWorking\jre\bin\t2k.dll
0x000007fa52f50000 - 0x000007fa52f9c000 	C:\Users\Ben\AppData\Local\Temp\javacpp389106856483017\jniopencv_imgproc.dll
0x000007fa65060000 - 0x000007fa651f3000 	C:\Windows\SYSTEM32\WindowsCodecs.dll
0x000007fa685f0000 - 0x000007fa68605000 	C:\Windows\SYSTEM32\profapi.dll
0x000007fa4d4f0000 - 0x000007fa4d58a000 	C:\Users\Ben\AppData\Local\Temp\javacpp389106856483017\opencv_flann246.dll
0x000007fa4caa0000 - 0x000007fa4cb7a000 	C:\Users\Ben\AppData\Local\Temp\javacpp389106856483017\opencv_features2d246.dll
0x000007fa52b20000 - 0x000007fa52b65000 	C:\Users\Ben\AppData\Local\Temp\javacpp389106856483017\jniopencv_features2d.dll
0x000007fa66540000 - 0x000007fa666a3000 	C:\Windows\SYSTEM32\dbghelp.dll

VM Arguments:
jvm_args: -Dfile.encoding=Cp1252 
java_command: gui.CoinGUI
Launcher Type: SUN_STANDARD

Environment Variables:
PATH=C:/Users/Ben/Documents/1. UNI/2013/SEM1/CSSE2002/eclipse-jee-juno-SR2-win32-x86_64/eclipse/jre/bin/server;C:/Users/Ben/Documents/1. UNI/2013/SEM1/CSSE2002/eclipse-jee-juno-SR2-win32-x86_64/eclipse/jre/bin;C:/Users/Ben/Documents/1. UNI/2013/SEM1/CSSE2002/eclipse-jee-juno-SR2-win32-x86_64/eclipse/jre/lib/amd64;C:\Program Files (x86)\Pololu\Maestro\bin;C:\Program Files\Java\jdk1.7.0_17\bin;C:\opencv\build\x64\vc10\bin;;C:\Program Files\PrimeSense\NITE\bin64;C:\Program Files (x86)\Pololu\Maestro\bin;;C:\Users\Ben\Documents\1. UNI\2013\SEM1\CSSE2002\eclipse-jee-juno-SR2-win32-x86_64\eclipse;
USERNAME=Ben
OS=Windows_NT
PROCESSOR_IDENTIFIER=Intel64 Family 6 Model 58 Stepping 9, GenuineIntel



---------------  S Y S T E M  ---------------

OS: Windows 8 , 64 bit Build 9200 

CPU:total 4 (2 cores per cpu, 2 threads per core) family 6 model 58 stepping 9, cmov, cx8, fxsr, mmx, sse, sse2, sse3, ssse3, sse4.1, sse4.2, popcnt, avx, ht, tsc, tscinvbit, tscinv

Memory: 4k page, physical 8244036k(3708500k free), swap 11413040k(2308848k free)

vm_info: Java HotSpot(TM) 64-Bit Server VM (23.7-b01) for windows-amd64 JRE (1.7.0_17-b02), built on Mar  1 2013 03:38:30 by "java_re" with unknown MS VC++:1600

time: Sat Oct 19 23:09:27 2013
elapsed time: 1 seconds

