#
# A fatal error has been detected by the Java Runtime Environment:
#
#  EXCEPTION_ACCESS_VIOLATION (0xc0000005) at pc=0x00000000549e4065, pid=4052, tid=2212
#
# JRE version: 7.0_17-b02
# Java VM: Java HotSpot(TM) 64-Bit Server VM (23.7-b01 mixed mode windows-amd64 compressed oops)
# Problematic frame:
# V  [jvm.dll+0x194065]
#
# Failed to write core dump. Minidumps are not enabled by default on client versions of Windows
#
# If you would like to submit a bug report, please visit:
#   http://bugreport.sun.com/bugreport/crash.jsp
#

---------------  T H R E A D  ---------------

Current thread (0x0000000002700800):  JavaThread "main" [_thread_in_vm, id=2212, stack(0x00000000025c0000,0x00000000026c0000)]

siginfo: ExceptionCode=0xc0000005, reading address 0xffffffffffffffff

Registers:
RAX=0x0000000002700800, RBX=0x0000000002700800, RCX=0x0000000000000009, RDX=0x00000000026befe8
RSP=0x00000000026bef00, RBP=0x00000000026befb0, RSI=0xcbcbcfcbcbcdcbcb, RDI=0x0000000000000091
R8 =0xcbcbcfcbcbcdcbcb, R9 =0x0000000000000091, R10=0x00000000028b237c, R11=0x0000000054a11f50
R12=0x0000000000000000, R13=0x000000077d0d1ef8, R14=0x00000000026befe8, R15=0x0000000002700800
RIP=0x00000000549e4065, EFLAGS=0x0000000000010246

Top of Stack: (sp=0x00000000026bef00)
0x00000000026bef00:   00000000026bf030 0000000002700800
0x00000000026bef10:   00000000026befb0 0000000002701058
0x00000000026bef20:   00000000028a63d3 00000000028b23a8
0x00000000026bef30:   000000077d0d1ef8 000000077d2292a8
0x00000000026bef40:   00000000000000b6 0000000002701028
0x00000000026bef50:   0000000002701008 0000000002701028
0x00000000026bef60:   0000000002700800 00000000026bf048
0x00000000026bef70:   00000000026bef70 000000077d0d1ef8
0x00000000026bef80:   00000000026befe8 000000077d0d5c10
0x00000000026bef90:   0000000000000000 000000077d0d1ef8
0x00000000026befa0:   0000000000000000 00000000026befd0
0x00000000026befb0:   00000000026bf030 00000000028a61f8
0x00000000026befc0:   0000000000000000 00000000028af1d8
0x00000000026befd0:   0000000000000091 cbcbcfcbcbcdcbcb
0x00000000026befe0:   00000007d69fb898 00000007d60b72e8
0x00000000026beff0:   00000000026beff0 000000077d474444 

Instructions: (pc=0x00000000549e4065)
0x00000000549e4045:   15 04 00 c7 83 50 02 00 00 06 00 00 00 8b 0d b0
0x00000000549e4055:   3b 4d 00 ff 15 4a e3 35 00 c6 80 74 02 00 00 01
0x00000000549e4065:   66 89 3e c6 80 74 02 00 00 00 48 8b 7b 48 48 8b
0x00000000549e4075:   4f 10 48 8b 77 08 48 83 39 00 74 05 e8 1a 6d ef 


Register to memory mapping:

RAX=0x0000000002700800 is a thread
RBX=0x0000000002700800 is a thread
RCX=0x0000000000000009 is an unknown value
RDX=0x00000000026befe8 is pointing into the stack for thread: 0x0000000002700800
RSP=0x00000000026bef00 is pointing into the stack for thread: 0x0000000002700800
RBP=0x00000000026befb0 is pointing into the stack for thread: 0x0000000002700800
RSI=0xcbcbcfcbcbcdcbcb is an unknown value
RDI=0x0000000000000091 is an unknown value
R8 =0xcbcbcfcbcbcdcbcb is an unknown value
R9 =0x0000000000000091 is an unknown value
R10=0x00000000028b237c is an Interpreter codelet
method entry point (kind = native)  [0x00000000028b2100, 0x00000000028b2980]  2176 bytes
R11=0x0000000054a11f50 is an unknown value
R12=0x0000000000000000 is an unknown value
R13=0x000000077d0d1ef8 is an oop
{method} 
 - klass: {other class}
R14=0x00000000026befe8 is pointing into the stack for thread: 0x0000000002700800
R15=0x0000000002700800 is a thread


Stack: [0x00000000025c0000,0x00000000026c0000],  sp=0x00000000026bef00,  free space=1019k
Native frames: (J=compiled Java code, j=interpreted, Vv=VM code, C=native code)
V  [jvm.dll+0x194065]
j  java.nio.DirectShortBufferU.put(S)Ljava/nio/ShortBuffer;+12
j  com.googlecode.javacv.cpp.opencv_core$CvMat.put(I[DII)Lcom/googlecode/javacv/cpp/opencv_core$CvMat;+127
j  com.googlecode.javacv.cpp.opencv_core$CvMat.put(I[D)Lcom/googlecode/javacv/cpp/opencv_core$CvMat;+6
j  com.googlecode.javacv.cpp.opencv_core$CvMat.put([D)Lcom/googlecode/javacv/cpp/opencv_core$CvMat;+3
j  functions.Sifter.sift(Lcom/googlecode/javacv/cpp/opencv_core$IplImage;)V+295
j  functions.Sifter.<init>(Lcom/googlecode/javacv/cpp/opencv_core$IplImage;)V+21
j  functions.Sifter.main([Ljava/lang/String;)V+22
v  ~StubRoutines::call_stub

Java frames: (J=compiled Java code, j=interpreted, Vv=VM code)
j  sun.misc.Unsafe.putShort(JS)V+0
j  java.nio.DirectShortBufferU.put(S)Ljava/nio/ShortBuffer;+12
j  com.googlecode.javacv.cpp.opencv_core$CvMat.put(I[DII)Lcom/googlecode/javacv/cpp/opencv_core$CvMat;+127
j  com.googlecode.javacv.cpp.opencv_core$CvMat.put(I[D)Lcom/googlecode/javacv/cpp/opencv_core$CvMat;+6
j  com.googlecode.javacv.cpp.opencv_core$CvMat.put([D)Lcom/googlecode/javacv/cpp/opencv_core$CvMat;+3
j  functions.Sifter.sift(Lcom/googlecode/javacv/cpp/opencv_core$IplImage;)V+295
j  functions.Sifter.<init>(Lcom/googlecode/javacv/cpp/opencv_core$IplImage;)V+21
j  functions.Sifter.main([Ljava/lang/String;)V+22
v  ~StubRoutines::call_stub

---------------  P R O C E S S  ---------------

Java Threads: ( => current thread )
  0x000000000b75a800 JavaThread "Service Thread" daemon [_thread_blocked, id=7528, stack(0x000000000cef0000,0x000000000cff0000)]
  0x000000000b752800 JavaThread "C2 CompilerThread1" daemon [_thread_blocked, id=7872, stack(0x000000000cdf0000,0x000000000cef0000)]
  0x000000000b742000 JavaThread "C2 CompilerThread0" daemon [_thread_blocked, id=7724, stack(0x000000000ccf0000,0x000000000cdf0000)]
  0x000000000b73e000 JavaThread "Attach Listener" daemon [_thread_blocked, id=5008, stack(0x000000000cbf0000,0x000000000ccf0000)]
  0x000000000b73a800 JavaThread "Signal Dispatcher" daemon [_thread_blocked, id=7932, stack(0x000000000caf0000,0x000000000cbf0000)]
  0x000000000b6d6000 JavaThread "Finalizer" daemon [_thread_blocked, id=2208, stack(0x000000000c9f0000,0x000000000caf0000)]
  0x000000000b6cd000 JavaThread "Reference Handler" daemon [_thread_blocked, id=432, stack(0x000000000c8f0000,0x000000000c9f0000)]
=>0x0000000002700800 JavaThread "main" [_thread_in_vm, id=2212, stack(0x00000000025c0000,0x00000000026c0000)]

Other Threads:
  0x000000000b6c5800 VMThread [stack: 0x000000000c7f0000,0x000000000c8f0000] [id=7500]
  0x000000000b773000 WatcherThread [stack: 0x000000000cff0000,0x000000000d0f0000] [id=8120]

VM state:not at safepoint (normal execution)

VM Mutex/Monitor currently owned by a thread: None

Heap
 PSYoungGen      total 37632K, used 9810K [0x00000007d60b0000, 0x00000007d8aa0000, 0x0000000800000000)
  eden space 32320K, 30% used [0x00000007d60b0000,0x00000007d6a44978,0x00000007d8040000)
  from space 5312K, 0% used [0x00000007d8570000,0x00000007d8570000,0x00000007d8aa0000)
  to   space 5312K, 0% used [0x00000007d8040000,0x00000007d8040000,0x00000007d8570000)
 ParOldGen       total 85888K, used 0K [0x0000000782200000, 0x00000007875e0000, 0x00000007d60b0000)
  object space 85888K, 0% used [0x0000000782200000,0x0000000782200000,0x00000007875e0000)
 PSPermGen       total 21248K, used 4567K [0x000000077d000000, 0x000000077e4c0000, 0x0000000782200000)
  object space 21248K, 21% used [0x000000077d000000,0x000000077d475c40,0x000000077e4c0000)

Card table byte_map: [0x0000000005960000,0x0000000005d80000] byte_map_base: 0x0000000001d78000

Polling page: 0x00000000026c0000

Code Cache  [0x00000000028a0000, 0x0000000002b10000, 0x00000000058a0000)
 total_blobs=314 nmethods=51 adapters=214 free_code_cache=48635Kb largest_free_block=49783616

Compilation events (10 events):
Event: 0.609 Thread 0x000000000b752800   47  s          java.io.ByteArrayOutputStream::write (32 bytes)
Event: 0.609 Thread 0x000000000b742000   48             java.io.DataOutputStream::incCount (20 bytes)
Event: 0.609 Thread 0x000000000b742000 nmethod 48 0x000000000291fb10 code [0x000000000291fc40, 0x000000000291fcb8]
Event: 0.611 Thread 0x000000000b752800 nmethod 47 0x000000000291cbd0 code [0x000000000291cd20, 0x000000000291d108]
Event: 0.614 Thread 0x000000000b742000   49             java.net.URI::quote (208 bytes)
Event: 0.620 Thread 0x000000000b742000 nmethod 49 0x0000000002920510 code [0x0000000002920700, 0x0000000002920c80]
Event: 0.664 Thread 0x000000000b752800   50             java.lang.String::startsWith (7 bytes)
Event: 0.666 Thread 0x000000000b752800 nmethod 50 0x00000000029200d0 code [0x0000000002920220, 0x0000000002920398]
Event: 0.722 Thread 0x000000000b742000   51             java.lang.String::getChars (62 bytes)
Event: 0.723 Thread 0x000000000b742000 nmethod 51 0x0000000002922550 code [0x00000000029226a0, 0x00000000029227d8]

GC Heap History (0 events):
No events

Deoptimization events (0 events):
No events

Internal exceptions (10 events):
Event: 0.604 Thread 0x0000000002700800 Threw 0x00000007d6897f10 at C:\jdk7u2_64p\jdk7u17\hotspot\src\share\vm\prims\jvm.cpp:1166
Event: 0.605 Thread 0x0000000002700800 Threw 0x00000007d689d368 at C:\jdk7u2_64p\jdk7u17\hotspot\src\share\vm\prims\jvm.cpp:1166
Event: 0.605 Thread 0x0000000002700800 Threw 0x00000007d68a2e90 at C:\jdk7u2_64p\jdk7u17\hotspot\src\share\vm\prims\jvm.cpp:1166
Event: 0.605 Thread 0x0000000002700800 Threw 0x00000007d68a8e00 at C:\jdk7u2_64p\jdk7u17\hotspot\src\share\vm\prims\jvm.cpp:1166
Event: 0.606 Thread 0x0000000002700800 Threw 0x00000007d68af170 at C:\jdk7u2_64p\jdk7u17\hotspot\src\share\vm\prims\jvm.cpp:1166
Event: 0.607 Thread 0x0000000002700800 Threw 0x00000007d68b5318 at C:\jdk7u2_64p\jdk7u17\hotspot\src\share\vm\prims\jvm.cpp:1166
Event: 0.607 Thread 0x0000000002700800 Threw 0x00000007d68bb440 at C:\jdk7u2_64p\jdk7u17\hotspot\src\share\vm\prims\jvm.cpp:1166
Event: 0.607 Thread 0x0000000002700800 Threw 0x00000007d68c1ac8 at C:\jdk7u2_64p\jdk7u17\hotspot\src\share\vm\prims\jvm.cpp:1166
Event: 0.610 Thread 0x0000000002700800 Threw 0x00000007d68d4038 at C:\jdk7u2_64p\jdk7u17\hotspot\src\share\vm\prims\jvm.cpp:1166
Event: 0.647 Thread 0x0000000002700800 Threw 0x00000007d6928688 at C:\jdk7u2_64p\jdk7u17\hotspot\src\share\vm\prims\jvm.cpp:1166

Events (10 events):
Event: 0.744 loading class 0x000000000b733bf0
Event: 0.744 loading class 0x000000000b733bf0 done
Event: 0.744 loading class 0x000000000b6f8520
Event: 0.744 loading class 0x000000000b6f8520 done
Event: 0.745 loading class 0x000000000b733ef0
Event: 0.745 loading class 0x000000000b733ef0 done
Event: 0.745 loading class 0x000000000b6f8fa0
Event: 0.745 loading class 0x000000000b6f8fa0 done
Event: 0.746 loading class 0x000000000b733fb0
Event: 0.746 loading class 0x000000000b733fb0 done


Dynamic libraries:
0x000007f7efe00000 - 0x000007f7efe33000 	C:\Users\Ben\Documents\EclipseWorking\jre\bin\javaw.exe
0x000007fd803d0000 - 0x000007fd80590000 	C:\Windows\SYSTEM32\ntdll.dll
0x000007fd7e270000 - 0x000007fd7e3a6000 	C:\Windows\system32\KERNEL32.DLL
0x000007fd7d480000 - 0x000007fd7d573000 	C:\Windows\system32\KERNELBASE.dll
0x000007fd7e560000 - 0x000007fd7e63e000 	C:\Windows\system32\ADVAPI32.dll
0x000007fd7de30000 - 0x000007fd7df7c000 	C:\Windows\system32\USER32.dll
0x000007fd7ab50000 - 0x000007fd7adba000 	C:\Windows\WinSxS\amd64_microsoft.windows.common-controls_6595b64144ccf1df_6.0.9200.16579_none_418ab7ef718b27ef\COMCTL32.dll
0x000007fd7d8c0000 - 0x000007fd7d965000 	C:\Windows\system32\msvcrt.dll
0x000007fd7d970000 - 0x000007fd7d9b8000 	C:\Windows\SYSTEM32\sechost.dll
0x000007fd7e7f0000 - 0x000007fd7e935000 	C:\Windows\system32\RPCRT4.dll
0x000007fd7db40000 - 0x000007fd7dc81000 	C:\Windows\system32\GDI32.dll
0x000007fd7d7c0000 - 0x000007fd7d7f9000 	C:\Windows\system32\IMM32.DLL
0x000007fd7df80000 - 0x000007fd7e096000 	C:\Windows\system32\MSCTF.dll
0x0000000054f70000 - 0x0000000055041000 	C:\Users\Ben\Documents\EclipseWorking\jre\bin\msvcr100.dll
0x0000000054850000 - 0x0000000054f6f000 	C:\Users\Ben\Documents\EclipseWorking\jre\bin\server\jvm.dll
0x000007fd72900000 - 0x000007fd72909000 	C:\Windows\SYSTEM32\WSOCK32.dll
0x000007fd78ed0000 - 0x000007fd78ef0000 	C:\Windows\SYSTEM32\WINMM.dll
0x000007fd80370000 - 0x000007fd80377000 	C:\Windows\system32\PSAPI.DLL
0x000007fd7ff20000 - 0x000007fd7ff78000 	C:\Windows\system32\WS2_32.dll
0x000007fd78e90000 - 0x000007fd78ec3000 	C:\Windows\SYSTEM32\WINMMBASE.dll
0x000007fd7d9c0000 - 0x000007fd7d9c9000 	C:\Windows\system32\NSI.dll
0x000007fd7d400000 - 0x000007fd7d44f000 	C:\Windows\SYSTEM32\cfgmgr32.dll
0x000007fd7d450000 - 0x000007fd7d472000 	C:\Windows\system32\DEVOBJ.dll
0x0000000056a10000 - 0x0000000056a1f000 	C:\Users\Ben\Documents\EclipseWorking\jre\bin\verify.dll
0x0000000054820000 - 0x0000000054848000 	C:\Users\Ben\Documents\EclipseWorking\jre\bin\java.dll
0x0000000054800000 - 0x0000000054815000 	C:\Users\Ben\Documents\EclipseWorking\jre\bin\zip.dll
0x0000000054720000 - 0x00000000547f1000 	C:\Users\Ben\AppData\Local\Temp\javacpp12424977995586\msvcr100.dll
0x0000000054680000 - 0x0000000054718000 	C:\Users\Ben\AppData\Local\Temp\javacpp12424977995586\msvcp100.dll
0x0000000066840000 - 0x00000000675ca000 	C:\Users\Ben\AppData\Local\Temp\javacpp12424977995586\opencv_ffmpeg246_64.dll
0x000007fd61fa0000 - 0x000007fd6220f000 	C:\Users\Ben\AppData\Local\Temp\javacpp12424977995586\opencv_core246.dll
0x000007fd61ce0000 - 0x000007fd61f93000 	C:\Users\Ben\AppData\Local\Temp\javacpp12424977995586\opencv_imgproc246.dll
0x000007fd619a0000 - 0x000007fd61bf0000 	C:\Users\Ben\AppData\Local\Temp\javacpp12424977995586\opencv_highgui246.dll
0x000007fd7e3e0000 - 0x000007fd7e55e000 	C:\Windows\system32\ole32.dll
0x000007fd7da70000 - 0x000007fd7db33000 	C:\Windows\system32\OLEAUT32.dll
0x000007fd6e890000 - 0x000007fd6e8b0000 	C:\Windows\SYSTEM32\AVIFIL32.dll
0x000007fd66ed0000 - 0x000007fd66ef9000 	C:\Windows\SYSTEM32\MSVFW32.dll
0x000007fd6d5b0000 - 0x000007fd6d5c7000 	C:\Windows\SYSTEM32\AVICAP32.dll
0x000007fd7e640000 - 0x000007fd7e7f0000 	C:\Windows\SYSTEM32\combase.dll
0x000007fd710c0000 - 0x000007fd710d9000 	C:\Windows\SYSTEM32\MSACM32.dll
0x000007fd7ec40000 - 0x000007fd7ff20000 	C:\Windows\system32\SHELL32.dll
0x000007fd728b0000 - 0x000007fd728b9000 	C:\Windows\SYSTEM32\VERSION.dll
0x000007fd80380000 - 0x000007fd803d0000 	C:\Windows\system32\SHLWAPI.dll
0x000007fd670d0000 - 0x000007fd670e3000 	C:\Users\Ben\AppData\Local\Temp\javacpp12424977995586\jniopencv_highgui.dll
0x000007fd63540000 - 0x000007fd635da000 	C:\Users\Ben\AppData\Local\Temp\javacpp12424977995586\jniopencv_core.dll
0x000007fd61900000 - 0x000007fd6199a000 	C:\Users\Ben\AppData\Local\Temp\javacpp12424977995586\opencv_flann246.dll
0x000007fd61820000 - 0x000007fd618fa000 	C:\Users\Ben\AppData\Local\Temp\javacpp12424977995586\opencv_features2d246.dll
0x000007fd64450000 - 0x000007fd64495000 	C:\Users\Ben\AppData\Local\Temp\javacpp12424977995586\jniopencv_features2d.dll
0x000007fd66230000 - 0x000007fd66393000 	C:\Windows\SYSTEM32\dbghelp.dll

VM Arguments:
jvm_args: -Dfile.encoding=Cp1252 
java_command: functions.Sifter
Launcher Type: SUN_STANDARD

Environment Variables:
PATH=C:/Users/Ben/Documents/1. UNI/2013/SEM1/CSSE2002/eclipse-jee-juno-SR2-win32-x86_64/eclipse/jre/bin/server;C:/Users/Ben/Documents/1. UNI/2013/SEM1/CSSE2002/eclipse-jee-juno-SR2-win32-x86_64/eclipse/jre/bin;C:/Users/Ben/Documents/1. UNI/2013/SEM1/CSSE2002/eclipse-jee-juno-SR2-win32-x86_64/eclipse/jre/lib/amd64;C:\Program Files (x86)\Pololu\Maestro\bin;C:\Program Files\Java\jdk1.7.0_17\bin;C:\opencv\build\x64\vc10\bin;;C:\Program Files\PrimeSense\NITE\bin64;C:\Program Files (x86)\Pololu\Maestro\bin;;C:\Users\Ben\Documents\1. UNI\2013\SEM1\CSSE2002\eclipse-jee-juno-SR2-win32-x86_64\eclipse;
USERNAME=Ben
OS=Windows_NT
PROCESSOR_IDENTIFIER=Intel64 Family 6 Model 58 Stepping 9, GenuineIntel



---------------  S Y S T E M  ---------------

OS: Windows 8 , 64 bit Build 9200 

CPU:total 4 (2 cores per cpu, 2 threads per core) family 6 model 58 stepping 9, cmov, cx8, fxsr, mmx, sse, sse2, sse3, ssse3, sse4.1, sse4.2, popcnt, avx, ht, tsc, tscinvbit, tscinv

Memory: 4k page, physical 8244036k(4540228k free), swap 9947972k(5546392k free)

vm_info: Java HotSpot(TM) 64-Bit Server VM (23.7-b01) for windows-amd64 JRE (1.7.0_17-b02), built on Mar  1 2013 03:38:30 by "java_re" with unknown MS VC++:1600

time: Sun Oct 20 21:36:05 2013
elapsed time: 0 seconds

