#
# A fatal error has been detected by the Java Runtime Environment:
#
#  EXCEPTION_ACCESS_VIOLATION (0xc0000005) at pc=0x0000000054fac2f0, pid=4632, tid=7956
#
# JRE version: 7.0_17-b02
# Java VM: Java HotSpot(TM) 64-Bit Server VM (23.7-b01 mixed mode windows-amd64 compressed oops)
# Problematic frame:
# C  [msvcr100.dll+0x3c2f0]  memset+0x50
#
# Failed to write core dump. Minidumps are not enabled by default on client versions of Windows
#
# If you would like to submit a bug report, please visit:
#   http://bugreport.sun.com/bugreport/crash.jsp
# The crash happened outside the Java Virtual Machine in native code.
# See problematic frame for where to report the bug.
#

---------------  T H R E A D  ---------------

Current thread (0x0000000001fc0800):  JavaThread "main" [_thread_in_native, id=7956, stack(0x0000000001dc0000,0x0000000001ec0000)]

siginfo: ExceptionCode=0xc0000005, writing address 0x0000000000000000

Registers:
RAX=0x0000000000000000, RBX=0x0000000001ebf400, RCX=0x0000000000000000, RDX=0x0000000000000000
RSP=0x0000000001ebf308, RBP=0x0000000001fc09d8, RSI=0x0000000000000000, RDI=0x0000000000000000
R8 =0x0000000000000000, R9 =0x0000000000000005, R10=0x0000000000000000, R11=0x0000000054efcae8
R12=0x0000000000000000, R13=0x000000077d29d078, R14=0x0000000001ebf400, R15=0x0000000001fc0800
RIP=0x0000000054fac2f0, EFLAGS=0x0000000000010206

Top of Stack: (sp=0x0000000001ebf308)
0x0000000001ebf308:   000007fd670d1f7b 0000000001ebf300
0x0000000001ebf318:   0000000001fc0800 0000000001ebf3c8
0x0000000001ebf328:   00000007d634b0b8 0000000000000005
0x0000000001ebf338:   00000000020d23a8 000000077d29d078
0x0000000001ebf348:   0000000001ebf3c8 0000000000000004
0x0000000001ebf358:   0000000000000000 0000000000000028
0x0000000001ebf368:   0000000000000000 0000000001ebf398
0x0000000001ebf378:   0000000001ebf3e8 0000000001fc0800
0x0000000001ebf388:   0000000001ebf388 000000077d29d078
0x0000000001ebf398:   0000000001ebf400 000000077d38e800
0x0000000001ebf3a8:   0000000000000000 000000077d29d078
0x0000000001ebf3b8:   0000000000000000 0000000001ebf3e8
0x0000000001ebf3c8:   0000000001ebf448 00000000020c63d3
0x0000000001ebf3d8:   00000007d615b580 00000000020cf1db
0x0000000001ebf3e8:   0000000000000028 00000000020c6374
0x0000000001ebf3f8:   0000000000000000 00000007d69f9cf8 

Instructions: (pc=0x0000000054fac2f0)
0x0000000054fac2d0:   c8 4d 8b c8 49 83 e0 3f 49 c1 e9 06 75 39 4d 8b
0x0000000054fac2e0:   c8 49 83 e0 07 49 c1 e9 03 74 11 66 66 66 90 90
0x0000000054fac2f0:   48 89 11 48 83 c1 08 49 ff c9 75 f4 4d 85 c0 74
0x0000000054fac300:   0a 88 11 48 ff c1 49 ff c8 75 f6 c3 0f 1f 40 00 


Register to memory mapping:

RAX=0x0000000000000000 is an unknown value
RBX=0x0000000001ebf400 is pointing into the stack for thread: 0x0000000001fc0800
RCX=0x0000000000000000 is an unknown value
RDX=0x0000000000000000 is an unknown value
RSP=0x0000000001ebf308 is pointing into the stack for thread: 0x0000000001fc0800
RBP=0x0000000001fc09d8 is an unknown value
RSI=0x0000000000000000 is an unknown value
RDI=0x0000000000000000 is an unknown value
R8 =0x0000000000000000 is an unknown value
R9 =0x0000000000000005 is an unknown value
R10=0x0000000000000000 is an unknown value
R11=0x0000000054efcae8 is an unknown value
R12=0x0000000000000000 is an unknown value
R13=0x000000077d29d078 is an oop
{method} 
 - klass: {other class}
R14=0x0000000001ebf400 is pointing into the stack for thread: 0x0000000001fc0800
R15=0x0000000001fc0800 is a thread


Stack: [0x0000000001dc0000,0x0000000001ec0000],  sp=0x0000000001ebf308,  free space=1020k
Native frames: (J=compiled Java code, j=interpreted, Vv=VM code, C=native code)
C  [msvcr100.dll+0x3c2f0]  memset+0x50

Java frames: (J=compiled Java code, j=interpreted, Vv=VM code)
j  com.googlecode.javacpp.Pointer.memset(Lcom/googlecode/javacpp/Pointer;IJ)Lcom/googlecode/javacpp/Pointer;+0
j  com.googlecode.javacpp.Pointer.fill(I)Lcom/googlecode/javacpp/Pointer;+107
j  functions.Sifter.sift(Lcom/googlecode/javacv/cpp/opencv_core$IplImage;)V+290
j  functions.Sifter.<init>(Lcom/googlecode/javacv/cpp/opencv_core$IplImage;)V+21
j  functions.Sifter.main([Ljava/lang/String;)V+22
v  ~StubRoutines::call_stub

---------------  P R O C E S S  ---------------

Java Threads: ( => current thread )
  0x000000000af72000 JavaThread "Service Thread" daemon [_thread_blocked, id=7596, stack(0x000000000c720000,0x000000000c820000)]
  0x000000000af61000 JavaThread "C2 CompilerThread1" daemon [_thread_blocked, id=4864, stack(0x000000000c620000,0x000000000c720000)]
  0x000000000af5f000 JavaThread "C2 CompilerThread0" daemon [_thread_blocked, id=4340, stack(0x000000000c520000,0x000000000c620000)]
  0x000000000af5e000 JavaThread "Attach Listener" daemon [_thread_blocked, id=32, stack(0x000000000c420000,0x000000000c520000)]
  0x000000000af5a800 JavaThread "Signal Dispatcher" daemon [_thread_blocked, id=7908, stack(0x000000000c320000,0x000000000c420000)]
  0x000000000aef6000 JavaThread "Finalizer" daemon [_thread_blocked, id=7568, stack(0x000000000c220000,0x000000000c320000)]
  0x000000000aeed000 JavaThread "Reference Handler" daemon [_thread_blocked, id=7328, stack(0x000000000c120000,0x000000000c220000)]
=>0x0000000001fc0800 JavaThread "main" [_thread_in_native, id=7956, stack(0x0000000001dc0000,0x0000000001ec0000)]

Other Threads:
  0x000000000aee5800 VMThread [stack: 0x000000000c020000,0x000000000c120000] [id=4600]
  0x000000000af7a800 WatcherThread [stack: 0x000000000c820000,0x000000000c920000] [id=3280]

VM state:not at safepoint (normal execution)

VM Mutex/Monitor currently owned by a thread: None

Heap
 PSYoungGen      total 37632K, used 9810K [0x00000007d60b0000, 0x00000007d8aa0000, 0x0000000800000000)
  eden space 32320K, 30% used [0x00000007d60b0000,0x00000007d6a44950,0x00000007d8040000)
  from space 5312K, 0% used [0x00000007d8570000,0x00000007d8570000,0x00000007d8aa0000)
  to   space 5312K, 0% used [0x00000007d8040000,0x00000007d8040000,0x00000007d8570000)
 ParOldGen       total 85888K, used 0K [0x0000000782200000, 0x00000007875e0000, 0x00000007d60b0000)
  object space 85888K, 0% used [0x0000000782200000,0x0000000782200000,0x00000007875e0000)
 PSPermGen       total 21248K, used 4502K [0x000000077d000000, 0x000000077e4c0000, 0x0000000782200000)
  object space 21248K, 21% used [0x000000077d000000,0x000000077d465bc0,0x000000077e4c0000)

Card table byte_map: [0x0000000005180000,0x00000000055a0000] byte_map_base: 0x0000000001598000

Polling page: 0x0000000000810000

Code Cache  [0x00000000020c0000, 0x0000000002330000, 0x00000000050c0000)
 total_blobs=314 nmethods=51 adapters=214 free_code_cache=48635Kb largest_free_block=49785600

Compilation events (10 events):
Event: 0.631 Thread 0x000000000af61000   47  s          java.io.ByteArrayOutputStream::write (32 bytes)
Event: 0.632 Thread 0x000000000af5f000   48             java.io.DataOutputStream::incCount (20 bytes)
Event: 0.632 Thread 0x000000000af5f000 nmethod 48 0x0000000002140350 code [0x0000000002140480, 0x00000000021404f8]
Event: 0.633 Thread 0x000000000af61000 nmethod 47 0x00000000021416d0 code [0x0000000002141820, 0x0000000002141c08]
Event: 0.636 Thread 0x000000000af5f000   49             java.net.URI::quote (208 bytes)
Event: 0.643 Thread 0x000000000af5f000 nmethod 49 0x00000000021408d0 code [0x0000000002140ac0, 0x0000000002141040]
Event: 0.689 Thread 0x000000000af61000   50             java.lang.String::startsWith (7 bytes)
Event: 0.691 Thread 0x000000000af61000 nmethod 50 0x0000000002142350 code [0x00000000021424a0, 0x0000000002142618]
Event: 0.746 Thread 0x000000000af5f000   51             java.lang.String::getChars (62 bytes)
Event: 0.747 Thread 0x000000000af5f000 nmethod 51 0x000000000213e2d0 code [0x000000000213e420, 0x000000000213e558]

GC Heap History (0 events):
No events

Deoptimization events (0 events):
No events

Internal exceptions (10 events):
Event: 0.627 Thread 0x0000000001fc0800 Threw 0x00000007d6897ee8 at C:\jdk7u2_64p\jdk7u17\hotspot\src\share\vm\prims\jvm.cpp:1166
Event: 0.628 Thread 0x0000000001fc0800 Threw 0x00000007d689d340 at C:\jdk7u2_64p\jdk7u17\hotspot\src\share\vm\prims\jvm.cpp:1166
Event: 0.628 Thread 0x0000000001fc0800 Threw 0x00000007d68a2e68 at C:\jdk7u2_64p\jdk7u17\hotspot\src\share\vm\prims\jvm.cpp:1166
Event: 0.628 Thread 0x0000000001fc0800 Threw 0x00000007d68a8dd8 at C:\jdk7u2_64p\jdk7u17\hotspot\src\share\vm\prims\jvm.cpp:1166
Event: 0.629 Thread 0x0000000001fc0800 Threw 0x00000007d68af148 at C:\jdk7u2_64p\jdk7u17\hotspot\src\share\vm\prims\jvm.cpp:1166
Event: 0.629 Thread 0x0000000001fc0800 Threw 0x00000007d68b52f0 at C:\jdk7u2_64p\jdk7u17\hotspot\src\share\vm\prims\jvm.cpp:1166
Event: 0.630 Thread 0x0000000001fc0800 Threw 0x00000007d68bb418 at C:\jdk7u2_64p\jdk7u17\hotspot\src\share\vm\prims\jvm.cpp:1166
Event: 0.630 Thread 0x0000000001fc0800 Threw 0x00000007d68c1aa0 at C:\jdk7u2_64p\jdk7u17\hotspot\src\share\vm\prims\jvm.cpp:1166
Event: 0.633 Thread 0x0000000001fc0800 Threw 0x00000007d68d4010 at C:\jdk7u2_64p\jdk7u17\hotspot\src\share\vm\prims\jvm.cpp:1166
Event: 0.672 Thread 0x0000000001fc0800 Threw 0x00000007d6928660 at C:\jdk7u2_64p\jdk7u17\hotspot\src\share\vm\prims\jvm.cpp:1166

Events (10 events):
Event: 0.630 loading class 0x000000000cb1beb0
Event: 0.630 loading class 0x000000000cb1beb0 done
Event: 0.633 loading class 0x000000000cb1c170
Event: 0.633 loading class 0x000000000cb1c170 done
Event: 0.672 loading class 0x000000000cafc910
Event: 0.672 loading class 0x000000000cafc910 done
Event: 0.761 loading class 0x000000000ae2e720
Event: 0.761 loading class 0x000000000ae2e720 done
Event: 0.761 loading class 0x000000000ca3eb90
Event: 0.762 loading class 0x000000000ca3eb90 done


Dynamic libraries:
0x000007f7efe00000 - 0x000007f7efe33000 	C:\Users\Ben\Documents\EclipseWorking\jre\bin\javaw.exe
0x000007fd803d0000 - 0x000007fd80590000 	C:\Windows\SYSTEM32\ntdll.dll
0x000007fd7e270000 - 0x000007fd7e3a6000 	C:\Windows\system32\KERNEL32.DLL
0x000007fd7d480000 - 0x000007fd7d573000 	C:\Windows\system32\KERNELBASE.dll
0x000007fd7e560000 - 0x000007fd7e63e000 	C:\Windows\system32\ADVAPI32.dll
0x000007fd7de30000 - 0x000007fd7df7c000 	C:\Windows\system32\USER32.dll
0x000007fd7ab50000 - 0x000007fd7adba000 	C:\Windows\WinSxS\amd64_microsoft.windows.common-controls_6595b64144ccf1df_6.0.9200.16579_none_418ab7ef718b27ef\COMCTL32.dll
0x000007fd7d8c0000 - 0x000007fd7d965000 	C:\Windows\system32\msvcrt.dll
0x000007fd7d970000 - 0x000007fd7d9b8000 	C:\Windows\SYSTEM32\sechost.dll
0x000007fd7e7f0000 - 0x000007fd7e935000 	C:\Windows\system32\RPCRT4.dll
0x000007fd7db40000 - 0x000007fd7dc81000 	C:\Windows\system32\GDI32.dll
0x000007fd7d7c0000 - 0x000007fd7d7f9000 	C:\Windows\system32\IMM32.DLL
0x000007fd7df80000 - 0x000007fd7e096000 	C:\Windows\system32\MSCTF.dll
0x0000000054f70000 - 0x0000000055041000 	C:\Users\Ben\Documents\EclipseWorking\jre\bin\msvcr100.dll
0x0000000054850000 - 0x0000000054f6f000 	C:\Users\Ben\Documents\EclipseWorking\jre\bin\server\jvm.dll
0x000007fd72900000 - 0x000007fd72909000 	C:\Windows\SYSTEM32\WSOCK32.dll
0x000007fd78ed0000 - 0x000007fd78ef0000 	C:\Windows\SYSTEM32\WINMM.dll
0x000007fd80370000 - 0x000007fd80377000 	C:\Windows\system32\PSAPI.DLL
0x000007fd7ff20000 - 0x000007fd7ff78000 	C:\Windows\system32\WS2_32.dll
0x000007fd78e90000 - 0x000007fd78ec3000 	C:\Windows\SYSTEM32\WINMMBASE.dll
0x000007fd7d9c0000 - 0x000007fd7d9c9000 	C:\Windows\system32\NSI.dll
0x000007fd7d400000 - 0x000007fd7d44f000 	C:\Windows\SYSTEM32\cfgmgr32.dll
0x000007fd7d450000 - 0x000007fd7d472000 	C:\Windows\system32\DEVOBJ.dll
0x0000000056a10000 - 0x0000000056a1f000 	C:\Users\Ben\Documents\EclipseWorking\jre\bin\verify.dll
0x0000000054820000 - 0x0000000054848000 	C:\Users\Ben\Documents\EclipseWorking\jre\bin\java.dll
0x0000000054800000 - 0x0000000054815000 	C:\Users\Ben\Documents\EclipseWorking\jre\bin\zip.dll
0x0000000054720000 - 0x00000000547f1000 	C:\Users\Ben\AppData\Local\Temp\javacpp11140530571971\msvcr100.dll
0x0000000054680000 - 0x0000000054718000 	C:\Users\Ben\AppData\Local\Temp\javacpp11140530571971\msvcp100.dll
0x0000000066840000 - 0x00000000675ca000 	C:\Users\Ben\AppData\Local\Temp\javacpp11140530571971\opencv_ffmpeg246_64.dll
0x000007fd61fa0000 - 0x000007fd6220f000 	C:\Users\Ben\AppData\Local\Temp\javacpp11140530571971\opencv_core246.dll
0x000007fd61ce0000 - 0x000007fd61f93000 	C:\Users\Ben\AppData\Local\Temp\javacpp11140530571971\opencv_imgproc246.dll
0x000007fd619a0000 - 0x000007fd61bf0000 	C:\Users\Ben\AppData\Local\Temp\javacpp11140530571971\opencv_highgui246.dll
0x000007fd7e3e0000 - 0x000007fd7e55e000 	C:\Windows\system32\ole32.dll
0x000007fd7da70000 - 0x000007fd7db33000 	C:\Windows\system32\OLEAUT32.dll
0x000007fd6e890000 - 0x000007fd6e8b0000 	C:\Windows\SYSTEM32\AVIFIL32.dll
0x000007fd66ed0000 - 0x000007fd66ef9000 	C:\Windows\SYSTEM32\MSVFW32.dll
0x000007fd6d5b0000 - 0x000007fd6d5c7000 	C:\Windows\SYSTEM32\AVICAP32.dll
0x000007fd7e640000 - 0x000007fd7e7f0000 	C:\Windows\SYSTEM32\combase.dll
0x000007fd710c0000 - 0x000007fd710d9000 	C:\Windows\SYSTEM32\MSACM32.dll
0x000007fd7ec40000 - 0x000007fd7ff20000 	C:\Windows\system32\SHELL32.dll
0x000007fd728b0000 - 0x000007fd728b9000 	C:\Windows\SYSTEM32\VERSION.dll
0x000007fd80380000 - 0x000007fd803d0000 	C:\Windows\system32\SHLWAPI.dll
0x000007fd670d0000 - 0x000007fd670e3000 	C:\Users\Ben\AppData\Local\Temp\javacpp11140530571971\jniopencv_highgui.dll
0x000007fd63540000 - 0x000007fd635da000 	C:\Users\Ben\AppData\Local\Temp\javacpp11140530571971\jniopencv_core.dll
0x000007fd61900000 - 0x000007fd6199a000 	C:\Users\Ben\AppData\Local\Temp\javacpp11140530571971\opencv_flann246.dll
0x000007fd61820000 - 0x000007fd618fa000 	C:\Users\Ben\AppData\Local\Temp\javacpp11140530571971\opencv_features2d246.dll
0x000007fd64450000 - 0x000007fd64495000 	C:\Users\Ben\AppData\Local\Temp\javacpp11140530571971\jniopencv_features2d.dll
0x000007fd66230000 - 0x000007fd66393000 	C:\Windows\SYSTEM32\dbghelp.dll

VM Arguments:
jvm_args: -Dfile.encoding=Cp1252 
java_command: functions.Sifter
Launcher Type: SUN_STANDARD

Environment Variables:
PATH=C:/Users/Ben/Documents/1. UNI/2013/SEM1/CSSE2002/eclipse-jee-juno-SR2-win32-x86_64/eclipse/jre/bin/server;C:/Users/Ben/Documents/1. UNI/2013/SEM1/CSSE2002/eclipse-jee-juno-SR2-win32-x86_64/eclipse/jre/bin;C:/Users/Ben/Documents/1. UNI/2013/SEM1/CSSE2002/eclipse-jee-juno-SR2-win32-x86_64/eclipse/jre/lib/amd64;C:\Program Files (x86)\Pololu\Maestro\bin;C:\Program Files\Java\jdk1.7.0_17\bin;C:\opencv\build\x64\vc10\bin;;C:\Program Files\PrimeSense\NITE\bin64;C:\Program Files (x86)\Pololu\Maestro\bin;;C:\Users\Ben\Documents\1. UNI\2013\SEM1\CSSE2002\eclipse-jee-juno-SR2-win32-x86_64\eclipse;
USERNAME=Ben
OS=Windows_NT
PROCESSOR_IDENTIFIER=Intel64 Family 6 Model 58 Stepping 9, GenuineIntel



---------------  S Y S T E M  ---------------

OS: Windows 8 , 64 bit Build 9200 

CPU:total 4 (2 cores per cpu, 2 threads per core) family 6 model 58 stepping 9, cmov, cx8, fxsr, mmx, sse, sse2, sse3, ssse3, sse4.1, sse4.2, popcnt, avx, ht, tsc, tscinvbit, tscinv

Memory: 4k page, physical 8244036k(4482712k free), swap 9947972k(5510052k free)

vm_info: Java HotSpot(TM) 64-Bit Server VM (23.7-b01) for windows-amd64 JRE (1.7.0_17-b02), built on Mar  1 2013 03:38:30 by "java_re" with unknown MS VC++:1600

time: Sun Oct 20 21:14:41 2013
elapsed time: 0 seconds

