#
# A fatal error has been detected by the Java Runtime Environment:
#
#  EXCEPTION_UNCAUGHT_CXX_EXCEPTION (0xe06d7363) at pc=0x000007fd7d4b811c, pid=2264, tid=4920
#
# JRE version: 7.0_17-b02
# Java VM: Java HotSpot(TM) 64-Bit Server VM (23.7-b01 mixed mode windows-amd64 compressed oops)
# Problematic frame:
# C  [KERNELBASE.dll+0x3811c]  RaiseException+0x68
#
# Failed to write core dump. Minidumps are not enabled by default on client versions of Windows
#
# If you would like to submit a bug report, please visit:
#   http://bugreport.sun.com/bugreport/crash.jsp
# The crash happened outside the Java Virtual Machine in native code.
# See problematic frame for where to report the bug.
#

---------------  T H R E A D  ---------------

Current thread (0x0000000001da0800):  JavaThread "main" [_thread_in_native, id=4920, stack(0x0000000001ca0000,0x0000000001da0000)]

siginfo: ExceptionCode=0xe06d7363, ExceptionInformation=0x0000000019930520 0x0000000001d9ee10 0x00000000542fa4a0 0x0000000054290000 

Registers:
RAX=0x0000000000000000, RBX=0x0000000001d9e690, RCX=0x0000000000000000, RDX=0x0000000000000000
RSP=0x0000000001d9c760, RBP=0x0000000001d9ce00, RSI=0x0000000001d9ecc0, RDI=0x0000000001d9d5b0
R8 =0x0000000000000000, R9 =0x0000000000000000, R10=0x0000000000000a88, R11=0x0000000000000000
R12=0x0000000001d9dc08, R13=0x0000000000000000, R14=0x0000000001d9c8b0, R15=0x000007fd5f8447e0
RIP=0x000007fd7d4b811c, EFLAGS=0x0000000000000202

Top of Stack: (sp=0x0000000001d9c760)
0x0000000001d9c760:   444f0ee100000000 0000000001d9e690
0x0000000001d9c770:   0000000001d9ecc0 0000000001d9d5b0
0x0000000001d9c780:   00000001e06d7363 0000000000000000
0x0000000001d9c790:   000007fd7d4b811c 0000000000000004
0x0000000001d9c7a0:   0000000019930520 0000000001d9ee10
0x0000000001d9c7b0:   00000000542fa4a0 0000000054290000
0x0000000001d9c7c0:   0000000001d9eea0 000007fd5f844820
0x0000000001d9c7d0:   0000000000000000 0000000054f920b6
0x0000000001d9c7e0:   0000000001d9d5b0 44417ca700000000
0x0000000001d9c7f0:   445e7a0800000000 0000000001d9ce00
0x0000000001d9c800:   0000000001d9d5b0 0000000054f920d7
0x0000000001d9c810:   0000000001d9e690 0000000001d9eea0
0x0000000001d9c820:   0000926b72fa2abc 44583fa100000000
0x0000000001d9c830:   0000000001d9e690 0000000054fd032a
0x0000000001d9c840:   000007fd5f8447e0 0000000001d9dc08
0x0000000001d9c850:   4432102d00000100 445da3ac00000000 

Instructions: (pc=0x000007fd7d4b811c)
0x000007fd7d4b80fc:   44 3b c0 44 0f 47 c0 44 89 44 24 38 49 c1 e0 03
0x000007fd7d4b810c:   e8 3f 93 fc ff 48 8d 4c 24 20 ff 15 04 06 0b 00
0x000007fd7d4b811c:   48 8b 8c 24 c0 00 00 00 48 33 cc e8 e4 92 fc ff
0x000007fd7d4b812c:   48 81 c4 d8 00 00 00 c3 90 90 90 90 90 90 90 90 


Register to memory mapping:

RAX=0x0000000000000000 is an unknown value
RBX=0x0000000001d9e690 is pointing into the stack for thread: 0x0000000001da0800
RCX=0x0000000000000000 is an unknown value
RDX=0x0000000000000000 is an unknown value
RSP=0x0000000001d9c760 is pointing into the stack for thread: 0x0000000001da0800
RBP=0x0000000001d9ce00 is pointing into the stack for thread: 0x0000000001da0800
RSI=0x0000000001d9ecc0 is pointing into the stack for thread: 0x0000000001da0800
RDI=0x0000000001d9d5b0 is pointing into the stack for thread: 0x0000000001da0800
R8 =0x0000000000000000 is an unknown value
R9 =0x0000000000000000 is an unknown value
R10=0x0000000000000a88 is an unknown value
R11=0x0000000000000000 is an unknown value
R12=0x0000000001d9dc08 is pointing into the stack for thread: 0x0000000001da0800
R13=0x0000000000000000 is an unknown value
R14=0x0000000001d9c8b0 is pointing into the stack for thread: 0x0000000001da0800
R15=0x000007fd5f8447e0 is an unknown value


Stack: [0x0000000001ca0000,0x0000000001da0000],  sp=0x0000000001d9c760,  free space=1009k
Native frames: (J=compiled Java code, j=interpreted, Vv=VM code, C=native code)
C  [KERNELBASE.dll+0x3811c]  RaiseException+0x68

Java frames: (J=compiled Java code, j=interpreted, Vv=VM code)
j  com.googlecode.javacv.cpp.opencv_features2d.drawKeypoints(Lcom/googlecode/javacv/cpp/opencv_core$CvArr;Lcom/googlecode/javacv/cpp/opencv_features2d$KeyPoint;Lcom/googlecode/javacv/cpp/opencv_core$CvArr;Lcom/googlecode/javacv/cpp/opencv_core$CvScalar;I)V+0
j  functions.Sifter.drawMatches(Lcom/googlecode/javacv/cpp/opencv_core$IplImage;)Lcom/googlecode/javacv/cpp/opencv_core$IplImage;+35
j  gui.CoinGUI.main([Ljava/lang/String;)V+949
v  ~StubRoutines::call_stub

---------------  P R O C E S S  ---------------

Java Threads: ( => current thread )
  0x000000000e46f000 JavaThread "TimerQueue" daemon [_thread_blocked, id=4788, stack(0x0000000010fe0000,0x00000000110e0000)]
  0x000000000c8e5800 JavaThread "AWT-EventQueue-0" [_thread_blocked, id=7288, stack(0x000000000dc20000,0x000000000dd20000)]
  0x000000000c813800 JavaThread "AWT-Windows" daemon [_thread_in_native, id=8184, stack(0x000000000d0d0000,0x000000000d1d0000)]
  0x000000000c825000 JavaThread "AWT-Shutdown" [_thread_blocked, id=4244, stack(0x000000000cfd0000,0x000000000d0d0000)]
  0x000000000c824800 JavaThread "Java2D Disposer" daemon [_thread_blocked, id=8164, stack(0x000000000ced0000,0x000000000cfd0000)]
  0x000000000ad55000 JavaThread "Service Thread" daemon [_thread_blocked, id=1192, stack(0x000000000c4f0000,0x000000000c5f0000)]
  0x000000000ad4b800 JavaThread "C2 CompilerThread1" daemon [_thread_blocked, id=6192, stack(0x000000000c3f0000,0x000000000c4f0000)]
  0x000000000ad42800 JavaThread "C2 CompilerThread0" daemon [_thread_blocked, id=2660, stack(0x000000000c2f0000,0x000000000c3f0000)]
  0x000000000ad3f000 JavaThread "Attach Listener" daemon [_thread_blocked, id=7276, stack(0x000000000c1f0000,0x000000000c2f0000)]
  0x000000000ad3c000 JavaThread "Signal Dispatcher" daemon [_thread_blocked, id=5536, stack(0x000000000c0f0000,0x000000000c1f0000)]
  0x000000000acd6000 JavaThread "Finalizer" daemon [_thread_blocked, id=8084, stack(0x000000000bff0000,0x000000000c0f0000)]
  0x000000000accd000 JavaThread "Reference Handler" daemon [_thread_blocked, id=2340, stack(0x000000000bef0000,0x000000000bff0000)]
=>0x0000000001da0800 JavaThread "main" [_thread_in_native, id=4920, stack(0x0000000001ca0000,0x0000000001da0000)]

Other Threads:
  0x000000000acc5800 VMThread [stack: 0x000000000bdf0000,0x000000000bef0000] [id=7876]
  0x000000000ad6e000 WatcherThread [stack: 0x000000000c5f0000,0x000000000c6f0000] [id=7528]

VM state:not at safepoint (normal execution)

VM Mutex/Monitor currently owned by a thread: None

Heap
 PSYoungGen      total 37632K, used 25868K [0x00000007d60b0000, 0x00000007d8aa0000, 0x0000000800000000)
  eden space 32320K, 80% used [0x00000007d60b0000,0x00000007d79f3100,0x00000007d8040000)
  from space 5312K, 0% used [0x00000007d8570000,0x00000007d8570000,0x00000007d8aa0000)
  to   space 5312K, 0% used [0x00000007d8040000,0x00000007d8040000,0x00000007d8570000)
 ParOldGen       total 85888K, used 0K [0x0000000782200000, 0x00000007875e0000, 0x00000007d60b0000)
  object space 85888K, 0% used [0x0000000782200000,0x0000000782200000,0x00000007875e0000)
 PSPermGen       total 21248K, used 11401K [0x000000077d000000, 0x000000077e4c0000, 0x0000000782200000)
  object space 21248K, 53% used [0x000000077d000000,0x000000077db22478,0x000000077e4c0000)

Card table byte_map: [0x0000000004f60000,0x0000000005380000] byte_map_base: 0x0000000001378000

Polling page: 0x0000000000400000

Code Cache  [0x0000000001ea0000, 0x0000000002110000, 0x0000000004ea0000)
 total_blobs=557 nmethods=67 adapters=441 free_code_cache=48479Kb largest_free_block=49624064

Compilation events (10 events):
Event: 0.991 Thread 0x000000000ad42800   62             java.util.ArrayList::size (5 bytes)
Event: 0.991 Thread 0x000000000ad42800 nmethod 62 0x0000000001f41350 code [0x0000000001f41480, 0x0000000001f414d8]
Event: 0.992 Thread 0x000000000ad4b800   63  s          java.io.ByteArrayOutputStream::write (32 bytes)
Event: 0.992 Thread 0x000000000ad42800   64             java.io.DataOutputStream::incCount (20 bytes)
Event: 0.992 Thread 0x000000000ad42800 nmethod 64 0x0000000001f42b10 code [0x0000000001f42c40, 0x0000000001f42cb8]
Event: 0.993 Thread 0x000000000ad4b800 nmethod 63 0x0000000001f43910 code [0x0000000001f43a60, 0x0000000001f43e48]
Event: 1.035 Thread 0x000000000ad42800   65             sun.misc.MetaIndex::mayContain (51 bytes)
Event: 1.039 Thread 0x000000000ad42800 nmethod 65 0x0000000001f432d0 code [0x0000000001f43420, 0x0000000001f436a8]
Event: 1.110 Thread 0x000000000ad4b800   66             java.util.Arrays::copyOfRange (63 bytes)
Event: 1.112 Thread 0x000000000ad4b800 nmethod 66 0x0000000001f49990 code [0x0000000001f49ae0, 0x0000000001f49cd8]

GC Heap History (0 events):
No events

Deoptimization events (1 events):
Event: 0.246 Thread 0x0000000001da0800 Uncommon trap -34 fr.pc 0x0000000001f15a90

Internal exceptions (10 events):
Event: 0.987 Thread 0x0000000001da0800 Threw 0x00000007d77132d0 at C:\jdk7u2_64p\jdk7u17\hotspot\src\share\vm\prims\jvm.cpp:1166
Event: 0.988 Thread 0x0000000001da0800 Threw 0x00000007d7718728 at C:\jdk7u2_64p\jdk7u17\hotspot\src\share\vm\prims\jvm.cpp:1166
Event: 0.988 Thread 0x0000000001da0800 Threw 0x00000007d771e250 at C:\jdk7u2_64p\jdk7u17\hotspot\src\share\vm\prims\jvm.cpp:1166
Event: 0.988 Thread 0x0000000001da0800 Threw 0x00000007d77241c0 at C:\jdk7u2_64p\jdk7u17\hotspot\src\share\vm\prims\jvm.cpp:1166
Event: 0.989 Thread 0x0000000001da0800 Threw 0x00000007d772a530 at C:\jdk7u2_64p\jdk7u17\hotspot\src\share\vm\prims\jvm.cpp:1166
Event: 0.989 Thread 0x0000000001da0800 Threw 0x00000007d7730750 at C:\jdk7u2_64p\jdk7u17\hotspot\src\share\vm\prims\jvm.cpp:1166
Event: 0.990 Thread 0x0000000001da0800 Threw 0x00000007d7736718 at C:\jdk7u2_64p\jdk7u17\hotspot\src\share\vm\prims\jvm.cpp:1166
Event: 0.990 Thread 0x0000000001da0800 Threw 0x00000007d773cda0 at C:\jdk7u2_64p\jdk7u17\hotspot\src\share\vm\prims\jvm.cpp:1166
Event: 0.993 Thread 0x0000000001da0800 Threw 0x00000007d774f268 at C:\jdk7u2_64p\jdk7u17\hotspot\src\share\vm\prims\jvm.cpp:1166
Event: 1.030 Thread 0x0000000001da0800 Threw 0x00000007d77a2190 at C:\jdk7u2_64p\jdk7u17\hotspot\src\share\vm\prims\jvm.cpp:1166

Events (10 events):
Event: 0.990 loading class 0x000000000e46e870
Event: 0.990 loading class 0x000000000e46e870 done
Event: 0.993 loading class 0x000000000e46e5b0
Event: 0.993 loading class 0x000000000e46e5b0 done
Event: 1.030 loading class 0x000000001045b480
Event: 1.030 loading class 0x000000001045b480 done
Event: 1.211 loading class 0x000000000c8be6f0
Event: 1.211 loading class 0x000000000c8be6f0 done
Event: 1.211 loading class 0x000000000c8be730
Event: 1.211 loading class 0x000000000c8be730 done


Dynamic libraries:
0x000007f7efe00000 - 0x000007f7efe33000 	C:\Users\Ben\Documents\EclipseWorking\jre\bin\javaw.exe
0x000007fd803d0000 - 0x000007fd80590000 	C:\Windows\SYSTEM32\ntdll.dll
0x000007fd7e270000 - 0x000007fd7e3a6000 	C:\Windows\system32\KERNEL32.DLL
0x000007fd7d480000 - 0x000007fd7d573000 	C:\Windows\system32\KERNELBASE.dll
0x000007fd7e560000 - 0x000007fd7e63e000 	C:\Windows\system32\ADVAPI32.dll
0x000007fd7de30000 - 0x000007fd7df7c000 	C:\Windows\system32\USER32.dll
0x000007fd7ab50000 - 0x000007fd7adba000 	C:\Windows\WinSxS\amd64_microsoft.windows.common-controls_6595b64144ccf1df_6.0.9200.16579_none_418ab7ef718b27ef\COMCTL32.dll
0x000007fd7d8c0000 - 0x000007fd7d965000 	C:\Windows\system32\msvcrt.dll
0x000007fd7d970000 - 0x000007fd7d9b8000 	C:\Windows\SYSTEM32\sechost.dll
0x000007fd7e7f0000 - 0x000007fd7e935000 	C:\Windows\system32\RPCRT4.dll
0x000007fd7db40000 - 0x000007fd7dc81000 	C:\Windows\system32\GDI32.dll
0x000007fd7d7c0000 - 0x000007fd7d7f9000 	C:\Windows\system32\IMM32.DLL
0x000007fd7df80000 - 0x000007fd7e096000 	C:\Windows\system32\MSCTF.dll
0x0000000054f70000 - 0x0000000055041000 	C:\Users\Ben\Documents\EclipseWorking\jre\bin\msvcr100.dll
0x0000000054850000 - 0x0000000054f6f000 	C:\Users\Ben\Documents\EclipseWorking\jre\bin\server\jvm.dll
0x000007fd72900000 - 0x000007fd72909000 	C:\Windows\SYSTEM32\WSOCK32.dll
0x000007fd78ed0000 - 0x000007fd78ef0000 	C:\Windows\SYSTEM32\WINMM.dll
0x000007fd80370000 - 0x000007fd80377000 	C:\Windows\system32\PSAPI.DLL
0x000007fd7ff20000 - 0x000007fd7ff78000 	C:\Windows\system32\WS2_32.dll
0x000007fd78e90000 - 0x000007fd78ec3000 	C:\Windows\SYSTEM32\WINMMBASE.dll
0x000007fd7d9c0000 - 0x000007fd7d9c9000 	C:\Windows\system32\NSI.dll
0x000007fd7d400000 - 0x000007fd7d44f000 	C:\Windows\SYSTEM32\cfgmgr32.dll
0x000007fd7d450000 - 0x000007fd7d472000 	C:\Windows\system32\DEVOBJ.dll
0x0000000056a10000 - 0x0000000056a1f000 	C:\Users\Ben\Documents\EclipseWorking\jre\bin\verify.dll
0x0000000054820000 - 0x0000000054848000 	C:\Users\Ben\Documents\EclipseWorking\jre\bin\java.dll
0x0000000054800000 - 0x0000000054815000 	C:\Users\Ben\Documents\EclipseWorking\jre\bin\zip.dll
0x0000000054660000 - 0x00000000547f3000 	C:\Users\Ben\Documents\EclipseWorking\jre\bin\awt.dll
0x000007fd7da70000 - 0x000007fd7db33000 	C:\Windows\system32\OLEAUT32.dll
0x000007fd7e640000 - 0x000007fd7e7f0000 	C:\Windows\system32\combase.dll
0x000007fd79080000 - 0x000007fd7911f000 	C:\Windows\system32\apphelp.dll
0x000007fd7c110000 - 0x000007fd7c1f6000 	C:\Windows\system32\uxtheme.dll
0x000007fd7b8b0000 - 0x000007fd7b8d1000 	C:\Windows\SYSTEM32\dwmapi.dll
0x000007fd7e3e0000 - 0x000007fd7e55e000 	C:\Windows\system32\ole32.dll
0x000007fd7d0c0000 - 0x000007fd7d0ca000 	C:\Windows\SYSTEM32\CRYPTBASE.dll
0x000007fd7d060000 - 0x000007fd7d0bc000 	C:\Windows\SYSTEM32\bcryptPrimitives.dll
0x000007fd7ec40000 - 0x000007fd7ff20000 	C:\Windows\system32\SHELL32.dll
0x000007fd80380000 - 0x000007fd803d0000 	C:\Windows\system32\SHLWAPI.dll
0x000007fd7b8e0000 - 0x000007fd7b976000 	C:\Windows\SYSTEM32\shcore.dll
0x0000000054330000 - 0x0000000054401000 	C:\Users\Ben\AppData\Local\Temp\javacpp27338245639041\msvcr100.dll
0x0000000054290000 - 0x0000000054328000 	C:\Users\Ben\AppData\Local\Temp\javacpp27338245639041\msvcp100.dll
0x0000000066840000 - 0x00000000675ca000 	C:\Users\Ben\AppData\Local\Temp\javacpp27338245639041\opencv_ffmpeg246_64.dll
0x000007fd5fff0000 - 0x000007fd6025f000 	C:\Users\Ben\AppData\Local\Temp\javacpp27338245639041\opencv_core246.dll
0x000007fd5fd30000 - 0x000007fd5ffe3000 	C:\Users\Ben\AppData\Local\Temp\javacpp27338245639041\opencv_imgproc246.dll
0x000007fd5fae0000 - 0x000007fd5fd30000 	C:\Users\Ben\AppData\Local\Temp\javacpp27338245639041\opencv_highgui246.dll
0x000007fd670d0000 - 0x000007fd670f0000 	C:\Windows\SYSTEM32\AVIFIL32.dll
0x000007fd66ed0000 - 0x000007fd66ef9000 	C:\Windows\SYSTEM32\MSVFW32.dll
0x000007fd66dc0000 - 0x000007fd66dd7000 	C:\Windows\SYSTEM32\AVICAP32.dll
0x000007fd710c0000 - 0x000007fd710d9000 	C:\Windows\SYSTEM32\MSACM32.dll
0x000007fd728b0000 - 0x000007fd728b9000 	C:\Windows\SYSTEM32\VERSION.dll
0x000007fd6ab30000 - 0x000007fd6ab43000 	C:\Users\Ben\AppData\Local\Temp\javacpp27338245639041\jniopencv_highgui.dll
0x000007fd7d9d0000 - 0x000007fd7da66000 	C:\Windows\SYSTEM32\clbcatq.dll
0x000007fd64410000 - 0x000007fd64427000 	C:\Windows\System32\devenum.dll
0x000007fd7e0a0000 - 0x000007fd7e270000 	C:\Windows\system32\setupapi.dll
0x000007fd7bd10000 - 0x000007fd7bd3e000 	C:\Windows\SYSTEM32\ntmarta.dll
0x000007fd7d760000 - 0x000007fd7d7b5000 	C:\Windows\system32\WINTRUST.dll
0x000007fd7d580000 - 0x000007fd7d751000 	C:\Windows\system32\CRYPT32.dll
0x000007fd7d330000 - 0x000007fd7d346000 	C:\Windows\system32\MSASN1.dll
0x000007fd6fb40000 - 0x000007fd6fb4d000 	C:\Windows\SYSTEM32\msdmo.dll
0x000007fd635b0000 - 0x000007fd635df000 	C:\Windows\System32\qcap.dll
0x000007fd60d40000 - 0x000007fd60ef8000 	C:\Windows\System32\quartz.dll
0x000007fd63570000 - 0x000007fd635af000 	C:\Windows\System32\ksproxy.ax
0x000007fd67690000 - 0x000007fd67697000 	C:\Windows\System32\ksuser.dll
0x000007fd60b40000 - 0x000007fd60d40000 	C:\Windows\System32\d3d9.dll
0x000007fd6e780000 - 0x000007fd6e78c000 	C:\Windows\System32\vidcap.ax
0x000007fd63540000 - 0x000007fd63564000 	C:\Windows\System32\kswdmcap.ax
0x000007fd609e0000 - 0x000007fd60b34000 	C:\Windows\System32\MFC42.dll
0x000007fd61d00000 - 0x000007fd61dbe000 	C:\Windows\System32\ODBC32.dll
0x000007fd61200000 - 0x000007fd61295000 	C:\Windows\System32\qedit.dll
0x000007fd7d800000 - 0x000007fd7d8a1000 	C:\Windows\system32\COMDLG32.dll
0x000007fd78520000 - 0x000007fd786c0000 	C:\Windows\WinSxS\amd64_microsoft.windows.gdiplus_6595b64144ccf1df_1.1.9200.16518_none_726fbfe0cc22f012\gdiplus.dll
0x000007fd698a0000 - 0x000007fd6998a000 	C:\Windows\SYSTEM32\DDRAW.dll
0x000007fd77380000 - 0x000007fd77388000 	C:\Windows\SYSTEM32\DCIMAN32.dll
0x000007fd69810000 - 0x000007fd6981b000 	C:\Windows\SYSTEM32\msyuv.dll
0x00000000544a0000 - 0x00000000544d4000 	C:\Users\Ben\Documents\EclipseWorking\jre\bin\fontmanager.dll
0x000007fd5fa40000 - 0x000007fd5fada000 	C:\Users\Ben\AppData\Local\Temp\javacpp27338245639041\jniopencv_core.dll
0x0000000054480000 - 0x0000000054499000 	C:\Users\Ben\Documents\EclipseWorking\jre\bin\net.dll
0x000007fd7ca90000 - 0x000007fd7caec000 	C:\Windows\system32\mswsock.dll
0x0000000054460000 - 0x0000000054471000 	C:\Users\Ben\Documents\EclipseWorking\jre\bin\nio.dll
0x0000000054410000 - 0x0000000054451000 	C:\Users\Ben\Documents\EclipseWorking\jre\bin\t2k.dll
0x000007fd5f9f0000 - 0x000007fd5fa3c000 	C:\Users\Ben\AppData\Local\Temp\javacpp27338245639041\jniopencv_imgproc.dll
0x000007fd7b1e0000 - 0x000007fd7b373000 	C:\Windows\SYSTEM32\WindowsCodecs.dll
0x000007fd7d280000 - 0x000007fd7d295000 	C:\Windows\SYSTEM32\profapi.dll
0x000007fd5f950000 - 0x000007fd5f9ea000 	C:\Users\Ben\AppData\Local\Temp\javacpp27338245639041\opencv_flann246.dll
0x000007fd5f870000 - 0x000007fd5f94a000 	C:\Users\Ben\AppData\Local\Temp\javacpp27338245639041\opencv_features2d246.dll
0x000007fd5f820000 - 0x000007fd5f865000 	C:\Users\Ben\AppData\Local\Temp\javacpp27338245639041\jniopencv_features2d.dll
0x000007fd66230000 - 0x000007fd66393000 	C:\Windows\SYSTEM32\dbghelp.dll

VM Arguments:
jvm_args: -Dfile.encoding=Cp1252 
java_command: gui.CoinGUI
Launcher Type: SUN_STANDARD

Environment Variables:
PATH=C:/Users/Ben/Documents/1. UNI/2013/SEM1/CSSE2002/eclipse-jee-juno-SR2-win32-x86_64/eclipse/jre/bin/server;C:/Users/Ben/Documents/1. UNI/2013/SEM1/CSSE2002/eclipse-jee-juno-SR2-win32-x86_64/eclipse/jre/bin;C:/Users/Ben/Documents/1. UNI/2013/SEM1/CSSE2002/eclipse-jee-juno-SR2-win32-x86_64/eclipse/jre/lib/amd64;C:\Program Files (x86)\Pololu\Maestro\bin;C:\Program Files\Java\jdk1.7.0_17\bin;C:\opencv\build\x64\vc10\bin;;C:\Program Files\PrimeSense\NITE\bin64;C:\Program Files (x86)\Pololu\Maestro\bin;;C:\Users\Ben\Documents\1. UNI\2013\SEM1\CSSE2002\eclipse-jee-juno-SR2-win32-x86_64\eclipse;
USERNAME=Ben
OS=Windows_NT
PROCESSOR_IDENTIFIER=Intel64 Family 6 Model 58 Stepping 9, GenuineIntel



---------------  S Y S T E M  ---------------

OS: Windows 8 , 64 bit Build 9200 

CPU:total 4 (2 cores per cpu, 2 threads per core) family 6 model 58 stepping 9, cmov, cx8, fxsr, mmx, sse, sse2, sse3, ssse3, sse4.1, sse4.2, popcnt, avx, ht, tsc, tscinvbit, tscinv

Memory: 4k page, physical 8244036k(4194644k free), swap 9947972k(4903272k free)

vm_info: Java HotSpot(TM) 64-Bit Server VM (23.7-b01) for windows-amd64 JRE (1.7.0_17-b02), built on Mar  1 2013 03:38:30 by "java_re" with unknown MS VC++:1600

time: Mon Oct 21 01:44:39 2013
elapsed time: 1 seconds

