#
# A fatal error has been detected by the Java Runtime Environment:
#
#  EXCEPTION_ACCESS_VIOLATION (0xc0000005) at pc=0x0000000063e0c350, pid=7128, tid=12568
#
# JRE version: 7.0_17-b02
# Java VM: Java HotSpot(TM) 64-Bit Server VM (23.7-b01 mixed mode windows-amd64 compressed oops)
# Problematic frame:
# C  [msvcr100.dll+0x3c350]  memset+0xb0
#
# Failed to write core dump. Minidumps are not enabled by default on client versions of Windows
#
# If you would like to submit a bug report, please visit:
#   http://bugreport.sun.com/bugreport/crash.jsp
# The crash happened outside the Java Virtual Machine in native code.
# See problematic frame for where to report the bug.
#

---------------  T H R E A D  ---------------

Current thread (0x0000000002ac0800):  JavaThread "main" [_thread_in_native, id=12568, stack(0x0000000002950000,0x0000000002a50000)]

siginfo: ExceptionCode=0xc0000005, writing address 0x0000000000000000

Registers:
RAX=0x0000000000000000, RBX=0x0000000002a4f650, RCX=0x0000000000000000, RDX=0x0000000000000000
RSP=0x0000000002a4f558, RBP=0x0000000002ac09d8, RSI=0x0000000000000000, RDI=0x0000000000000000
R8 =0x000000000000003f, R9 =0x03ffffffffffffff, R10=0x0000000000000006, R11=0x0000000061b2cae8
R12=0x0000000000000000, R13=0x000000077d319428, R14=0x0000000002a4f650, R15=0x0000000002ac0800
RIP=0x0000000063e0c350, EFLAGS=0x0000000000010206

Top of Stack: (sp=0x0000000002a4f558)
0x0000000002a4f558:   000007fa581c1f7b 0000000002bd5b70
0x0000000002a4f568:   0000000002ac0800 000000077d24ee00
0x0000000002a4f578:   000000078532b098 0000000002bc6374
0x0000000002a4f588:   0000000002bd23a8 000000077d319428
0x0000000002a4f598:   0000000002a4f618 000000077d24ee00
0x0000000002a4f5a8:   0000000000000000 ffffffffffffffff
0x0000000002a4f5b8:   0000000000000000 0000000002a4f5e8
0x0000000002a4f5c8:   0000000002a4f638 0000000002bc6374
0x0000000002a4f5d8:   0000000002a4f5d8 0000000000000000
0x0000000002a4f5e8:   0000000002a4f650 000000077d7b8f08
0x0000000002a4f5f8:   0000000000000000 000000077d319428
0x0000000002a4f608:   0000000000000000 0000000002a4f638
0x0000000002a4f618:   0000000002a4f698 0000000002bc63d3
0x0000000002a4f628:   000000078532ba48 0000000002bcf1db
0x0000000002a4f638:   ffffffffffffffff 0000000002bc6374
0x0000000002a4f648:   0000000000000000 00000007d64122d0 

Instructions: (pc=0x0000000063e0c350)
0x0000000063e0c330:   89 51 d8 48 89 51 e0 49 ff c9 48 89 51 e8 48 89
0x0000000063e0c340:   51 f0 48 89 51 f8 75 d8 eb 94 66 0f 1f 44 00 00
0x0000000063e0c350:   48 0f c3 11 48 0f c3 51 08 48 0f c3 51 10 48 83
0x0000000063e0c360:   c1 40 48 0f c3 51 d8 48 0f c3 51 e0 49 ff c9 48 


Register to memory mapping:

RAX=0x0000000000000000 is an unknown value
RBX=0x0000000002a4f650 is pointing into the stack for thread: 0x0000000002ac0800
RCX=0x0000000000000000 is an unknown value
RDX=0x0000000000000000 is an unknown value
RSP=0x0000000002a4f558 is pointing into the stack for thread: 0x0000000002ac0800
RBP=0x0000000002ac09d8 is an unknown value
RSI=0x0000000000000000 is an unknown value
RDI=0x0000000000000000 is an unknown value
R8 =0x000000000000003f is an unknown value
R9 =0x03ffffffffffffff is an unknown value
R10=0x0000000000000006 is an unknown value
R11=0x0000000061b2cae8 is an unknown value
R12=0x0000000000000000 is an unknown value
R13=0x000000077d319428 is an oop
{method} 
 - klass: {other class}
R14=0x0000000002a4f650 is pointing into the stack for thread: 0x0000000002ac0800
R15=0x0000000002ac0800 is a thread


Stack: [0x0000000002950000,0x0000000002a50000],  sp=0x0000000002a4f558,  free space=1021k
Native frames: (J=compiled Java code, j=interpreted, Vv=VM code, C=native code)
C  [msvcr100.dll+0x3c350]  memset+0xb0

Java frames: (J=compiled Java code, j=interpreted, Vv=VM code)
j  com.googlecode.javacpp.Pointer.memset(Lcom/googlecode/javacpp/Pointer;IJ)Lcom/googlecode/javacpp/Pointer;+0
j  com.googlecode.javacpp.Pointer.fill(I)Lcom/googlecode/javacpp/Pointer;+107
j  com.googlecode.javacpp.Pointer.zero()Lcom/googlecode/javacpp/Pointer;+2
j  com.googlecode.javacv.cpp.opencv_core$IplImage.<init>()V+14
j  capture.OverlayImage.<init>(Lcom/googlecode/javacv/cpp/opencv_core$IplImage;Lcom/googlecode/javacv/cpp/opencv_core$IplImage;)V+1
j  gui.CoinGUI.main([Ljava/lang/String;)V+922
v  ~StubRoutines::call_stub

---------------  P R O C E S S  ---------------

Java Threads: ( => current thread )
  0x000000000ec5b000 JavaThread "TimerQueue" daemon [_thread_blocked, id=15324, stack(0x0000000010a40000,0x0000000010b40000)]
  0x000000000d5ea800 JavaThread "AWT-EventQueue-0" [_thread_blocked, id=13004, stack(0x000000000e630000,0x000000000e730000)]
  0x000000000d53e000 JavaThread "AWT-Windows" daemon [_thread_in_native, id=5336, stack(0x000000000daf0000,0x000000000dbf0000)]
  0x000000000d53d000 JavaThread "AWT-Shutdown" [_thread_blocked, id=9116, stack(0x000000000d9f0000,0x000000000daf0000)]
  0x000000000d4a5000 JavaThread "Java2D Disposer" daemon [_thread_blocked, id=9624, stack(0x000000000d8f0000,0x000000000d9f0000)]
  0x000000000ba6b800 JavaThread "Service Thread" daemon [_thread_blocked, id=10572, stack(0x000000000d210000,0x000000000d310000)]
  0x000000000ba64800 JavaThread "C2 CompilerThread1" daemon [_thread_blocked, id=12392, stack(0x000000000d110000,0x000000000d210000)]
  0x000000000ba63000 JavaThread "C2 CompilerThread0" daemon [_thread_blocked, id=12588, stack(0x000000000d010000,0x000000000d110000)]
  0x000000000ba5f000 JavaThread "Attach Listener" daemon [_thread_blocked, id=16272, stack(0x000000000cf10000,0x000000000d010000)]
  0x000000000ba5c000 JavaThread "Signal Dispatcher" daemon [_thread_blocked, id=12352, stack(0x000000000ce10000,0x000000000cf10000)]
  0x000000000b9f7000 JavaThread "Finalizer" daemon [_thread_blocked, id=2556, stack(0x000000000cd10000,0x000000000ce10000)]
  0x000000000b9ee800 JavaThread "Reference Handler" daemon [_thread_blocked, id=9592, stack(0x000000000cc10000,0x000000000cd10000)]
=>0x0000000002ac0800 JavaThread "main" [_thread_in_native, id=12568, stack(0x0000000002950000,0x0000000002a50000)]

Other Threads:
  0x000000000b9e7000 VMThread [stack: 0x000000000cb10000,0x000000000cc10000] [id=10392]
  0x000000000ba89000 WatcherThread [stack: 0x000000000d310000,0x000000000d410000] [id=11108]

VM state:not at safepoint (normal execution)

VM Mutex/Monitor currently owned by a thread: None

Heap
 PSYoungGen      total 37632K, used 3713K [0x00000007d60b0000, 0x00000007daa30000, 0x0000000800000000)
  eden space 32320K, 11% used [0x00000007d60b0000,0x00000007d6450670,0x00000007d8040000)
  from space 5312K, 0% used [0x00000007d8570000,0x00000007d8570000,0x00000007d8aa0000)
  to   space 5312K, 0% used [0x00000007d8040000,0x00000007d8040000,0x00000007d8570000)
 ParOldGen       total 116928K, used 50674K [0x0000000782200000, 0x0000000789430000, 0x00000007d60b0000)
  object space 116928K, 43% used [0x0000000782200000,0x000000078537cbf8,0x0000000789430000)
 PSPermGen       total 23360K, used 11428K [0x000000077d000000, 0x000000077e6d0000, 0x0000000782200000)
  object space 23360K, 48% used [0x000000077d000000,0x000000077db293f8,0x000000077e6d0000)

Card table byte_map: [0x0000000005c80000,0x00000000060a0000] byte_map_base: 0x0000000002098000

Polling page: 0x00000000011b0000

Code Cache  [0x0000000002bc0000, 0x0000000002e30000, 0x0000000005bc0000)
 total_blobs=575 nmethods=84 adapters=442 free_code_cache=48382Kb largest_free_block=49497088

Compilation events (10 events):
Event: 1.437 Thread 0x000000000ba64800 nmethod 78 0x0000000002c62f50 code [0x0000000002c63080, 0x0000000002c63118]
Event: 1.437 Thread 0x000000000ba64800   79             java.lang.Math::min (45 bytes)
Event: 1.437 Thread 0x000000000ba64800 nmethod 79 0x0000000002c62d10 code [0x0000000002c62e60, 0x0000000002c62ef8]
Event: 1.437 Thread 0x000000000ba64800   80             java.lang.Math::max (45 bytes)
Event: 1.438 Thread 0x000000000ba64800 nmethod 80 0x0000000002c62a90 code [0x0000000002c62be0, 0x0000000002c62c78]
Event: 1.447 Thread 0x000000000ba64800   81             com.googlecode.javacv.Blobs::OldRegion (343 bytes)
Event: 1.458 Thread 0x000000000ba64800 nmethod 81 0x0000000002c6fd10 code [0x0000000002c6fee0, 0x0000000002c709d8]
Event: 1.471 Thread 0x000000000ba63000 nmethod 2% 0x0000000002c74190 code [0x0000000002c745e0, 0x0000000002c76e80]
Event: 1.472 Thread 0x000000000ba64800    3 %           com.googlecode.javacv.Blobs::BlobAnalysis @ 377 (2041 bytes)
Event: 1.593 Thread 0x000000000ba64800 nmethod 3% 0x0000000002c7ee90 code [0x0000000002c7f600, 0x0000000002c83200]

GC Heap History (6 events):
Event: 1.348 GC heap before
{Heap before GC invocations=1 (full 0):
 PSYoungGen      total 37632K, used 32320K [0x00000007d60b0000, 0x00000007d8aa0000, 0x0000000800000000)
  eden space 32320K, 100% used [0x00000007d60b0000,0x00000007d8040000,0x00000007d8040000)
  from space 5312K, 0% used [0x00000007d8570000,0x00000007d8570000,0x00000007d8aa0000)
  to   space 5312K, 0% used [0x00000007d8040000,0x00000007d8040000,0x00000007d8570000)
 ParOldGen       total 85888K, used 0K [0x0000000782200000, 0x00000007875e0000, 0x00000007d60b0000)
  object space 85888K, 0% used [0x0000000782200000,0x0000000782200000,0x00000007875e0000)
 PSPermGen       total 21248K, used 11419K [0x000000077d000000, 0x000000077e4c0000, 0x0000000782200000)
  object space 21248K, 53% used [0x000000077d000000,0x000000077db26ed0,0x000000077e4c0000)
Event: 1.360 GC heap after
Heap after GC invocations=1 (full 0):
 PSYoungGen      total 37632K, used 5304K [0x00000007d60b0000, 0x00000007d8aa0000, 0x0000000800000000)
  eden space 32320K, 0% used [0x00000007d60b0000,0x00000007d60b0000,0x00000007d8040000)
  from space 5312K, 99% used [0x00000007d8040000,0x00000007d856e030,0x00000007d8570000)
  to   space 5312K, 0% used [0x00000007d8570000,0x00000007d8570000,0x00000007d8aa0000)
 ParOldGen       total 85888K, used 31555K [0x0000000782200000, 0x00000007875e0000, 0x00000007d60b0000)
  object space 85888K, 36% used [0x0000000782200000,0x00000007840d0ff0,0x00000007875e0000)
 PSPermGen       total 21248K, used 11419K [0x000000077d000000, 0x000000077e4c0000, 0x0000000782200000)
  object space 21248K, 53% used [0x000000077d000000,0x000000077db26ed0,0x000000077e4c0000)
}
Event: 1.367 GC heap before
{Heap before GC invocations=2 (full 0):
 PSYoungGen      total 37632K, used 37624K [0x00000007d60b0000, 0x00000007d8aa0000, 0x0000000800000000)
  eden space 32320K, 100% used [0x00000007d60b0000,0x00000007d8040000,0x00000007d8040000)
  from space 5312K, 99% used [0x00000007d8040000,0x00000007d856e030,0x00000007d8570000)
  to   space 5312K, 0% used [0x00000007d8570000,0x00000007d8570000,0x00000007d8aa0000)
 ParOldGen       total 85888K, used 31555K [0x0000000782200000, 0x00000007875e0000, 0x00000007d60b0000)
  object space 85888K, 36% used [0x0000000782200000,0x00000007840d0ff0,0x00000007875e0000)
 PSPermGen       total 21248K, used 11419K [0x000000077d000000, 0x000000077e4c0000, 0x0000000782200000)
  object space 21248K, 53% used [0x000000077d000000,0x000000077db26ed0,0x000000077e4c0000)
Event: 1.379 GC heap after
Heap after GC invocations=2 (full 0):
 PSYoungGen      total 37632K, used 5297K [0x00000007d60b0000, 0x00000007daa30000, 0x0000000800000000)
  eden space 32320K, 0% used [0x00000007d60b0000,0x00000007d60b0000,0x00000007d8040000)
  from space 5312K, 99% used [0x00000007d8570000,0x00000007d8a9c4a0,0x00000007d8aa0000)
  to   space 5312K, 0% used [0x00000007d8040000,0x00000007d8040000,0x00000007d8570000)
 ParOldGen       total 85888K, used 61689K [0x0000000782200000, 0x00000007875e0000, 0x00000007d60b0000)
  object space 85888K, 71% used [0x0000000782200000,0x0000000785e3e400,0x00000007875e0000)
 PSPermGen       total 21248K, used 11419K [0x000000077d000000, 0x000000077e4c0000, 0x0000000782200000)
  object space 21248K, 53% used [0x000000077d000000,0x000000077db26ed0,0x000000077e4c0000)
}
Event: 1.379 GC heap before
{Heap before GC invocations=3 (full 1):
 PSYoungGen      total 37632K, used 5297K [0x00000007d60b0000, 0x00000007daa30000, 0x0000000800000000)
  eden space 32320K, 0% used [0x00000007d60b0000,0x00000007d60b0000,0x00000007d8040000)
  from space 5312K, 99% used [0x00000007d8570000,0x00000007d8a9c4a0,0x00000007d8aa0000)
  to   space 5312K, 0% used [0x00000007d8040000,0x00000007d8040000,0x00000007d8570000)
 ParOldGen       total 85888K, used 61689K [0x0000000782200000, 0x00000007875e0000, 0x00000007d60b0000)
  object space 85888K, 71% used [0x0000000782200000,0x0000000785e3e400,0x00000007875e0000)
 PSPermGen       total 21248K, used 11419K [0x000000077d000000, 0x000000077e4c0000, 0x0000000782200000)
  object space 21248K, 53% used [0x000000077d000000,0x000000077db26ed0,0x000000077e4c0000)
Event: 1.406 GC heap after
Heap after GC invocations=3 (full 1):
 PSYoungGen      total 37632K, used 0K [0x00000007d60b0000, 0x00000007daa30000, 0x0000000800000000)
  eden space 32320K, 0% used [0x00000007d60b0000,0x00000007d60b0000,0x00000007d8040000)
  from space 5312K, 0% used [0x00000007d8570000,0x00000007d8570000,0x00000007d8aa0000)
  to   space 5312K, 0% used [0x00000007d8040000,0x00000007d8040000,0x00000007d8570000)
 ParOldGen       total 116928K, used 50674K [0x0000000782200000, 0x0000000789430000, 0x00000007d60b0000)
  object space 116928K, 43% used [0x0000000782200000,0x000000078537cbf8,0x0000000789430000)
 PSPermGen       total 23360K, used 11415K [0x000000077d000000, 0x000000077e6d0000, 0x0000000782200000)
  object space 23360K, 48% used [0x000000077d000000,0x000000077db25d88,0x000000077e6d0000)
}

Deoptimization events (1 events):
Event: 0.234 Thread 0x0000000002ac0800 Uncommon trap -34 fr.pc 0x0000000002c35990

Internal exceptions (10 events):
Event: 1.166 Thread 0x0000000002ac0800 Threw 0x00000007d7645bb0 at C:\jdk7u2_64p\jdk7u17\hotspot\src\share\vm\prims\jvm.cpp:1166
Event: 1.167 Thread 0x0000000002ac0800 Threw 0x00000007d764f160 at C:\jdk7u2_64p\jdk7u17\hotspot\src\share\vm\prims\jvm.cpp:1166
Event: 1.205 Thread 0x0000000002ac0800 Threw 0x00000007d769f450 at C:\jdk7u2_64p\jdk7u17\hotspot\src\share\vm\prims\jvm.cpp:1166
Event: 1.206 Thread 0x0000000002ac0800 Threw 0x00000007d76a8128 at C:\jdk7u2_64p\jdk7u17\hotspot\src\share\vm\prims\jvm.cpp:1166
Event: 1.207 Thread 0x0000000002ac0800 Threw 0x00000007d76b1440 at C:\jdk7u2_64p\jdk7u17\hotspot\src\share\vm\prims\jvm.cpp:1166
Event: 1.207 Thread 0x0000000002ac0800 Threw 0x00000007d76b88d8 at C:\jdk7u2_64p\jdk7u17\hotspot\src\share\vm\prims\jvm.cpp:1166
Event: 1.215 Thread 0x0000000002ac0800 Threw 0x00000007d76ef018 at C:\jdk7u2_64p\jdk7u17\hotspot\src\share\vm\prims\jvm.cpp:1166
Event: 1.339 Thread 0x0000000002ac0800 Threw 0x00000007d77940e0 at C:\jdk7u2_64p\jdk7u17\hotspot\src\share\vm\prims\jvm.cpp:1166
Event: 1.344 Thread 0x0000000002ac0800 Threw 0x00000007d779f8c0 at C:\jdk7u2_64p\jdk7u17\hotspot\src\share\vm\prims\jvm.cpp:1166
Event: 1.675 Thread 0x0000000002ac0800 Threw 0x00000007d6410a90 at C:\jdk7u2_64p\jdk7u17\hotspot\src\share\vm\prims\jvm.cpp:1166

Events (10 events):
Event: 1.339 loading class 0x000000000ba5a9a0
Event: 1.339 loading class 0x000000000ba5a9a0 done
Event: 1.344 loading class 0x000000000eb234d0
Event: 1.344 loading class 0x000000000eb234d0 done
Event: 1.348 Executing VM operation: ParallelGCFailedAllocation
Event: 1.360 Executing VM operation: ParallelGCFailedAllocation done
Event: 1.367 Executing VM operation: ParallelGCFailedAllocation
Event: 1.406 Executing VM operation: ParallelGCFailedAllocation done
Event: 1.675 loading class 0x000000000ba5a310
Event: 1.675 loading class 0x000000000ba5a310 done


Dynamic libraries:
0x000007f733000000 - 0x000007f733033000 	C:\Users\Ben\Documents\EclipseWorking\jre\bin\javaw.exe
0x000007fa6b740000 - 0x000007fa6b900000 	C:\Windows\SYSTEM32\ntdll.dll
0x000007fa68b90000 - 0x000007fa68cc6000 	C:\Windows\system32\KERNEL32.DLL
0x000007fa68a00000 - 0x000007fa68af3000 	C:\Windows\system32\KERNELBASE.dll
0x000007fa69570000 - 0x000007fa6964e000 	C:\Windows\system32\ADVAPI32.dll
0x000007fa69240000 - 0x000007fa6938c000 	C:\Windows\system32\USER32.dll
0x000007fa65f90000 - 0x000007fa661fa000 	C:\Windows\WinSxS\amd64_microsoft.windows.common-controls_6595b64144ccf1df_6.0.9200.16579_none_418ab7ef718b27ef\COMCTL32.dll
0x000007fa6b5e0000 - 0x000007fa6b685000 	C:\Windows\system32\msvcrt.dll
0x000007fa6a2b0000 - 0x000007fa6a2f8000 	C:\Windows\SYSTEM32\sechost.dll
0x000007fa69890000 - 0x000007fa699d5000 	C:\Windows\system32\RPCRT4.dll
0x000007fa69fd0000 - 0x000007fa6a111000 	C:\Windows\system32\GDI32.dll
0x000007fa69200000 - 0x000007fa69239000 	C:\Windows\system32\IMM32.DLL
0x000007fa6a190000 - 0x000007fa6a2a6000 	C:\Windows\system32\MSCTF.dll
0x0000000063dd0000 - 0x0000000063ea1000 	C:\Users\Ben\Documents\EclipseWorking\jre\bin\msvcr100.dll
0x0000000061480000 - 0x0000000061b9f000 	C:\Users\Ben\Documents\EclipseWorking\jre\bin\server\jvm.dll
0x000007fa5dd50000 - 0x000007fa5dd59000 	C:\Windows\SYSTEM32\WSOCK32.dll
0x000007fa639b0000 - 0x000007fa639d0000 	C:\Windows\SYSTEM32\WINMM.dll
0x000007fa69880000 - 0x000007fa69887000 	C:\Windows\system32\PSAPI.DLL
0x000007fa68b30000 - 0x000007fa68b88000 	C:\Windows\system32\WS2_32.dll
0x000007fa63970000 - 0x000007fa639a3000 	C:\Windows\SYSTEM32\WINMMBASE.dll
0x000007fa69a60000 - 0x000007fa69a69000 	C:\Windows\system32\NSI.dll
0x000007fa689b0000 - 0x000007fa689ff000 	C:\Windows\SYSTEM32\cfgmgr32.dll
0x000007fa68b00000 - 0x000007fa68b22000 	C:\Windows\system32\DEVOBJ.dll
0x0000000064d60000 - 0x0000000064d6f000 	C:\Users\Ben\Documents\EclipseWorking\jre\bin\verify.dll
0x0000000063da0000 - 0x0000000063dc8000 	C:\Users\Ben\Documents\EclipseWorking\jre\bin\java.dll
0x0000000063d80000 - 0x0000000063d95000 	C:\Users\Ben\Documents\EclipseWorking\jre\bin\zip.dll
0x0000000062ba0000 - 0x0000000062d33000 	C:\Users\Ben\Documents\EclipseWorking\jre\bin\awt.dll
0x000007fa69650000 - 0x000007fa69713000 	C:\Windows\system32\OLEAUT32.dll
0x000007fa68f60000 - 0x000007fa69110000 	C:\Windows\system32\combase.dll
0x000007fa63af0000 - 0x000007fa63b8f000 	C:\Windows\system32\apphelp.dll
0x000007fa67480000 - 0x000007fa67566000 	C:\Windows\system32\uxtheme.dll
0x000007fa666d0000 - 0x000007fa666f1000 	C:\Windows\SYSTEM32\dwmapi.dll
0x000007fa69a80000 - 0x000007fa69bfe000 	C:\Windows\system32\ole32.dll
0x000007fa68430000 - 0x000007fa6843a000 	C:\Windows\SYSTEM32\CRYPTBASE.dll
0x000007fa683d0000 - 0x000007fa6842c000 	C:\Windows\SYSTEM32\bcryptPrimitives.dll
0x000007fa6a300000 - 0x000007fa6b5e0000 	C:\Windows\system32\SHELL32.dll
0x000007fa69110000 - 0x000007fa69160000 	C:\Windows\system32\SHLWAPI.dll
0x000007fa669b0000 - 0x000007fa66a46000 	C:\Windows\SYSTEM32\shcore.dll
0x0000000060fb0000 - 0x0000000061081000 	C:\Users\Ben\AppData\Local\Temp\javacpp388963207398828\msvcr100.dll
0x0000000060f10000 - 0x0000000060fa8000 	C:\Users\Ben\AppData\Local\Temp\javacpp388963207398828\msvcp100.dll
0x0000000066840000 - 0x00000000675ca000 	C:\Users\Ben\AppData\Local\Temp\javacpp388963207398828\opencv_ffmpeg246_64.dll
0x000007fa49e20000 - 0x000007fa4a08f000 	C:\Users\Ben\AppData\Local\Temp\javacpp388963207398828\opencv_core246.dll
0x000007fa49b60000 - 0x000007fa49e13000 	C:\Users\Ben\AppData\Local\Temp\javacpp388963207398828\opencv_imgproc246.dll
0x000007fa48620000 - 0x000007fa48870000 	C:\Users\Ben\AppData\Local\Temp\javacpp388963207398828\opencv_highgui246.dll
0x000007fa62d60000 - 0x000007fa62d80000 	C:\Windows\SYSTEM32\AVIFIL32.dll
0x000007fa62d30000 - 0x000007fa62d59000 	C:\Windows\SYSTEM32\MSVFW32.dll
0x000007fa62d10000 - 0x000007fa62d27000 	C:\Windows\SYSTEM32\AVICAP32.dll
0x000007fa5a930000 - 0x000007fa5a949000 	C:\Windows\SYSTEM32\MSACM32.dll
0x000007fa65780000 - 0x000007fa65789000 	C:\Windows\SYSTEM32\VERSION.dll
0x000007fa581c0000 - 0x000007fa581d3000 	C:\Users\Ben\AppData\Local\Temp\javacpp388963207398828\jniopencv_highgui.dll
0x000007fa69160000 - 0x000007fa691f6000 	C:\Windows\SYSTEM32\clbcatq.dll
0x000007fa62cd0000 - 0x000007fa62ce7000 	C:\Windows\System32\devenum.dll
0x000007fa69390000 - 0x000007fa69560000 	C:\Windows\system32\setupapi.dll
0x000007fa66f20000 - 0x000007fa66f4e000 	C:\Windows\SYSTEM32\ntmarta.dll
0x000007fa686c0000 - 0x000007fa68715000 	C:\Windows\system32\WINTRUST.dll
0x000007fa687d0000 - 0x000007fa689a1000 	C:\Windows\system32\CRYPT32.dll
0x000007fa686a0000 - 0x000007fa686b6000 	C:\Windows\system32\MSASN1.dll
0x000007fa65de0000 - 0x000007fa65ded000 	C:\Windows\SYSTEM32\msdmo.dll
0x000007fa5b830000 - 0x000007fa5b85f000 	C:\Windows\System32\qcap.dll
0x000007fa4bbb0000 - 0x000007fa4bd68000 	C:\Windows\System32\quartz.dll
0x000007fa5b7f0000 - 0x000007fa5b82f000 	C:\Windows\System32\ksproxy.ax
0x000007fa5cb80000 - 0x000007fa5cb87000 	C:\Windows\System32\ksuser.dll
0x000007fa4ef00000 - 0x000007fa4f100000 	C:\Windows\System32\d3d9.dll
0x000007fa65930000 - 0x000007fa6593c000 	C:\Windows\System32\vidcap.ax
0x000007fa5b7c0000 - 0x000007fa5b7e4000 	C:\Windows\System32\kswdmcap.ax
0x000007fa53c30000 - 0x000007fa53d84000 	C:\Windows\System32\MFC42.dll
0x000007fa58810000 - 0x000007fa588ce000 	C:\Windows\System32\ODBC32.dll
0x000007fa589c0000 - 0x000007fa58a55000 	C:\Windows\System32\qedit.dll
0x000007fa6b690000 - 0x000007fa6b731000 	C:\Windows\system32\COMDLG32.dll
0x000007fa63490000 - 0x000007fa63630000 	C:\Windows\WinSxS\amd64_microsoft.windows.gdiplus_6595b64144ccf1df_1.1.9200.16518_none_726fbfe0cc22f012\gdiplus.dll
0x000007fa5aeb0000 - 0x000007fa5af9a000 	C:\Windows\SYSTEM32\DDRAW.dll
0x000007fa65640000 - 0x000007fa65648000 	C:\Windows\SYSTEM32\DCIMAN32.dll
0x000007fa64e90000 - 0x000007fa64e9b000 	C:\Windows\SYSTEM32\msyuv.dll
0x0000000062b60000 - 0x0000000062b94000 	C:\Users\Ben\Documents\EclipseWorking\jre\bin\fontmanager.dll
0x000007fa4dfa0000 - 0x000007fa4e03a000 	C:\Users\Ben\AppData\Local\Temp\javacpp388963207398828\jniopencv_core.dll
0x0000000063710000 - 0x0000000063729000 	C:\Users\Ben\Documents\EclipseWorking\jre\bin\net.dll
0x000007fa67e40000 - 0x000007fa67e9c000 	C:\Windows\system32\mswsock.dll
0x0000000062a90000 - 0x0000000062aa1000 	C:\Users\Ben\Documents\EclipseWorking\jre\bin\nio.dll
0x0000000061390000 - 0x00000000613d1000 	C:\Users\Ben\Documents\EclipseWorking\jre\bin\t2k.dll
0x000007fa52f50000 - 0x000007fa52f9c000 	C:\Users\Ben\AppData\Local\Temp\javacpp388963207398828\jniopencv_imgproc.dll
0x000007fa65060000 - 0x000007fa651f3000 	C:\Windows\SYSTEM32\WindowsCodecs.dll
0x000007fa685f0000 - 0x000007fa68605000 	C:\Windows\SYSTEM32\profapi.dll
0x000007fa4d4f0000 - 0x000007fa4d58a000 	C:\Users\Ben\AppData\Local\Temp\javacpp388963207398828\opencv_flann246.dll
0x000007fa4caa0000 - 0x000007fa4cb7a000 	C:\Users\Ben\AppData\Local\Temp\javacpp388963207398828\opencv_features2d246.dll
0x000007fa52b20000 - 0x000007fa52b65000 	C:\Users\Ben\AppData\Local\Temp\javacpp388963207398828\jniopencv_features2d.dll
0x000007fa66540000 - 0x000007fa666a3000 	C:\Windows\SYSTEM32\dbghelp.dll

VM Arguments:
jvm_args: -Dfile.encoding=Cp1252 
java_command: gui.CoinGUI
Launcher Type: SUN_STANDARD

Environment Variables:
PATH=C:/Users/Ben/Documents/1. UNI/2013/SEM1/CSSE2002/eclipse-jee-juno-SR2-win32-x86_64/eclipse/jre/bin/server;C:/Users/Ben/Documents/1. UNI/2013/SEM1/CSSE2002/eclipse-jee-juno-SR2-win32-x86_64/eclipse/jre/bin;C:/Users/Ben/Documents/1. UNI/2013/SEM1/CSSE2002/eclipse-jee-juno-SR2-win32-x86_64/eclipse/jre/lib/amd64;C:\Program Files (x86)\Pololu\Maestro\bin;C:\Program Files\Java\jdk1.7.0_17\bin;C:\opencv\build\x64\vc10\bin;;C:\Program Files\PrimeSense\NITE\bin64;C:\Program Files (x86)\Pololu\Maestro\bin;;C:\Users\Ben\Documents\1. UNI\2013\SEM1\CSSE2002\eclipse-jee-juno-SR2-win32-x86_64\eclipse;
USERNAME=Ben
OS=Windows_NT
PROCESSOR_IDENTIFIER=Intel64 Family 6 Model 58 Stepping 9, GenuineIntel



---------------  S Y S T E M  ---------------

OS: Windows 8 , 64 bit Build 9200 

CPU:total 4 (2 cores per cpu, 2 threads per core) family 6 model 58 stepping 9, cmov, cx8, fxsr, mmx, sse, sse2, sse3, ssse3, sse4.1, sse4.2, popcnt, avx, ht, tsc, tscinvbit, tscinv

Memory: 4k page, physical 8244036k(3730092k free), swap 11413040k(2295992k free)

vm_info: Java HotSpot(TM) 64-Bit Server VM (23.7-b01) for windows-amd64 JRE (1.7.0_17-b02), built on Mar  1 2013 03:38:30 by "java_re" with unknown MS VC++:1600

time: Sat Oct 19 23:07:03 2013
elapsed time: 1 seconds

