#
# A fatal error has been detected by the Java Runtime Environment:
#
#  EXCEPTION_ACCESS_VIOLATION (0xc0000005) at pc=0x000007fd6354123d, pid=2684, tid=8040
#
# JRE version: 7.0_17-b02
# Java VM: Java HotSpot(TM) 64-Bit Server VM (23.7-b01 mixed mode windows-amd64 compressed oops)
# Problematic frame:
# C  [jniopencv_core.dll+0x123d]
#
# Failed to write core dump. Minidumps are not enabled by default on client versions of Windows
#
# If you would like to submit a bug report, please visit:
#   http://bugreport.sun.com/bugreport/crash.jsp
# The crash happened outside the Java Virtual Machine in native code.
# See problematic frame for where to report the bug.
#

---------------  T H R E A D  ---------------

Current thread (0x0000000001dc0800):  JavaThread "main" [_thread_in_native, id=8040, stack(0x0000000001c50000,0x0000000001d50000)]

siginfo: ExceptionCode=0xc0000005, reading address 0x0000000000000018

Registers:
RAX=0x0000000001d4f080, RBX=0x0000000000000000, RCX=0x0000000000000000, RDX=0x0000000001d4f080
RSP=0x0000000001d4f010, RBP=0x000000000caca4f0, RSI=0x000000000c9a0710, RDI=0x0000000001d4f080
R8 =0x000000000c9c6440, R9 =0x0000000000000040, R10=0x0000000000000040, R11=0x0000000001d4f080
R12=0x0000000001d4f1e0, R13=0x0000000000000000, R14=0x0000000000000000, R15=0x0000000001dc0800
RIP=0x000007fd6354123d, EFLAGS=0x0000000000010246

Top of Stack: (sp=0x0000000001d4f010)
0x0000000001d4f010:   0000cda2472dbc02 0000000001020000
0x0000000001d4f020:   0000000001d4f1e0 0000000001d4f1f8
0x0000000001d4f030:   0000000001d4f1f8 000007fd6355436d
0x0000000001d4f040:   0000000001dc09d8 0000000001d4f058
0x0000000001d4f050:   0000000001dc09d8 000000000c9a0710
0x0000000001d4f060:   0000000000000000 0000000000000000
0x0000000001d4f070:   000000000c9a0710 0000000000000000
0x0000000001d4f080:   0000000242ff4000 00000040000006c7
0x0000000001d4f090:   000000000c9ab280 0000000000000000
0x0000000001d4f0a0:   000000000c9ab280 000000000c9c6440
0x0000000001d4f0b0:   000000000c9c6440 0000000000000000
0x0000000001d4f0c0:   0000000001d4f088 0000000001d4f0d0
0x0000000001d4f0d0:   0000000000000040 0000000000000001
0x0000000001d4f0e0:   0000000001d4f080 0000000001dc1028
0x0000000001d4f0f0:   0000cda2472fadb1 0000000001ec61f8
0x0000000001d4f100:   0000000001d4f1f8 000000077d24f530 

Instructions: (pc=0x000007fd6354123d)
0x000007fd6354121d:   48 8b d9 48 3b ca 0f 84 cd 00 00 00 48 8b 4a 18
0x000007fd6354122d:   48 85 c9 74 0b ba 01 00 00 00 ff 15 1b 69 05 00
0x000007fd6354123d:   48 8b 4b 18 48 85 c9 74 17 83 ca ff ff 15 09 69
0x000007fd6354124d:   05 00 83 f8 01 75 09 48 8b cb ff 15 23 69 05 00 


Register to memory mapping:

RAX=0x0000000001d4f080 is pointing into the stack for thread: 0x0000000001dc0800
RBX=0x0000000000000000 is an unknown value
RCX=0x0000000000000000 is an unknown value
RDX=0x0000000001d4f080 is pointing into the stack for thread: 0x0000000001dc0800
RSP=0x0000000001d4f010 is pointing into the stack for thread: 0x0000000001dc0800
RBP=0x000000000caca4f0 is an unknown value
RSI=0x000000000c9a0710 is an unknown value
RDI=0x0000000001d4f080 is pointing into the stack for thread: 0x0000000001dc0800
R8 =0x000000000c9c6440 is an unknown value
R9 =0x0000000000000040 is an unknown value
R10=0x0000000000000040 is an unknown value
R11=0x0000000001d4f080 is pointing into the stack for thread: 0x0000000001dc0800
R12=0x0000000001d4f1e0 is pointing into the stack for thread: 0x0000000001dc0800
R13=0x0000000000000000 is an unknown value
R14=0x0000000000000000 is an unknown value
R15=0x0000000001dc0800 is a thread


Stack: [0x0000000001c50000,0x0000000001d50000],  sp=0x0000000001d4f010,  free space=1020k
Native frames: (J=compiled Java code, j=interpreted, Vv=VM code, C=native code)
C  [jniopencv_core.dll+0x123d]

Java frames: (J=compiled Java code, j=interpreted, Vv=VM code)
j  com.googlecode.javacv.cpp.opencv_core$MatVector.put(JLcom/googlecode/javacv/cpp/opencv_core$CvArr;)Lcom/googlecode/javacv/cpp/opencv_core$MatVector;+0
j  functions.TrainClassifier.addTrainImage(Lcom/googlecode/javacv/cpp/opencv_core$IplImage;)V+57
j  functions.TrainClassifier.main([Ljava/lang/String;)V+28
v  ~StubRoutines::call_stub

---------------  P R O C E S S  ---------------

Java Threads: ( => current thread )
  0x000000000ad73800 JavaThread "Service Thread" daemon [_thread_blocked, id=5568, stack(0x000000000c510000,0x000000000c610000)]
  0x000000000ad6b000 JavaThread "C2 CompilerThread1" daemon [_thread_blocked, id=8084, stack(0x000000000c410000,0x000000000c510000)]
  0x000000000ad62800 JavaThread "C2 CompilerThread0" daemon [_thread_blocked, id=3044, stack(0x000000000c310000,0x000000000c410000)]
  0x000000000ad5f000 JavaThread "Attach Listener" daemon [_thread_blocked, id=7044, stack(0x000000000c210000,0x000000000c310000)]
  0x000000000ad5c000 JavaThread "Signal Dispatcher" daemon [_thread_blocked, id=7724, stack(0x000000000c110000,0x000000000c210000)]
  0x000000000acf6000 JavaThread "Finalizer" daemon [_thread_blocked, id=8180, stack(0x000000000c010000,0x000000000c110000)]
  0x000000000aced000 JavaThread "Reference Handler" daemon [_thread_blocked, id=1360, stack(0x000000000bf10000,0x000000000c010000)]
=>0x0000000001dc0800 JavaThread "main" [_thread_in_native, id=8040, stack(0x0000000001c50000,0x0000000001d50000)]

Other Threads:
  0x000000000ace5800 VMThread [stack: 0x000000000be10000,0x000000000bf10000] [id=7092]
  0x000000000ad8c800 WatcherThread [stack: 0x000000000c610000,0x000000000c710000] [id=6852]

VM state:not at safepoint (normal execution)

VM Mutex/Monitor currently owned by a thread: None

Heap
 PSYoungGen      total 37632K, used 9802K [0x00000007d60b0000, 0x00000007d8aa0000, 0x0000000800000000)
  eden space 32320K, 30% used [0x00000007d60b0000,0x00000007d6a42850,0x00000007d8040000)
  from space 5312K, 0% used [0x00000007d8570000,0x00000007d8570000,0x00000007d8aa0000)
  to   space 5312K, 0% used [0x00000007d8040000,0x00000007d8040000,0x00000007d8570000)
 ParOldGen       total 85888K, used 0K [0x0000000782200000, 0x00000007875e0000, 0x00000007d60b0000)
  object space 85888K, 0% used [0x0000000782200000,0x0000000782200000,0x00000007875e0000)
 PSPermGen       total 21248K, used 4481K [0x000000077d000000, 0x000000077e4c0000, 0x0000000782200000)
  object space 21248K, 21% used [0x000000077d000000,0x000000077d460410,0x000000077e4c0000)

Card table byte_map: [0x0000000004f80000,0x00000000053a0000] byte_map_base: 0x0000000001398000

Polling page: 0x0000000000650000

Code Cache  [0x0000000001ec0000, 0x0000000002130000, 0x0000000004ec0000)
 total_blobs=312 nmethods=51 adapters=212 free_code_cache=48634Kb largest_free_block=49785280

Compilation events (10 events):
Event: 0.659 Thread 0x000000000ad62800   46  s          java.io.ByteArrayOutputStream::write (32 bytes)
Event: 0.659 Thread 0x000000000ad6b000   47             java.io.DataOutputStream::incCount (20 bytes)
Event: 0.659 Thread 0x000000000ad6b000 nmethod 47 0x0000000001f39090 code [0x0000000001f391c0, 0x0000000001f39238]
Event: 0.661 Thread 0x000000000ad62800 nmethod 46 0x0000000001f39f90 code [0x0000000001f3a0e0, 0x0000000001f3a4c8]
Event: 0.669 Thread 0x000000000ad6b000   48             java.net.URI::quote (208 bytes)
Event: 0.674 Thread 0x000000000ad6b000 nmethod 48 0x0000000001f42bd0 code [0x0000000001f42dc0, 0x0000000001f43340]
Event: 0.696 Thread 0x000000000ad62800   49             java.lang.String::startsWith (7 bytes)
Event: 0.697 Thread 0x000000000ad62800 nmethod 49 0x0000000001f39b50 code [0x0000000001f39ca0, 0x0000000001f39e18]
Event: 0.703 Thread 0x000000000ad6b000   50             java.lang.String::getChars (62 bytes)
Event: 0.704 Thread 0x000000000ad6b000 nmethod 50 0x0000000001f439d0 code [0x0000000001f43b20, 0x0000000001f43c58]

GC Heap History (0 events):
No events

Deoptimization events (0 events):
No events

Internal exceptions (10 events):
Event: 0.657 Thread 0x0000000001dc0800 Threw 0x00000007d68a5928 at C:\jdk7u2_64p\jdk7u17\hotspot\src\share\vm\prims\jvm.cpp:1166
Event: 0.667 Thread 0x0000000001dc0800 Threw 0x00000007d68efda8 at C:\jdk7u2_64p\jdk7u17\hotspot\src\share\vm\prims\jvm.cpp:1166
Event: 0.667 Thread 0x0000000001dc0800 Threw 0x00000007d68f4e70 at C:\jdk7u2_64p\jdk7u17\hotspot\src\share\vm\prims\jvm.cpp:1166
Event: 0.668 Thread 0x0000000001dc0800 Threw 0x00000007d68f9ee8 at C:\jdk7u2_64p\jdk7u17\hotspot\src\share\vm\prims\jvm.cpp:1166
Event: 0.671 Thread 0x0000000001dc0800 Threw 0x00000007d6913960 at C:\jdk7u2_64p\jdk7u17\hotspot\src\share\vm\prims\jvm.cpp:1166
Event: 0.674 Thread 0x0000000001dc0800 Threw 0x00000007d692d7b0 at C:\jdk7u2_64p\jdk7u17\hotspot\src\share\vm\prims\jvm.cpp:1166
Event: 0.676 Thread 0x0000000001dc0800 Threw 0x00000007d69477d0 at C:\jdk7u2_64p\jdk7u17\hotspot\src\share\vm\prims\jvm.cpp:1166
Event: 0.688 Thread 0x0000000001dc0800 Threw 0x00000007d6961f30 at C:\jdk7u2_64p\jdk7u17\hotspot\src\share\vm\prims\jvm.cpp:1166
Event: 0.693 Thread 0x0000000001dc0800 Threw 0x00000007d6989550 at C:\jdk7u2_64p\jdk7u17\hotspot\src\share\vm\prims\jvm.cpp:1166
Event: 0.693 Thread 0x0000000001dc0800 Threw 0x00000007d698e6a0 at C:\jdk7u2_64p\jdk7u17\hotspot\src\share\vm\prims\jvm.cpp:1166

Events (10 events):
Event: 0.674 loading class 0x000000000c9024b0
Event: 0.674 loading class 0x000000000c9024b0 done
Event: 0.676 loading class 0x000000000c902c30
Event: 0.676 loading class 0x000000000c902c30 done
Event: 0.688 loading class 0x000000000c92d510
Event: 0.688 loading class 0x000000000c92d510 done
Event: 0.693 loading class 0x000000000ae00f30
Event: 0.693 loading class 0x000000000ae00f30 done
Event: 0.693 loading class 0x000000000ae011b0
Event: 0.693 loading class 0x000000000ae011b0 done


Dynamic libraries:
0x000007f7efe00000 - 0x000007f7efe33000 	C:\Users\Ben\Documents\EclipseWorking\jre\bin\javaw.exe
0x000007fd803d0000 - 0x000007fd80590000 	C:\Windows\SYSTEM32\ntdll.dll
0x000007fd7e270000 - 0x000007fd7e3a6000 	C:\Windows\system32\KERNEL32.DLL
0x000007fd7d480000 - 0x000007fd7d573000 	C:\Windows\system32\KERNELBASE.dll
0x000007fd7e560000 - 0x000007fd7e63e000 	C:\Windows\system32\ADVAPI32.dll
0x000007fd7de30000 - 0x000007fd7df7c000 	C:\Windows\system32\USER32.dll
0x000007fd7ab50000 - 0x000007fd7adba000 	C:\Windows\WinSxS\amd64_microsoft.windows.common-controls_6595b64144ccf1df_6.0.9200.16579_none_418ab7ef718b27ef\COMCTL32.dll
0x000007fd7d8c0000 - 0x000007fd7d965000 	C:\Windows\system32\msvcrt.dll
0x000007fd7d970000 - 0x000007fd7d9b8000 	C:\Windows\SYSTEM32\sechost.dll
0x000007fd7e7f0000 - 0x000007fd7e935000 	C:\Windows\system32\RPCRT4.dll
0x000007fd7db40000 - 0x000007fd7dc81000 	C:\Windows\system32\GDI32.dll
0x000007fd7d7c0000 - 0x000007fd7d7f9000 	C:\Windows\system32\IMM32.DLL
0x000007fd7df80000 - 0x000007fd7e096000 	C:\Windows\system32\MSCTF.dll
0x0000000054ea0000 - 0x0000000054f71000 	C:\Users\Ben\Documents\EclipseWorking\jre\bin\msvcr100.dll
0x0000000054780000 - 0x0000000054e9f000 	C:\Users\Ben\Documents\EclipseWorking\jre\bin\server\jvm.dll
0x000007fd72900000 - 0x000007fd72909000 	C:\Windows\SYSTEM32\WSOCK32.dll
0x000007fd78ed0000 - 0x000007fd78ef0000 	C:\Windows\SYSTEM32\WINMM.dll
0x000007fd80370000 - 0x000007fd80377000 	C:\Windows\system32\PSAPI.DLL
0x000007fd7ff20000 - 0x000007fd7ff78000 	C:\Windows\system32\WS2_32.dll
0x000007fd78e90000 - 0x000007fd78ec3000 	C:\Windows\SYSTEM32\WINMMBASE.dll
0x000007fd7d9c0000 - 0x000007fd7d9c9000 	C:\Windows\system32\NSI.dll
0x000007fd7d400000 - 0x000007fd7d44f000 	C:\Windows\SYSTEM32\cfgmgr32.dll
0x000007fd7d450000 - 0x000007fd7d472000 	C:\Windows\system32\DEVOBJ.dll
0x0000000056a10000 - 0x0000000056a1f000 	C:\Users\Ben\Documents\EclipseWorking\jre\bin\verify.dll
0x0000000055020000 - 0x0000000055048000 	C:\Users\Ben\Documents\EclipseWorking\jre\bin\java.dll
0x0000000055000000 - 0x0000000055015000 	C:\Users\Ben\Documents\EclipseWorking\jre\bin\zip.dll
0x00000000546a0000 - 0x0000000054771000 	C:\Users\Ben\AppData\Local\Temp\javacpp31027608690922\msvcr100.dll
0x0000000054600000 - 0x0000000054698000 	C:\Users\Ben\AppData\Local\Temp\javacpp31027608690922\msvcp100.dll
0x000007fd61560000 - 0x000007fd617cf000 	C:\Users\Ben\AppData\Local\Temp\javacpp31027608690922\opencv_core246.dll
0x000007fd63540000 - 0x000007fd635da000 	C:\Users\Ben\AppData\Local\Temp\javacpp31027608690922\jniopencv_core.dll
0x0000000066840000 - 0x00000000675ca000 	C:\Users\Ben\AppData\Local\Temp\javacpp31027608690922\opencv_ffmpeg246_64.dll
0x000007fd60810000 - 0x000007fd60ac3000 	C:\Users\Ben\AppData\Local\Temp\javacpp31027608690922\opencv_imgproc246.dll
0x000007fd605c0000 - 0x000007fd60810000 	C:\Users\Ben\AppData\Local\Temp\javacpp31027608690922\opencv_highgui246.dll
0x000007fd7e3e0000 - 0x000007fd7e55e000 	C:\Windows\system32\ole32.dll
0x000007fd7da70000 - 0x000007fd7db33000 	C:\Windows\system32\OLEAUT32.dll
0x000007fd6ab30000 - 0x000007fd6ab50000 	C:\Windows\SYSTEM32\AVIFIL32.dll
0x000007fd61530000 - 0x000007fd61559000 	C:\Windows\SYSTEM32\MSVFW32.dll
0x000007fd66710000 - 0x000007fd66727000 	C:\Windows\SYSTEM32\AVICAP32.dll
0x000007fd7e640000 - 0x000007fd7e7f0000 	C:\Windows\SYSTEM32\combase.dll
0x000007fd710c0000 - 0x000007fd710d9000 	C:\Windows\SYSTEM32\MSACM32.dll
0x000007fd7ec40000 - 0x000007fd7ff20000 	C:\Windows\system32\SHELL32.dll
0x000007fd728b0000 - 0x000007fd728b9000 	C:\Windows\SYSTEM32\VERSION.dll
0x000007fd80380000 - 0x000007fd803d0000 	C:\Windows\system32\SHLWAPI.dll
0x000007fd61490000 - 0x000007fd6152a000 	C:\Users\Ben\AppData\Local\Temp\javacpp31027608690922\opencv_flann246.dll
0x000007fd613b0000 - 0x000007fd6148a000 	C:\Users\Ben\AppData\Local\Temp\javacpp31027608690922\opencv_features2d246.dll
0x000007fd61360000 - 0x000007fd613a5000 	C:\Users\Ben\AppData\Local\Temp\javacpp31027608690922\jniopencv_features2d.dll
0x000007fd64410000 - 0x000007fd64423000 	C:\Users\Ben\AppData\Local\Temp\javacpp31027608690922\jniopencv_highgui.dll
0x000007fd66230000 - 0x000007fd66393000 	C:\Windows\SYSTEM32\dbghelp.dll

VM Arguments:
jvm_args: -Dfile.encoding=Cp1252 
java_command: functions.TrainClassifier
Launcher Type: SUN_STANDARD

Environment Variables:
PATH=C:/Users/Ben/Documents/1. UNI/2013/SEM1/CSSE2002/eclipse-jee-juno-SR2-win32-x86_64/eclipse/jre/bin/server;C:/Users/Ben/Documents/1. UNI/2013/SEM1/CSSE2002/eclipse-jee-juno-SR2-win32-x86_64/eclipse/jre/bin;C:/Users/Ben/Documents/1. UNI/2013/SEM1/CSSE2002/eclipse-jee-juno-SR2-win32-x86_64/eclipse/jre/lib/amd64;C:\Program Files (x86)\Pololu\Maestro\bin;C:\Program Files\Java\jdk1.7.0_17\bin;C:\opencv\build\x64\vc10\bin;;C:\Program Files\PrimeSense\NITE\bin64;C:\Program Files (x86)\Pololu\Maestro\bin;;C:\Users\Ben\Documents\1. UNI\2013\SEM1\CSSE2002\eclipse-jee-juno-SR2-win32-x86_64\eclipse;
USERNAME=Ben
OS=Windows_NT
PROCESSOR_IDENTIFIER=Intel64 Family 6 Model 58 Stepping 9, GenuineIntel



---------------  S Y S T E M  ---------------

OS: Windows 8 , 64 bit Build 9200 

CPU:total 4 (2 cores per cpu, 2 threads per core) family 6 model 58 stepping 9, cmov, cx8, fxsr, mmx, sse, sse2, sse3, ssse3, sse4.1, sse4.2, popcnt, avx, ht, tsc, tscinvbit, tscinv

Memory: 4k page, physical 8244036k(4118428k free), swap 9947972k(4945244k free)

vm_info: Java HotSpot(TM) 64-Bit Server VM (23.7-b01) for windows-amd64 JRE (1.7.0_17-b02), built on Mar  1 2013 03:38:30 by "java_re" with unknown MS VC++:1600

time: Mon Oct 21 02:46:08 2013
elapsed time: 0 seconds

