#
# A fatal error has been detected by the Java Runtime Environment:
#
#  EXCEPTION_ACCESS_VIOLATION (0xc0000005) at pc=0x000007f84d4c1d52, pid=4436, tid=4120
#
# JRE version: 7.0_17-b02
# Java VM: Java HotSpot(TM) 64-Bit Server VM (23.7-b01 mixed mode windows-amd64 compressed oops)
# Problematic frame:
# C  [opencv_imgproc245.dll+0xe1d52]  cv::getPerspectiveTransform+0x2a2
#
# Failed to write core dump. Minidumps are not enabled by default on client versions of Windows
#
# If you would like to submit a bug report, please visit:
#   http://bugreport.sun.com/bugreport/crash.jsp
# The crash happened outside the Java Virtual Machine in native code.
# See problematic frame for where to report the bug.
#

---------------  T H R E A D  ---------------

Current thread (0x0000000002aee800):  JavaThread "main" [_thread_in_native, id=4120, stack(0x0000000002af0000,0x0000000002bf0000)]

siginfo: ExceptionCode=0xc0000005, reading address 0x0000000000000018

Registers:
RAX=0x0000000002beed10, RBX=0x3ff0000000000000, RCX=0x000000000000001c, RDX=0x0000000000000004
RSP=0x0000000002bee9f0, RBP=0x0000000002beeaf0, RSI=0x0000000002beef40, RDI=0x0000000000000000
R8 =0x0000000002beebb4, R9 =0x000000000bb8e418, R10=0x0000000002beeb98, R11=0x0000000000000001
R12=0x0000000000000000, R13=0x000000000d6709a0, R14=0x0000000000000018, R15=0x0000000000000018
RIP=0x000007f84d4c1d52, EFLAGS=0x0000000000010212

Top of Stack: (sp=0x0000000002bee9f0)
0x0000000002bee9f0:   000007f85a1354a0 000000006f321d77
0x0000000002beea00:   0000000000000018 0000000002beeaa8
0x0000000002beea10:   000007f800000001 0000000300000003
0x0000000002beea20:   fffffffffffffffe 0000000002beef40
0x0000000002beea30:   000000077d180bb8 0000000002beeaa8
0x0000000002beea40:   0000000002aee800 0000000002beeab8
0x0000000002beea50:   0000000002cf63d3 0000000000000005
0x0000000002beea60:   00000007d64d49c0 0000000002beea68
0x0000000002beea70:   0000000000000000 0000000002beead0
0x0000000002beea80:   000000077d1813e8 0000000000000000
0x0000000002beea90:   0000000242ff4006 0000000100000008
0x0000000002beeaa0:   0000000002beebb0 0000000000000000
0x0000000002beeab0:   0000000002beebb0 0000000002beebf0
0x0000000002beeac0:   0000000002beebf0 0000000000000000
0x0000000002beead0:   0000000002beea98 0000000002beeae0
0x0000000002beeae0:   0000000000000008 0000000000000008 

Instructions: (pc=0x000007f84d4c1d52)
0x000007f84d4c1d32:   8d 95 c0 00 00 00 4c 2b d3 41 8d 54 24 04 48 bb
0x000007f84d4c1d42:   00 00 00 00 00 00 f0 3f f3 0f 10 35 ee ab 0b 00
0x000007f84d4c1d52:   f3 0f 10 64 0f fc 0f 14 e4 0f 5a c4 f2 0f 11 40
0x000007f84d4c1d62:   f8 f2 0f 11 80 e0 fe ff ff f3 0f 10 2c 0f 0f 14 


Register to memory mapping:

RAX=0x0000000002beed10 is pointing into the stack for thread: 0x0000000002aee800
RBX=0x3ff0000000000000 is an unknown value
RCX=0x000000000000001c is an unknown value
RDX=0x0000000000000004 is an unknown value
RSP=0x0000000002bee9f0 is pointing into the stack for thread: 0x0000000002aee800
RBP=0x0000000002beeaf0 is pointing into the stack for thread: 0x0000000002aee800
RSI=0x0000000002beef40 is pointing into the stack for thread: 0x0000000002aee800
RDI=0x0000000000000000 is an unknown value
R8 =0x0000000002beebb4 is pointing into the stack for thread: 0x0000000002aee800
R9 =0x000000000bb8e418 is an unknown value
R10=0x0000000002beeb98 is pointing into the stack for thread: 0x0000000002aee800
R11=0x0000000000000001 is an unknown value
R12=0x0000000000000000 is an unknown value
R13=0x000000000d6709a0 is an unknown value
R14=0x0000000000000018 is an unknown value
R15=0x0000000000000018 is an unknown value


Stack: [0x0000000002af0000,0x0000000002bf0000],  sp=0x0000000002bee9f0,  free space=1018k
Native frames: (J=compiled Java code, j=interpreted, Vv=VM code, C=native code)
C  [opencv_imgproc245.dll+0xe1d52]  cv::getPerspectiveTransform+0x2a2

Java frames: (J=compiled Java code, j=interpreted, Vv=VM code)
j  com.googlecode.javacv.cpp.opencv_imgproc.cvGetPerspectiveTransform(Lcom/googlecode/javacv/cpp/opencv_core$CvPoint2D32f;Lcom/googlecode/javacv/cpp/opencv_core$CvPoint2D32f;Lcom/googlecode/javacv/cpp/opencv_core$CvMat;)Lcom/googlecode/javacv/cpp/opencv_core$CvMat;+0
j  gettingSomewhere.Tester.main([Ljava/lang/String;)V+221
v  ~StubRoutines::call_stub

---------------  P R O C E S S  ---------------

Java Threads: ( => current thread )
  0x000000000bae2800 JavaThread "Service Thread" daemon [_thread_blocked, id=4816, stack(0x000000000d290000,0x000000000d390000)]
  0x000000000badd800 JavaThread "C2 CompilerThread1" daemon [_thread_blocked, id=7480, stack(0x000000000d190000,0x000000000d290000)]
  0x000000000bacf800 JavaThread "C2 CompilerThread0" daemon [_thread_blocked, id=7576, stack(0x000000000d090000,0x000000000d190000)]
  0x000000000bace800 JavaThread "Attach Listener" daemon [_thread_blocked, id=3368, stack(0x000000000cf90000,0x000000000d090000)]
  0x000000000bacb000 JavaThread "Signal Dispatcher" daemon [_thread_blocked, id=6988, stack(0x000000000ce90000,0x000000000cf90000)]
  0x000000000ba65000 JavaThread "Finalizer" daemon [_thread_blocked, id=7600, stack(0x000000000cd90000,0x000000000ce90000)]
  0x000000000ba5c800 JavaThread "Reference Handler" daemon [_thread_blocked, id=7604, stack(0x000000000cc90000,0x000000000cd90000)]
=>0x0000000002aee800 JavaThread "main" [_thread_in_native, id=4120, stack(0x0000000002af0000,0x0000000002bf0000)]

Other Threads:
  0x000000000ba55000 VMThread [stack: 0x000000000cb90000,0x000000000cc90000] [id=3092]
  0x000000000bafc800 WatcherThread [stack: 0x000000000d390000,0x000000000d490000] [id=6940]

VM state:not at safepoint (normal execution)

VM Mutex/Monitor currently owned by a thread: None

Heap
 PSYoungGen      total 37632K, used 5232K [0x00000007d60b0000, 0x00000007d8aa0000, 0x0000000800000000)
  eden space 32320K, 16% used [0x00000007d60b0000,0x00000007d65cc058,0x00000007d8040000)
  from space 5312K, 0% used [0x00000007d8570000,0x00000007d8570000,0x00000007d8aa0000)
  to   space 5312K, 0% used [0x00000007d8040000,0x00000007d8040000,0x00000007d8570000)
 ParOldGen       total 85888K, used 0K [0x0000000782200000, 0x00000007875e0000, 0x00000007d60b0000)
  object space 85888K, 0% used [0x0000000782200000,0x0000000782200000,0x00000007875e0000)
 PSPermGen       total 21248K, used 4470K [0x000000077d000000, 0x000000077e4c0000, 0x0000000782200000)
  object space 21248K, 21% used [0x000000077d000000,0x000000077d45d948,0x000000077e4c0000)

Card table byte_map: [0x0000000005cf0000,0x0000000006110000] byte_map_base: 0x0000000002108000

Polling page: 0x0000000001360000

Code Cache  [0x0000000002cf0000, 0x0000000002f60000, 0x0000000005cf0000)
 total_blobs=306 nmethods=17 adapters=241 free_code_cache=48685Kb largest_free_block=49837504

Compilation events (10 events):
Event: 0.178 Thread 0x000000000badd800   12             sun.net.www.ParseUtil::encodePath (336 bytes)
Event: 0.181 Thread 0x000000000bacf800   13             java.io.Win32FileSystem::normalize (143 bytes)
Event: 0.186 Thread 0x000000000bacf800 nmethod 13 0x0000000002d63ed0 code [0x0000000002d64040, 0x0000000002d64350]
Event: 0.192 Thread 0x000000000badd800 nmethod 12 0x0000000002d66d90 code [0x0000000002d66fc0, 0x0000000002d68038]
Event: 0.200 Thread 0x000000000bacf800   15             java.lang.String::length (6 bytes)
Event: 0.200 Thread 0x000000000bacf800 nmethod 15 0x0000000002d65450 code [0x0000000002d65580, 0x0000000002d655f8]
Event: 0.224 Thread 0x000000000badd800   16             java.lang.AbstractStringBuilder::ensureCapacityInternal (16 bytes)
Event: 0.226 Thread 0x000000000badd800 nmethod 16 0x0000000002d64f10 code [0x0000000002d65060, 0x0000000002d652d8]
Event: 0.254 Thread 0x000000000bacf800   17             java.lang.Math::min (11 bytes)
Event: 0.254 Thread 0x000000000bacf800 nmethod 17 0x0000000002d66590 code [0x0000000002d666c0, 0x0000000002d66718]

GC Heap History (0 events):
No events

Deoptimization events (0 events):
No events

Internal exceptions (10 events):
Event: 0.223 Thread 0x0000000002aee800 Threw 0x00000007d651d748 at C:\jdk7u2_64p\jdk7u17\hotspot\src\share\vm\prims\jvm.cpp:1166
Event: 0.223 Thread 0x0000000002aee800 Threw 0x00000007d6522b20 at C:\jdk7u2_64p\jdk7u17\hotspot\src\share\vm\prims\jvm.cpp:1166
Event: 0.224 Thread 0x0000000002aee800 Threw 0x00000007d6529570 at C:\jdk7u2_64p\jdk7u17\hotspot\src\share\vm\prims\jvm.cpp:1166
Event: 0.224 Thread 0x0000000002aee800 Threw 0x00000007d652ed78 at C:\jdk7u2_64p\jdk7u17\hotspot\src\share\vm\prims\jvm.cpp:1166
Event: 0.225 Thread 0x0000000002aee800 Threw 0x00000007d6532ff0 at C:\jdk7u2_64p\jdk7u17\hotspot\src\share\vm\prims\jvm.cpp:1166
Event: 0.251 Thread 0x0000000002aee800 Threw 0x00000007d6575998 at C:\jdk7u2_64p\jdk7u17\hotspot\src\share\vm\prims\jvm.cpp:1166
Event: 0.252 Thread 0x0000000002aee800 Threw 0x00000007d6579e38 at C:\jdk7u2_64p\jdk7u17\hotspot\src\share\vm\prims\jvm.cpp:1166
Event: 0.269 Thread 0x0000000002aee800 Threw 0x00000007d658b050 at C:\jdk7u2_64p\jdk7u17\hotspot\src\share\vm\prims\jvm.cpp:1166
Event: 0.287 Thread 0x0000000002aee800 Threw 0x00000007d6595488 at C:\jdk7u2_64p\jdk7u17\hotspot\src\share\vm\prims\jvm.cpp:1166
Event: 0.287 Thread 0x0000000002aee800 Threw 0x00000007d65996b0 at C:\jdk7u2_64p\jdk7u17\hotspot\src\share\vm\prims\jvm.cpp:1166

Events (10 events):
Event: 0.256 loading class 0x0000000002c3b960
Event: 0.256 loading class 0x0000000002c3b960 done
Event: 0.256 loading class 0x000000000b9a8300
Event: 0.257 loading class 0x000000000b9a8300 done
Event: 0.269 loading class 0x000000000bb02900
Event: 0.269 loading class 0x000000000bb02900 done
Event: 0.287 loading class 0x000000000d6da710
Event: 0.287 loading class 0x000000000d6da710 done
Event: 0.287 loading class 0x000000000d6da8a0
Event: 0.287 loading class 0x000000000d6da8a0 done


Dynamic libraries:
0x000007f698ab0000 - 0x000007f698ae3000 	C:\Users\Ben\Documents\EclipseWorking\jre\bin\javaw.exe
0x000007f86aae0000 - 0x000007f86aca0000 	C:\Windows\SYSTEM32\ntdll.dll
0x000007f86a820000 - 0x000007f86a956000 	C:\Windows\system32\KERNEL32.DLL
0x000007f867a60000 - 0x000007f867b53000 	C:\Windows\system32\KERNELBASE.dll
0x000007f8690e0000 - 0x000007f8691be000 	C:\Windows\system32\ADVAPI32.dll
0x000007f868490000 - 0x000007f8685dc000 	C:\Windows\system32\USER32.dll
0x000007f865090000 - 0x000007f8652fa000 	C:\Windows\WinSxS\amd64_microsoft.windows.common-controls_6595b64144ccf1df_6.0.9200.16579_none_418ab7ef718b27ef\COMCTL32.dll
0x000007f868730000 - 0x000007f8687d5000 	C:\Windows\system32\msvcrt.dll
0x000007f868440000 - 0x000007f868488000 	C:\Windows\SYSTEM32\sechost.dll
0x000007f8685e0000 - 0x000007f868725000 	C:\Windows\system32\RPCRT4.dll
0x000007f8687e0000 - 0x000007f868921000 	C:\Windows\system32\GDI32.dll
0x000007f8689b0000 - 0x000007f8689e9000 	C:\Windows\system32\IMM32.DLL
0x000007f867ed0000 - 0x000007f867fe5000 	C:\Windows\system32\MSCTF.dll
0x000000006e000000 - 0x000000006e0d1000 	C:\Users\Ben\Documents\EclipseWorking\jre\bin\msvcr100.dll
0x000000006c960000 - 0x000000006d07f000 	C:\Users\Ben\Documents\EclipseWorking\jre\bin\server\jvm.dll
0x000007f85d160000 - 0x000007f85d169000 	C:\Windows\SYSTEM32\WSOCK32.dll
0x000007f863bd0000 - 0x000007f863bf0000 	C:\Windows\SYSTEM32\WINMM.dll
0x000007f8691c0000 - 0x000007f8691c7000 	C:\Windows\system32\PSAPI.DLL
0x000007f869060000 - 0x000007f8690b8000 	C:\Windows\system32\WS2_32.dll
0x000007f864800000 - 0x000007f864833000 	C:\Windows\SYSTEM32\WINMMBASE.dll
0x000007f86a800000 - 0x000007f86a809000 	C:\Windows\system32\NSI.dll
0x000007f867c70000 - 0x000007f867cbf000 	C:\Windows\SYSTEM32\cfgmgr32.dll
0x000007f867cc0000 - 0x000007f867ce2000 	C:\Windows\system32\DEVOBJ.dll
0x000000006f350000 - 0x000000006f35f000 	C:\Users\Ben\Documents\EclipseWorking\jre\bin\verify.dll
0x000000006f320000 - 0x000000006f348000 	C:\Users\Ben\Documents\EclipseWorking\jre\bin\java.dll
0x000000006f300000 - 0x000000006f315000 	C:\Users\Ben\Documents\EclipseWorking\jre\bin\zip.dll
0x0000000071020000 - 0x00000000710b8000 	C:\Windows\System32\msvcp100.dll
0x000007f84f650000 - 0x000007f84f8bb000 	C:\opencv\build\x64\vc10\bin\opencv_core245.dll
0x000007f85a170000 - 0x000007f85a206000 	C:\Users\Ben\AppData\Local\Temp\javacpp126844243805193\jniopencv_core.dll
0x000007f84d3e0000 - 0x000007f84d68a000 	C:\opencv\build\x64\vc10\bin\opencv_imgproc245.dll
0x000007f85a120000 - 0x000007f85a16b000 	C:\Users\Ben\AppData\Local\Temp\javacpp126844243805193\jniopencv_imgproc.dll
0x0000000066840000 - 0x00000000675ca000 	C:\opencv\build\x64\vc10\bin\opencv_ffmpeg245_64.dll
0x000007f84d190000 - 0x000007f84d3e0000 	C:\opencv\build\x64\vc10\bin\opencv_highgui245.dll
0x000007f86a960000 - 0x000007f86aade000 	C:\Windows\system32\ole32.dll
0x000007f868b40000 - 0x000007f868c03000 	C:\Windows\system32\OLEAUT32.dll
0x000007f864e00000 - 0x000007f864e20000 	C:\Windows\SYSTEM32\AVIFIL32.dll
0x000007f85dd30000 - 0x000007f85dd59000 	C:\Windows\SYSTEM32\MSVFW32.dll
0x000007f864dd0000 - 0x000007f864de7000 	C:\Windows\SYSTEM32\AVICAP32.dll
0x000007f8691d0000 - 0x000007f869380000 	C:\Windows\SYSTEM32\combase.dll
0x000007f85a6d0000 - 0x000007f85a6e9000 	C:\Windows\SYSTEM32\MSACM32.dll
0x000007f869520000 - 0x000007f86a800000 	C:\Windows\system32\SHELL32.dll
0x000007f85d0a0000 - 0x000007f85d0a9000 	C:\Windows\SYSTEM32\VERSION.dll
0x000007f8683f0000 - 0x000007f868440000 	C:\Windows\system32\SHLWAPI.dll
0x000007f863640000 - 0x000007f863653000 	C:\Users\Ben\AppData\Local\Temp\javacpp126844243805193\jniopencv_highgui.dll
0x000007f859b10000 - 0x000007f859c73000 	C:\Windows\SYSTEM32\dbghelp.dll

VM Arguments:
jvm_args: -Dfile.encoding=Cp1252 
java_command: gettingSomewhere.Tester
Launcher Type: SUN_STANDARD

Environment Variables:
PATH=C:/Users/Ben/Documents/1. UNI/2013/SEM1/CSSE2002/eclipse-jee-juno-SR2-win32-x86_64/eclipse/jre/bin/server;C:/Users/Ben/Documents/1. UNI/2013/SEM1/CSSE2002/eclipse-jee-juno-SR2-win32-x86_64/eclipse/jre/bin;C:/Users/Ben/Documents/1. UNI/2013/SEM1/CSSE2002/eclipse-jee-juno-SR2-win32-x86_64/eclipse/jre/lib/amd64;C:\opencv\build\x64\vc10\bin;;C:\Program Files\PrimeSense\NITE\bin64;;C:\Users\Ben\Documents\1. UNI\2013\SEM1\CSSE2002\eclipse-jee-juno-SR2-win32-x86_64\eclipse;
USERNAME=Ben
OS=Windows_NT
PROCESSOR_IDENTIFIER=Intel64 Family 6 Model 58 Stepping 9, GenuineIntel



---------------  S Y S T E M  ---------------

OS: Windows 8 , 64 bit Build 9200 

CPU:total 4 (2 cores per cpu, 2 threads per core) family 6 model 58 stepping 9, cmov, cx8, fxsr, mmx, sse, sse2, sse3, ssse3, sse4.1, sse4.2, popcnt, avx, ht, tsc, tscinvbit, tscinv

Memory: 4k page, physical 8244036k(5165972k free), swap 10298760k(5205036k free)

vm_info: Java HotSpot(TM) 64-Bit Server VM (23.7-b01) for windows-amd64 JRE (1.7.0_17-b02), built on Mar  1 2013 03:38:30 by "java_re" with unknown MS VC++:1600

time: Fri Oct 04 21:25:36 2013
elapsed time: 0 seconds

